  [1m[35m (0.1ms)[0m  [1m[34mSELECT sqlite_version(*)[0m
  ↳ bin/rails:9
  [1m[35m (7.5ms)[0m  [1m[35mCREATE TABLE "schema_migrations" ("version" varchar NOT NULL PRIMARY KEY)[0m
  ↳ bin/rails:9
  [1m[35m (4.1ms)[0m  [1m[35mCREATE TABLE "ar_internal_metadata" ("key" varchar NOT NULL PRIMARY KEY, "value" varchar, "created_at" datetime NOT NULL, "updated_at" datetime NOT NULL)[0m
  ↳ bin/rails:9
  [1m[35m (0.1ms)[0m  [1m[34mSELECT "schema_migrations"."version" FROM "schema_migrations" ORDER BY "schema_migrations"."version" ASC[0m
  ↳ bin/rails:9
Migrating to DeviseCreateCustomers (20210814080303)
  [1m[35m (0.1ms)[0m  [1m[36mbegin transaction[0m
  ↳ bin/rails:9
  [1m[35m (0.3ms)[0m  [1m[35mCREATE TABLE "customers" ("id" integer PRIMARY KEY AUTOINCREMENT NOT NULL, "email" varchar DEFAULT '' NOT NULL, "encrypted_password" varchar DEFAULT '' NOT NULL, "reset_password_token" varchar, "reset_password_sent_at" datetime, "remember_created_at" datetime, "created_at" datetime NOT NULL, "updated_at" datetime NOT NULL)[0m
  ↳ db/migrate/20210814080303_devise_create_customers.rb:5
  [1m[35m (0.2ms)[0m  [1m[35mCREATE UNIQUE INDEX "index_customers_on_email" ON "customers" ("email")[0m
  ↳ db/migrate/20210814080303_devise_create_customers.rb:39
  [1m[35m (0.1ms)[0m  [1m[35mCREATE UNIQUE INDEX "index_customers_on_reset_password_token" ON "customers" ("reset_password_token")[0m
  ↳ db/migrate/20210814080303_devise_create_customers.rb:40
  [1m[36mActiveRecord::SchemaMigration Create (0.1ms)[0m  [1m[32mINSERT INTO "schema_migrations" ("version") VALUES (?)[0m  [["version", "20210814080303"]]
  ↳ bin/rails:9
  [1m[35m (8.8ms)[0m  [1m[36mcommit transaction[0m
  ↳ bin/rails:9
Migrating to DeviseCreateAdmins (20210814080339)
  [1m[35m (0.1ms)[0m  [1m[36mbegin transaction[0m
  ↳ bin/rails:9
  [1m[35m (0.3ms)[0m  [1m[35mCREATE TABLE "admins" ("id" integer PRIMARY KEY AUTOINCREMENT NOT NULL, "email" varchar DEFAULT '' NOT NULL, "encrypted_password" varchar DEFAULT '' NOT NULL, "reset_password_token" varchar, "reset_password_sent_at" datetime, "remember_created_at" datetime, "created_at" datetime NOT NULL, "updated_at" datetime NOT NULL)[0m
  ↳ db/migrate/20210814080339_devise_create_admins.rb:5
  [1m[35m (0.2ms)[0m  [1m[35mCREATE UNIQUE INDEX "index_admins_on_email" ON "admins" ("email")[0m
  ↳ db/migrate/20210814080339_devise_create_admins.rb:39
  [1m[35m (0.1ms)[0m  [1m[35mCREATE UNIQUE INDEX "index_admins_on_reset_password_token" ON "admins" ("reset_password_token")[0m
  ↳ db/migrate/20210814080339_devise_create_admins.rb:40
  [1m[36mActiveRecord::SchemaMigration Create (0.1ms)[0m  [1m[32mINSERT INTO "schema_migrations" ("version") VALUES (?)[0m  [["version", "20210814080339"]]
  ↳ bin/rails:9
  [1m[35m (4.2ms)[0m  [1m[36mcommit transaction[0m
  ↳ bin/rails:9
Migrating to CreateItems (20210814080403)
  [1m[35m (0.0ms)[0m  [1m[36mbegin transaction[0m
  ↳ bin/rails:9
  [1m[35m (0.2ms)[0m  [1m[35mCREATE TABLE "items" ("id" integer PRIMARY KEY AUTOINCREMENT NOT NULL, "genre_id" integer, "price" integer, "name" varchar, "image_id" varchar, "explanation" text, "created_at" datetime NOT NULL, "updated_at" datetime NOT NULL)[0m
  ↳ db/migrate/20210814080403_create_items.rb:3
  [1m[36mActiveRecord::SchemaMigration Create (0.1ms)[0m  [1m[32mINSERT INTO "schema_migrations" ("version") VALUES (?)[0m  [["version", "20210814080403"]]
  ↳ bin/rails:9
  [1m[35m (3.2ms)[0m  [1m[36mcommit transaction[0m
  ↳ bin/rails:9
Migrating to CreateGenres (20210814080409)
  [1m[35m (0.0ms)[0m  [1m[36mbegin transaction[0m
  ↳ bin/rails:9
  [1m[35m (0.2ms)[0m  [1m[35mCREATE TABLE "genres" ("id" integer PRIMARY KEY AUTOINCREMENT NOT NULL, "name" varchar, "created_at" datetime NOT NULL, "updated_at" datetime NOT NULL)[0m
  ↳ db/migrate/20210814080409_create_genres.rb:3
  [1m[36mActiveRecord::SchemaMigration Create (0.1ms)[0m  [1m[32mINSERT INTO "schema_migrations" ("version") VALUES (?)[0m  [["version", "20210814080409"]]
  ↳ bin/rails:9
  [1m[35m (3.2ms)[0m  [1m[36mcommit transaction[0m
  ↳ bin/rails:9
Migrating to CreateCartItems (20210814080415)
  [1m[35m (0.0ms)[0m  [1m[36mbegin transaction[0m
  ↳ bin/rails:9
  [1m[35m (0.2ms)[0m  [1m[35mCREATE TABLE "cart_items" ("id" integer PRIMARY KEY AUTOINCREMENT NOT NULL, "item_id" integer, "user_id" integer, "quantity" integer, "created_at" datetime NOT NULL, "updated_at" datetime NOT NULL)[0m
  ↳ db/migrate/20210814080415_create_cart_items.rb:3
  [1m[36mActiveRecord::SchemaMigration Create (0.1ms)[0m  [1m[32mINSERT INTO "schema_migrations" ("version") VALUES (?)[0m  [["version", "20210814080415"]]
  ↳ bin/rails:9
  [1m[35m (3.3ms)[0m  [1m[36mcommit transaction[0m
  ↳ bin/rails:9
Migrating to CreateOrders (20210814080421)
  [1m[35m (0.0ms)[0m  [1m[36mbegin transaction[0m
  ↳ bin/rails:9
  [1m[35m (0.3ms)[0m  [1m[35mCREATE TABLE "orders" ("id" integer PRIMARY KEY AUTOINCREMENT NOT NULL, "user_id" integer, "payment" integer, "shipment_charge" integer, "postal_code" varchar, "delivery_address" varchar, "delivery_name" varchar, "total_price" integer, "order_status" integer, "created_at" datetime NOT NULL, "updated_at" datetime NOT NULL)[0m
  ↳ db/migrate/20210814080421_create_orders.rb:3
  [1m[36mActiveRecord::SchemaMigration Create (0.1ms)[0m  [1m[32mINSERT INTO "schema_migrations" ("version") VALUES (?)[0m  [["version", "20210814080421"]]
  ↳ bin/rails:9
  [1m[35m (3.2ms)[0m  [1m[36mcommit transaction[0m
  ↳ bin/rails:9
Migrating to CreateDeliveryAddresses (20210814080513)
  [1m[35m (0.0ms)[0m  [1m[36mbegin transaction[0m
  ↳ bin/rails:9
  [1m[35m (0.2ms)[0m  [1m[35mCREATE TABLE "delivery_addresses" ("id" integer PRIMARY KEY AUTOINCREMENT NOT NULL, "user_id" integer, "address" varchar, "postal_code" varchar, "Delivery_Addresses" varchar, "name" varchar, "created_at" datetime NOT NULL, "updated_at" datetime NOT NULL)[0m
  ↳ db/migrate/20210814080513_create_delivery_addresses.rb:3
  [1m[36mActiveRecord::SchemaMigration Create (0.1ms)[0m  [1m[32mINSERT INTO "schema_migrations" ("version") VALUES (?)[0m  [["version", "20210814080513"]]
  ↳ bin/rails:9
  [1m[35m (6.2ms)[0m  [1m[36mcommit transaction[0m
  ↳ bin/rails:9
Migrating to CreateOrderDetails (20210814080524)
  [1m[35m (0.0ms)[0m  [1m[36mbegin transaction[0m
  ↳ bin/rails:9
  [1m[35m (0.2ms)[0m  [1m[35mCREATE TABLE "order_details" ("id" integer PRIMARY KEY AUTOINCREMENT NOT NULL, "item_id" integer, "order_id" integer, "quantity" integer, "item_with_tax" integer, "production_status" integer, "created_at" datetime NOT NULL, "updated_at" datetime NOT NULL)[0m
  ↳ db/migrate/20210814080524_create_order_details.rb:3
  [1m[36mActiveRecord::SchemaMigration Create (0.1ms)[0m  [1m[32mINSERT INTO "schema_migrations" ("version") VALUES (?)[0m  [["version", "20210814080524"]]
  ↳ bin/rails:9
  [1m[35m (6.6ms)[0m  [1m[36mcommit transaction[0m
  ↳ bin/rails:9
  [1m[36mActiveRecord::InternalMetadata Load (0.1ms)[0m  [1m[34mSELECT  "ar_internal_metadata".* FROM "ar_internal_metadata" WHERE "ar_internal_metadata"."key" = ? LIMIT ?[0m  [["key", "environment"], ["LIMIT", 1]]
  ↳ bin/rails:9
  [1m[35m (0.0ms)[0m  [1m[36mbegin transaction[0m
  ↳ bin/rails:9
  [1m[36mActiveRecord::InternalMetadata Create (8.0ms)[0m  [1m[32mINSERT INTO "ar_internal_metadata" ("key", "value", "created_at", "updated_at") VALUES (?, ?, ?, ?)[0m  [["key", "environment"], ["value", "development"], ["created_at", "2021-08-14 09:04:24.373727"], ["updated_at", "2021-08-14 09:04:24.373727"]]
  ↳ bin/rails:9
  [1m[35m (4.2ms)[0m  [1m[36mcommit transaction[0m
  ↳ bin/rails:9
  [1m[35m (0.1ms)[0m  [1m[34mSELECT "schema_migrations"."version" FROM "schema_migrations" ORDER BY "schema_migrations"."version" ASC[0m
  ↳ bin/rails:9
Started GET "/" for 60.56.201.135 at 2021-08-14 09:09:55 +0000
Cannot render console from 60.56.201.135! Allowed networks: 127.0.0.1, ::1, 127.0.0.0/127.255.255.255
  [1m[35m (0.1ms)[0m  [1m[34mSELECT "schema_migrations"."version" FROM "schema_migrations" ORDER BY "schema_migrations"."version" ASC[0m
  ↳ /home/ec2-user/.rvm/gems/ruby-2.6.3/gems/activerecord-5.2.6/lib/active_record/log_subscriber.rb:98
  
ActionController::RoutingError (uninitialized constant Public::HomesController):
  
activesupport (5.2.6) lib/active_support/inflector/methods.rb:298:in `const_get'
activesupport (5.2.6) lib/active_support/inflector/methods.rb:298:in `block in constantize'
activesupport (5.2.6) lib/active_support/inflector/methods.rb:281:in `each'
activesupport (5.2.6) lib/active_support/inflector/methods.rb:281:in `inject'
activesupport (5.2.6) lib/active_support/inflector/methods.rb:281:in `constantize'
actionpack (5.2.6) lib/action_dispatch/http/request.rb:88:in `controller_class_for'
actionpack (5.2.6) lib/action_dispatch/http/request.rb:81:in `controller_class'
actionpack (5.2.6) lib/action_dispatch/routing/route_set.rb:46:in `controller'
actionpack (5.2.6) lib/action_dispatch/routing/route_set.rb:32:in `serve'
actionpack (5.2.6) lib/action_dispatch/journey/router.rb:52:in `block in serve'
actionpack (5.2.6) lib/action_dispatch/journey/router.rb:35:in `each'
actionpack (5.2.6) lib/action_dispatch/journey/router.rb:35:in `serve'
actionpack (5.2.6) lib/action_dispatch/routing/route_set.rb:840:in `call'
warden (1.2.9) lib/warden/manager.rb:36:in `block in call'
warden (1.2.9) lib/warden/manager.rb:34:in `catch'
warden (1.2.9) lib/warden/manager.rb:34:in `call'
rack (2.2.3) lib/rack/tempfile_reaper.rb:15:in `call'
rack (2.2.3) lib/rack/etag.rb:27:in `call'
rack (2.2.3) lib/rack/conditional_get.rb:27:in `call'
rack (2.2.3) lib/rack/head.rb:12:in `call'
actionpack (5.2.6) lib/action_dispatch/http/content_security_policy.rb:18:in `call'
rack (2.2.3) lib/rack/session/abstract/id.rb:266:in `context'
rack (2.2.3) lib/rack/session/abstract/id.rb:260:in `call'
actionpack (5.2.6) lib/action_dispatch/middleware/cookies.rb:670:in `call'
activerecord (5.2.6) lib/active_record/migration.rb:559:in `call'
actionpack (5.2.6) lib/action_dispatch/middleware/callbacks.rb:28:in `block in call'
activesupport (5.2.6) lib/active_support/callbacks.rb:98:in `run_callbacks'
actionpack (5.2.6) lib/action_dispatch/middleware/callbacks.rb:26:in `call'
actionpack (5.2.6) lib/action_dispatch/middleware/executor.rb:14:in `call'
actionpack (5.2.6) lib/action_dispatch/middleware/debug_exceptions.rb:61:in `call'
web-console (3.7.0) lib/web_console/middleware.rb:135:in `call_app'
web-console (3.7.0) lib/web_console/middleware.rb:22:in `block in call'
web-console (3.7.0) lib/web_console/middleware.rb:20:in `catch'
web-console (3.7.0) lib/web_console/middleware.rb:20:in `call'
actionpack (5.2.6) lib/action_dispatch/middleware/show_exceptions.rb:33:in `call'
railties (5.2.6) lib/rails/rack/logger.rb:38:in `call_app'
railties (5.2.6) lib/rails/rack/logger.rb:26:in `block in call'
activesupport (5.2.6) lib/active_support/tagged_logging.rb:71:in `block in tagged'
activesupport (5.2.6) lib/active_support/tagged_logging.rb:28:in `tagged'
activesupport (5.2.6) lib/active_support/tagged_logging.rb:71:in `tagged'
railties (5.2.6) lib/rails/rack/logger.rb:26:in `call'
sprockets-rails (3.2.2) lib/sprockets/rails/quiet_assets.rb:13:in `call'
actionpack (5.2.6) lib/action_dispatch/middleware/remote_ip.rb:81:in `call'
actionpack (5.2.6) lib/action_dispatch/middleware/request_id.rb:27:in `call'
rack (2.2.3) lib/rack/method_override.rb:24:in `call'
rack (2.2.3) lib/rack/runtime.rb:22:in `call'
activesupport (5.2.6) lib/active_support/cache/strategy/local_cache_middleware.rb:29:in `call'
actionpack (5.2.6) lib/action_dispatch/middleware/executor.rb:14:in `call'
actionpack (5.2.6) lib/action_dispatch/middleware/static.rb:127:in `call'
rack (2.2.3) lib/rack/sendfile.rb:110:in `call'
railties (5.2.6) lib/rails/engine.rb:524:in `call'
puma (3.12.6) lib/puma/configuration.rb:227:in `call'
puma (3.12.6) lib/puma/server.rb:706:in `handle_request'
puma (3.12.6) lib/puma/server.rb:476:in `process_client'
puma (3.12.6) lib/puma/server.rb:334:in `block in run'
puma (3.12.6) lib/puma/thread_pool.rb:135:in `block in spawn_thread'
Started GET "/" for 60.56.201.135 at 2021-08-14 09:09:59 +0000
Cannot render console from 60.56.201.135! Allowed networks: 127.0.0.1, ::1, 127.0.0.0/127.255.255.255
  
ActionController::RoutingError (uninitialized constant Public::HomesController):
  
activesupport (5.2.6) lib/active_support/inflector/methods.rb:298:in `const_get'
activesupport (5.2.6) lib/active_support/inflector/methods.rb:298:in `block in constantize'
activesupport (5.2.6) lib/active_support/inflector/methods.rb:281:in `each'
activesupport (5.2.6) lib/active_support/inflector/methods.rb:281:in `inject'
activesupport (5.2.6) lib/active_support/inflector/methods.rb:281:in `constantize'
actionpack (5.2.6) lib/action_dispatch/http/request.rb:88:in `controller_class_for'
actionpack (5.2.6) lib/action_dispatch/http/request.rb:81:in `controller_class'
actionpack (5.2.6) lib/action_dispatch/routing/route_set.rb:46:in `controller'
actionpack (5.2.6) lib/action_dispatch/routing/route_set.rb:32:in `serve'
actionpack (5.2.6) lib/action_dispatch/journey/router.rb:52:in `block in serve'
actionpack (5.2.6) lib/action_dispatch/journey/router.rb:35:in `each'
actionpack (5.2.6) lib/action_dispatch/journey/router.rb:35:in `serve'
actionpack (5.2.6) lib/action_dispatch/routing/route_set.rb:840:in `call'
warden (1.2.9) lib/warden/manager.rb:36:in `block in call'
warden (1.2.9) lib/warden/manager.rb:34:in `catch'
warden (1.2.9) lib/warden/manager.rb:34:in `call'
rack (2.2.3) lib/rack/tempfile_reaper.rb:15:in `call'
rack (2.2.3) lib/rack/etag.rb:27:in `call'
rack (2.2.3) lib/rack/conditional_get.rb:27:in `call'
rack (2.2.3) lib/rack/head.rb:12:in `call'
actionpack (5.2.6) lib/action_dispatch/http/content_security_policy.rb:18:in `call'
rack (2.2.3) lib/rack/session/abstract/id.rb:266:in `context'
rack (2.2.3) lib/rack/session/abstract/id.rb:260:in `call'
actionpack (5.2.6) lib/action_dispatch/middleware/cookies.rb:670:in `call'
activerecord (5.2.6) lib/active_record/migration.rb:559:in `call'
actionpack (5.2.6) lib/action_dispatch/middleware/callbacks.rb:28:in `block in call'
activesupport (5.2.6) lib/active_support/callbacks.rb:98:in `run_callbacks'
actionpack (5.2.6) lib/action_dispatch/middleware/callbacks.rb:26:in `call'
actionpack (5.2.6) lib/action_dispatch/middleware/executor.rb:14:in `call'
actionpack (5.2.6) lib/action_dispatch/middleware/debug_exceptions.rb:61:in `call'
web-console (3.7.0) lib/web_console/middleware.rb:135:in `call_app'
web-console (3.7.0) lib/web_console/middleware.rb:22:in `block in call'
web-console (3.7.0) lib/web_console/middleware.rb:20:in `catch'
web-console (3.7.0) lib/web_console/middleware.rb:20:in `call'
actionpack (5.2.6) lib/action_dispatch/middleware/show_exceptions.rb:33:in `call'
railties (5.2.6) lib/rails/rack/logger.rb:38:in `call_app'
railties (5.2.6) lib/rails/rack/logger.rb:26:in `block in call'
activesupport (5.2.6) lib/active_support/tagged_logging.rb:71:in `block in tagged'
activesupport (5.2.6) lib/active_support/tagged_logging.rb:28:in `tagged'
activesupport (5.2.6) lib/active_support/tagged_logging.rb:71:in `tagged'
railties (5.2.6) lib/rails/rack/logger.rb:26:in `call'
sprockets-rails (3.2.2) lib/sprockets/rails/quiet_assets.rb:13:in `call'
actionpack (5.2.6) lib/action_dispatch/middleware/remote_ip.rb:81:in `call'
actionpack (5.2.6) lib/action_dispatch/middleware/request_id.rb:27:in `call'
rack (2.2.3) lib/rack/method_override.rb:24:in `call'
rack (2.2.3) lib/rack/runtime.rb:22:in `call'
activesupport (5.2.6) lib/active_support/cache/strategy/local_cache_middleware.rb:29:in `call'
actionpack (5.2.6) lib/action_dispatch/middleware/executor.rb:14:in `call'
actionpack (5.2.6) lib/action_dispatch/middleware/static.rb:127:in `call'
rack (2.2.3) lib/rack/sendfile.rb:110:in `call'
railties (5.2.6) lib/rails/engine.rb:524:in `call'
puma (3.12.6) lib/puma/configuration.rb:227:in `call'
puma (3.12.6) lib/puma/server.rb:706:in `handle_request'
puma (3.12.6) lib/puma/server.rb:476:in `process_client'
puma (3.12.6) lib/puma/server.rb:334:in `block in run'
puma (3.12.6) lib/puma/thread_pool.rb:135:in `block in spawn_thread'
Started GET "/" for 60.56.201.135 at 2021-08-14 09:11:00 +0000
Cannot render console from 60.56.201.135! Allowed networks: 127.0.0.1, ::1, 127.0.0.0/127.255.255.255
  
ActionController::RoutingError (uninitialized constant Public::HomesController):
  
activesupport (5.2.6) lib/active_support/inflector/methods.rb:298:in `const_get'
activesupport (5.2.6) lib/active_support/inflector/methods.rb:298:in `block in constantize'
activesupport (5.2.6) lib/active_support/inflector/methods.rb:281:in `each'
activesupport (5.2.6) lib/active_support/inflector/methods.rb:281:in `inject'
activesupport (5.2.6) lib/active_support/inflector/methods.rb:281:in `constantize'
actionpack (5.2.6) lib/action_dispatch/http/request.rb:88:in `controller_class_for'
actionpack (5.2.6) lib/action_dispatch/http/request.rb:81:in `controller_class'
actionpack (5.2.6) lib/action_dispatch/routing/route_set.rb:46:in `controller'
actionpack (5.2.6) lib/action_dispatch/routing/route_set.rb:32:in `serve'
actionpack (5.2.6) lib/action_dispatch/journey/router.rb:52:in `block in serve'
actionpack (5.2.6) lib/action_dispatch/journey/router.rb:35:in `each'
actionpack (5.2.6) lib/action_dispatch/journey/router.rb:35:in `serve'
actionpack (5.2.6) lib/action_dispatch/routing/route_set.rb:840:in `call'
warden (1.2.9) lib/warden/manager.rb:36:in `block in call'
warden (1.2.9) lib/warden/manager.rb:34:in `catch'
warden (1.2.9) lib/warden/manager.rb:34:in `call'
rack (2.2.3) lib/rack/tempfile_reaper.rb:15:in `call'
rack (2.2.3) lib/rack/etag.rb:27:in `call'
rack (2.2.3) lib/rack/conditional_get.rb:27:in `call'
rack (2.2.3) lib/rack/head.rb:12:in `call'
actionpack (5.2.6) lib/action_dispatch/http/content_security_policy.rb:18:in `call'
rack (2.2.3) lib/rack/session/abstract/id.rb:266:in `context'
rack (2.2.3) lib/rack/session/abstract/id.rb:260:in `call'
actionpack (5.2.6) lib/action_dispatch/middleware/cookies.rb:670:in `call'
activerecord (5.2.6) lib/active_record/migration.rb:559:in `call'
actionpack (5.2.6) lib/action_dispatch/middleware/callbacks.rb:28:in `block in call'
activesupport (5.2.6) lib/active_support/callbacks.rb:98:in `run_callbacks'
actionpack (5.2.6) lib/action_dispatch/middleware/callbacks.rb:26:in `call'
actionpack (5.2.6) lib/action_dispatch/middleware/executor.rb:14:in `call'
actionpack (5.2.6) lib/action_dispatch/middleware/debug_exceptions.rb:61:in `call'
web-console (3.7.0) lib/web_console/middleware.rb:135:in `call_app'
web-console (3.7.0) lib/web_console/middleware.rb:22:in `block in call'
web-console (3.7.0) lib/web_console/middleware.rb:20:in `catch'
web-console (3.7.0) lib/web_console/middleware.rb:20:in `call'
actionpack (5.2.6) lib/action_dispatch/middleware/show_exceptions.rb:33:in `call'
railties (5.2.6) lib/rails/rack/logger.rb:38:in `call_app'
railties (5.2.6) lib/rails/rack/logger.rb:26:in `block in call'
activesupport (5.2.6) lib/active_support/tagged_logging.rb:71:in `block in tagged'
activesupport (5.2.6) lib/active_support/tagged_logging.rb:28:in `tagged'
activesupport (5.2.6) lib/active_support/tagged_logging.rb:71:in `tagged'
railties (5.2.6) lib/rails/rack/logger.rb:26:in `call'
sprockets-rails (3.2.2) lib/sprockets/rails/quiet_assets.rb:13:in `call'
actionpack (5.2.6) lib/action_dispatch/middleware/remote_ip.rb:81:in `call'
actionpack (5.2.6) lib/action_dispatch/middleware/request_id.rb:27:in `call'
rack (2.2.3) lib/rack/method_override.rb:24:in `call'
rack (2.2.3) lib/rack/runtime.rb:22:in `call'
activesupport (5.2.6) lib/active_support/cache/strategy/local_cache_middleware.rb:29:in `call'
actionpack (5.2.6) lib/action_dispatch/middleware/executor.rb:14:in `call'
actionpack (5.2.6) lib/action_dispatch/middleware/static.rb:127:in `call'
rack (2.2.3) lib/rack/sendfile.rb:110:in `call'
railties (5.2.6) lib/rails/engine.rb:524:in `call'
puma (3.12.6) lib/puma/configuration.rb:227:in `call'
puma (3.12.6) lib/puma/server.rb:706:in `handle_request'
puma (3.12.6) lib/puma/server.rb:476:in `process_client'
puma (3.12.6) lib/puma/server.rb:334:in `block in run'
puma (3.12.6) lib/puma/thread_pool.rb:135:in `block in spawn_thread'
Started GET "/" for 60.56.201.135 at 2021-08-14 09:12:11 +0000
Cannot render console from 60.56.201.135! Allowed networks: 127.0.0.1, ::1, 127.0.0.0/127.255.255.255
Processing by HomesController#top as HTML
  Rendering homes/top.html.erb within layouts/application
  Rendered homes/top.html.erb within layouts/application (0.3ms)
Completed 200 OK in 10706ms (Views: 10705.2ms | ActiveRecord: 0.0ms)


Started GET "/" for 60.56.201.135 at 2021-08-14 09:12:25 +0000
Cannot render console from 60.56.201.135! Allowed networks: 127.0.0.1, ::1, 127.0.0.0/127.255.255.255
Processing by HomesController#top as HTML
  Rendering homes/top.html.erb within layouts/application
  Rendered homes/top.html.erb within layouts/application (0.4ms)
Completed 200 OK in 65ms (Views: 64.0ms | ActiveRecord: 0.0ms)


Started GET "/" for 60.56.201.135 at 2021-08-14 12:34:16 +0000
Cannot render console from 60.56.201.135! Allowed networks: 127.0.0.1, ::1, 127.0.0.0/127.255.255.255
  [1m[35m (0.2ms)[0m  [1m[34mSELECT "schema_migrations"."version" FROM "schema_migrations" ORDER BY "schema_migrations"."version" ASC[0m
  ↳ /home/ec2-user/.rvm/gems/ruby-2.6.3/gems/activerecord-5.2.6/lib/active_record/log_subscriber.rb:98
Processing by HomesController#top as HTML
  Rendering homes/top.html.erb within layouts/application
  Rendered homes/top.html.erb within layouts/application (1.1ms)
Completed 200 OK in 371ms (Views: 364.6ms | ActiveRecord: 0.0ms)


Started GET "/" for 60.56.201.135 at 2021-08-14 12:34:17 +0000
Cannot render console from 60.56.201.135! Allowed networks: 127.0.0.1, ::1, 127.0.0.0/127.255.255.255
Processing by HomesController#top as HTML
  Rendering homes/top.html.erb within layouts/application
  Rendered homes/top.html.erb within layouts/application (0.3ms)
Completed 200 OK in 115ms (Views: 113.4ms | ActiveRecord: 0.0ms)


Started GET "/" for 60.56.201.135 at 2021-08-14 12:34:21 +0000
Cannot render console from 60.56.201.135! Allowed networks: 127.0.0.1, ::1, 127.0.0.0/127.255.255.255
Processing by HomesController#top as HTML
  Rendering homes/top.html.erb within layouts/application
  Rendered homes/top.html.erb within layouts/application (0.3ms)
Completed 200 OK in 53ms (Views: 52.2ms | ActiveRecord: 0.0ms)


Started GET "/" for 60.56.201.135 at 2021-08-14 12:35:30 +0000
Cannot render console from 60.56.201.135! Allowed networks: 127.0.0.1, ::1, 127.0.0.0/127.255.255.255
Processing by HomesController#top as HTML
  Rendering homes/top.html.erb within layouts/application
  Rendered homes/top.html.erb within layouts/application (0.3ms)
Completed 200 OK in 58ms (Views: 57.3ms | ActiveRecord: 0.0ms)


Started GET "/" for 60.56.201.135 at 2021-08-14 12:39:11 +0000
Cannot render console from 60.56.201.135! Allowed networks: 127.0.0.1, ::1, 127.0.0.0/127.255.255.255
Processing by HomesController#top as HTML
  Rendering homes/top.html.erb within layouts/application
  Rendered homes/top.html.erb within layouts/application (0.3ms)
Completed 200 OK in 64ms (Views: 63.1ms | ActiveRecord: 0.0ms)


Started GET "/" for 60.56.201.135 at 2021-08-14 12:41:14 +0000
Cannot render console from 60.56.201.135! Allowed networks: 127.0.0.1, ::1, 127.0.0.0/127.255.255.255
Processing by HomesController#top as HTML
  Rendering homes/top.html.erb within layouts/application
  Rendered homes/top.html.erb within layouts/application (0.3ms)
  Rendered layouts/_header.html.erb (0.5ms)
Completed 200 OK in 73ms (Views: 72.1ms | ActiveRecord: 0.0ms)


Started GET "/" for 60.56.201.135 at 2021-08-14 12:41:16 +0000
Cannot render console from 60.56.201.135! Allowed networks: 127.0.0.1, ::1, 127.0.0.0/127.255.255.255
Processing by HomesController#top as HTML
  Rendering homes/top.html.erb within layouts/application
  Rendered homes/top.html.erb within layouts/application (0.3ms)
  Rendered layouts/_header.html.erb (0.5ms)
Completed 200 OK in 52ms (Views: 51.2ms | ActiveRecord: 0.0ms)


Started GET "/" for 60.56.201.135 at 2021-08-14 13:23:18 +0000
Cannot render console from 60.56.201.135! Allowed networks: 127.0.0.1, ::1, 127.0.0.0/127.255.255.255
Processing by HomesController#top as HTML
  Rendering homes/top.html.erb within layouts/application
  Rendered homes/top.html.erb within layouts/application (0.3ms)
  Rendered layouts/_header.html.erb (387.8ms)
Completed 500 Internal Server Error in 453ms (ActiveRecord: 0.0ms)


  
ActionView::Template::Error (undefined method `user_signed_in?' for #<#<Class:0x00007f56104c5168>:0x00007f561179a3d8>
Did you mean?  customer_signed_in?):
    1: <header>
    2:     <h1><%= link_to "LOGO", root_path %></h1>
    3:         <% if user_signed_in? %>
    4:           <li><%= link_to 'マイページ', customer_path(current_user) %></li>
    5:           <li><%= link_to '商品一覧', items_path %></li>
    6:           <li><%= link_to 'カート', cart_items_path %></li>
  
app/views/layouts/_header.html.erb:3:in `_app_views_layouts__header_html_erb___3728531962151905588_70003873448320'
app/views/layouts/application.html.erb:13:in `_app_views_layouts_application_html_erb__3988799890234781583_70003818556120'
Started GET "/" for 60.56.201.135 at 2021-08-14 13:23:49 +0000
Cannot render console from 60.56.201.135! Allowed networks: 127.0.0.1, ::1, 127.0.0.0/127.255.255.255
Processing by HomesController#top as HTML
  Rendering homes/top.html.erb within layouts/application
  Rendered homes/top.html.erb within layouts/application (1.0ms)
  Rendered layouts/_header.html.erb (3.3ms)
Completed 200 OK in 86ms (Views: 85.7ms | ActiveRecord: 0.0ms)


Started GET "/about" for 60.56.201.135 at 2021-08-14 13:23:53 +0000
Cannot render console from 60.56.201.135! Allowed networks: 127.0.0.1, ::1, 127.0.0.0/127.255.255.255
Processing by HomesController#about as HTML
  Rendering homes/about.html.erb within layouts/application
  Rendered homes/about.html.erb within layouts/application (0.3ms)
  Rendered layouts/_header.html.erb (1.5ms)
Completed 200 OK in 83ms (Views: 82.3ms | ActiveRecord: 0.0ms)


Started GET "/about" for 60.56.201.135 at 2021-08-14 13:23:55 +0000
Cannot render console from 60.56.201.135! Allowed networks: 127.0.0.1, ::1, 127.0.0.0/127.255.255.255
Processing by HomesController#about as HTML
  Rendering homes/about.html.erb within layouts/application
  Rendered homes/about.html.erb within layouts/application (1.0ms)
  Rendered layouts/_header.html.erb (1.0ms)
Completed 200 OK in 93ms (Views: 91.7ms | ActiveRecord: 0.0ms)


Started GET "/about" for 60.56.201.135 at 2021-08-14 13:23:58 +0000
Cannot render console from 60.56.201.135! Allowed networks: 127.0.0.1, ::1, 127.0.0.0/127.255.255.255
Processing by HomesController#about as HTML
  Rendering homes/about.html.erb within layouts/application
  Rendered homes/about.html.erb within layouts/application (0.3ms)
  Rendered layouts/_header.html.erb (0.9ms)
Completed 200 OK in 59ms (Views: 57.8ms | ActiveRecord: 0.0ms)


Started GET "/about" for 60.56.201.135 at 2021-08-14 13:24:00 +0000
Cannot render console from 60.56.201.135! Allowed networks: 127.0.0.1, ::1, 127.0.0.0/127.255.255.255
Processing by HomesController#about as HTML
  Rendering homes/about.html.erb within layouts/application
  Rendered homes/about.html.erb within layouts/application (1.0ms)
  Rendered layouts/_header.html.erb (1.0ms)
Completed 200 OK in 53ms (Views: 51.0ms | ActiveRecord: 0.0ms)


Started GET "/about" for 60.56.201.135 at 2021-08-14 13:26:28 +0000
Cannot render console from 60.56.201.135! Allowed networks: 127.0.0.1, ::1, 127.0.0.0/127.255.255.255
Processing by HomesController#about as HTML
  Rendering homes/about.html.erb within layouts/application
  Rendered homes/about.html.erb within layouts/application (0.3ms)
  Rendered layouts/_header.html.erb (1.0ms)
Completed 200 OK in 63ms (Views: 61.7ms | ActiveRecord: 0.0ms)


Started GET "/about" for 60.56.201.135 at 2021-08-14 13:26:30 +0000
Cannot render console from 60.56.201.135! Allowed networks: 127.0.0.1, ::1, 127.0.0.0/127.255.255.255
Processing by HomesController#about as HTML
  Rendering homes/about.html.erb within layouts/application
  Rendered homes/about.html.erb within layouts/application (0.3ms)
  Rendered layouts/_header.html.erb (0.9ms)
Completed 200 OK in 52ms (Views: 51.5ms | ActiveRecord: 0.0ms)


Started GET "/about" for 60.56.201.135 at 2021-08-14 13:26:53 +0000
Cannot render console from 60.56.201.135! Allowed networks: 127.0.0.1, ::1, 127.0.0.0/127.255.255.255
  [1m[35m (0.1ms)[0m  [1m[34mSELECT "schema_migrations"."version" FROM "schema_migrations" ORDER BY "schema_migrations"."version" ASC[0m
  ↳ /home/ec2-user/.rvm/gems/ruby-2.6.3/gems/activerecord-5.2.6/lib/active_record/log_subscriber.rb:98
Processing by HomesController#about as HTML
  Rendering homes/about.html.erb within layouts/application
  Rendered homes/about.html.erb within layouts/application (1.1ms)
  Rendered layouts/_header.html.erb (9.2ms)
Completed 200 OK in 294ms (Views: 288.6ms | ActiveRecord: 0.0ms)


Started GET "/about" for 60.56.201.135 at 2021-08-14 13:26:55 +0000
Cannot render console from 60.56.201.135! Allowed networks: 127.0.0.1, ::1, 127.0.0.0/127.255.255.255
Processing by HomesController#about as HTML
  Rendering homes/about.html.erb within layouts/application
  Rendered homes/about.html.erb within layouts/application (0.3ms)
  Rendered layouts/_header.html.erb (1.1ms)
Completed 200 OK in 85ms (Views: 84.5ms | ActiveRecord: 0.0ms)


Started GET "/customers/sign_up" for 60.56.201.135 at 2021-08-14 13:40:32 +0000
Cannot render console from 60.56.201.135! Allowed networks: 127.0.0.1, ::1, 127.0.0.0/127.255.255.255
Processing by Customers::RegistrationsController#new as HTML
  Rendering customers/registrations/new.html.erb within layouts/application
  Rendered customers/shared/_error_messages.html.erb (0.5ms)
  Rendered customers/shared/_links.html.erb (1.0ms)
  Rendered customers/registrations/new.html.erb within layouts/application (54.0ms)
  Rendered layouts/_header.html.erb (462.2ms)
Completed 500 Internal Server Error in 589ms (ActiveRecord: 4.4ms)


  
ActionView::Template::Error (undefined method `user_signed_in?' for #<#<Class:0x00007ff2591dc6c8>:0x00007ff2591e4120>
Did you mean?  customer_signed_in?):
    18:           <li><%= link_to 'ログイン', new_customer_session_path %>
    19:         <% end %>
    20:         
    21:               <% if user_signed_in? %>
    22:         <li>ユーザー</li>
    23:         <li><%= link_to "ログアウト", destroy_user_session_path, method: :delete %></li>
    24:       <% elsif admin_signed_in? %>
  
app/views/layouts/_header.html.erb:21:in `_app_views_layouts__header_html_erb__198065510489433242_70339429988060'
app/views/layouts/application.html.erb:13:in `_app_views_layouts_application_html_erb__1717193821311522205_70339427097580'
Started GET "/customers/sign_up" for 60.56.201.135 at 2021-08-14 13:52:41 +0000
Cannot render console from 60.56.201.135! Allowed networks: 127.0.0.1, ::1, 127.0.0.0/127.255.255.255
Processing by Customers::RegistrationsController#new as HTML
  Rendering customers/registrations/new.html.erb within layouts/application
  Rendered customers/shared/_error_messages.html.erb (0.4ms)
  Rendered customers/shared/_links.html.erb (0.8ms)
  Rendered customers/registrations/new.html.erb within layouts/application (6.0ms)
  Rendered layouts/_header.html.erb (1.2ms)
Completed 200 OK in 60ms (Views: 59.5ms | ActiveRecord: 0.0ms)


Started GET "/" for 60.56.201.135 at 2021-08-14 13:52:45 +0000
Cannot render console from 60.56.201.135! Allowed networks: 127.0.0.1, ::1, 127.0.0.0/127.255.255.255
Processing by HomesController#top as HTML
  Rendering homes/top.html.erb within layouts/application
  Rendered homes/top.html.erb within layouts/application (0.3ms)
  Rendered layouts/_header.html.erb (1.3ms)
Completed 200 OK in 72ms (Views: 70.9ms | ActiveRecord: 0.0ms)


Started GET "/" for 60.56.201.135 at 2021-08-14 13:58:54 +0000
Cannot render console from 60.56.201.135! Allowed networks: 127.0.0.1, ::1, 127.0.0.0/127.255.255.255
Processing by HomesController#top as HTML
  Rendering homes/top.html.erb within layouts/application
  Rendered homes/top.html.erb within layouts/application (0.3ms)
  Rendered layouts/_header.html.erb (1.3ms)
Completed 200 OK in 55ms (Views: 53.8ms | ActiveRecord: 0.0ms)


Started GET "/" for 60.56.201.135 at 2021-08-14 14:00:30 +0000
Cannot render console from 60.56.201.135! Allowed networks: 127.0.0.1, ::1, 127.0.0.0/127.255.255.255
Processing by HomesController#top as HTML
  Rendering homes/top.html.erb within layouts/application
  Rendered homes/top.html.erb within layouts/application (0.3ms)
  Rendered layouts/_header.html.erb (0.9ms)
Completed 500 Internal Server Error in 52ms (ActiveRecord: 0.0ms)


  
SyntaxError (/home/ec2-user/environment/nagano-cake/app/views/layouts/_header.html.erb:6: syntax error, unexpected '='
...omer_path(current_user), class="btn btn-light" );@output_buf...
...                              ^):
  
app/views/layouts/_header.html.erb:6: syntax error, unexpected '='
app/views/layouts/application.html.erb:13:in `_app_views_layouts_application_html_erb__1717193821311522205_70339427371880'
Started GET "/" for 60.56.201.135 at 2021-08-14 14:00:43 +0000
Cannot render console from 60.56.201.135! Allowed networks: 127.0.0.1, ::1, 127.0.0.0/127.255.255.255
Processing by HomesController#top as HTML
  Rendering homes/top.html.erb within layouts/application
  Rendered homes/top.html.erb within layouts/application (0.3ms)
  Rendered layouts/_header.html.erb (1.7ms)
Completed 200 OK in 70ms (Views: 69.3ms | ActiveRecord: 0.0ms)


Started GET "/" for 60.56.201.135 at 2021-08-14 14:01:09 +0000
Cannot render console from 60.56.201.135! Allowed networks: 127.0.0.1, ::1, 127.0.0.0/127.255.255.255
Processing by HomesController#top as HTML
  Rendering homes/top.html.erb within layouts/application
  Rendered homes/top.html.erb within layouts/application (0.3ms)
  Rendered layouts/_header.html.erb (1.3ms)
Completed 200 OK in 53ms (Views: 52.7ms | ActiveRecord: 0.0ms)


Started GET "/" for 60.56.201.135 at 2021-08-14 14:01:15 +0000
Cannot render console from 60.56.201.135! Allowed networks: 127.0.0.1, ::1, 127.0.0.0/127.255.255.255
Processing by HomesController#top as HTML
  Rendering homes/top.html.erb within layouts/application
  Rendered homes/top.html.erb within layouts/application (0.3ms)
  Rendered layouts/_header.html.erb (1.3ms)
Completed 200 OK in 53ms (Views: 52.7ms | ActiveRecord: 0.0ms)


Started GET "/" for 60.56.201.135 at 2021-08-14 14:03:47 +0000
Cannot render console from 60.56.201.135! Allowed networks: 127.0.0.1, ::1, 127.0.0.0/127.255.255.255
Processing by HomesController#top as HTML
  Rendering homes/top.html.erb within layouts/application
  Rendered homes/top.html.erb within layouts/application (0.3ms)
  Rendered layouts/_header.html.erb (1.2ms)
Completed 200 OK in 54ms (Views: 53.3ms | ActiveRecord: 0.0ms)


Started GET "/" for 60.56.201.135 at 2021-08-14 14:06:18 +0000
Cannot render console from 60.56.201.135! Allowed networks: 127.0.0.1, ::1, 127.0.0.0/127.255.255.255
Processing by HomesController#top as HTML
  Rendering homes/top.html.erb within layouts/application
  Rendered homes/top.html.erb within layouts/application (0.3ms)
  Rendered layouts/_header.html.erb (1.1ms)
Completed 200 OK in 60ms (Views: 59.4ms | ActiveRecord: 0.0ms)


Started GET "/" for 60.56.201.135 at 2021-08-14 14:06:34 +0000
Cannot render console from 60.56.201.135! Allowed networks: 127.0.0.1, ::1, 127.0.0.0/127.255.255.255
Processing by HomesController#top as HTML
  Rendering homes/top.html.erb within layouts/application
  Rendered homes/top.html.erb within layouts/application (0.3ms)
  Rendered layouts/_header.html.erb (1.3ms)
Completed 200 OK in 55ms (Views: 53.5ms | ActiveRecord: 0.0ms)


Started GET "/" for 60.56.201.135 at 2021-08-14 14:11:37 +0000
Cannot render console from 60.56.201.135! Allowed networks: 127.0.0.1, ::1, 127.0.0.0/127.255.255.255
Processing by HomesController#top as HTML
  Rendering homes/top.html.erb within layouts/application
  Rendered homes/top.html.erb within layouts/application (2.8ms)
  Rendered layouts/_header.html.erb (1.2ms)
Completed 200 OK in 2657ms (Views: 2641.8ms | ActiveRecord: 0.0ms)


  [1m[35m (0.1ms)[0m  [1m[34mSELECT "schema_migrations"."version" FROM "schema_migrations" ORDER BY "schema_migrations"."version" ASC[0m
  ↳ bin/rails:9
  [1m[36mActiveRecord::InternalMetadata Load (0.2ms)[0m  [1m[34mSELECT  "ar_internal_metadata".* FROM "ar_internal_metadata" WHERE "ar_internal_metadata"."key" = ? LIMIT ?[0m  [["key", "environment"], ["LIMIT", 1]]
  ↳ bin/rails:9
  [1m[35m (0.0ms)[0m  [1m[36mbegin transaction[0m
  ↳ bin/rails:9
  [1m[35m (0.0ms)[0m  [1m[36mcommit transaction[0m
  ↳ bin/rails:9
  [1m[35m (0.1ms)[0m  [1m[34mSELECT "schema_migrations"."version" FROM "schema_migrations" ORDER BY "schema_migrations"."version" ASC[0m
  ↳ bin/rails:9
Started GET "/" for 60.56.201.135 at 2021-08-14 14:14:18 +0000
Cannot render console from 60.56.201.135! Allowed networks: 127.0.0.1, ::1, 127.0.0.0/127.255.255.255
Processing by HomesController#top as HTML
  Rendering homes/top.html.erb within layouts/application
  Rendered homes/top.html.erb within layouts/application (0.3ms)
  Rendered layouts/_header.html.erb (1.2ms)
Completed 200 OK in 183ms (Views: 181.2ms | ActiveRecord: 0.0ms)


Started GET "/" for 60.56.201.135 at 2021-08-14 14:25:47 +0000
Cannot render console from 60.56.201.135! Allowed networks: 127.0.0.1, ::1, 127.0.0.0/127.255.255.255
  [1m[35m (0.1ms)[0m  [1m[34mSELECT "schema_migrations"."version" FROM "schema_migrations" ORDER BY "schema_migrations"."version" ASC[0m
  ↳ /home/ec2-user/.rvm/gems/ruby-2.6.3/gems/activerecord-5.2.6/lib/active_record/log_subscriber.rb:98
Processing by HomesController#top as HTML
  Rendering homes/top.html.erb within layouts/application
  Rendered homes/top.html.erb within layouts/application (1.1ms)
  Rendered layouts/_header.html.erb (23.6ms)
Completed 200 OK in 733ms (Views: 727.3ms | ActiveRecord: 0.0ms)


Started GET "/" for 60.56.201.135 at 2021-08-14 14:27:30 +0000
Cannot render console from 60.56.201.135! Allowed networks: 127.0.0.1, ::1, 127.0.0.0/127.255.255.255
Processing by HomesController#top as HTML
  Rendering homes/top.html.erb within layouts/application
  Rendered homes/top.html.erb within layouts/application (0.3ms)
  Rendered layouts/_header.html.erb (2.8ms)
Completed 200 OK in 88ms (Views: 87.6ms | ActiveRecord: 0.0ms)


Started GET "/" for 60.56.201.135 at 2021-08-14 14:28:03 +0000
Cannot render console from 60.56.201.135! Allowed networks: 127.0.0.1, ::1, 127.0.0.0/127.255.255.255
Processing by HomesController#top as HTML
  Rendering homes/top.html.erb within layouts/application
  Rendered homes/top.html.erb within layouts/application (0.3ms)
  Rendered layouts/_header.html.erb (1.3ms)
Completed 200 OK in 94ms (Views: 93.5ms | ActiveRecord: 0.0ms)


Started GET "/" for 60.56.201.135 at 2021-08-14 14:28:06 +0000
Cannot render console from 60.56.201.135! Allowed networks: 127.0.0.1, ::1, 127.0.0.0/127.255.255.255
Processing by HomesController#top as HTML
  Rendering homes/top.html.erb within layouts/application
  Rendered homes/top.html.erb within layouts/application (0.3ms)
  Rendered layouts/_header.html.erb (3.5ms)
Completed 200 OK in 86ms (Views: 85.1ms | ActiveRecord: 0.0ms)


Started GET "/" for 60.56.201.135 at 2021-08-14 14:28:07 +0000
Cannot render console from 60.56.201.135! Allowed networks: 127.0.0.1, ::1, 127.0.0.0/127.255.255.255
Processing by HomesController#top as HTML
  Rendering homes/top.html.erb within layouts/application
  Rendered homes/top.html.erb within layouts/application (0.3ms)
  Rendered layouts/_header.html.erb (1.2ms)
Completed 200 OK in 94ms (Views: 93.1ms | ActiveRecord: 0.0ms)


Started GET "/" for 60.56.201.135 at 2021-08-14 14:28:57 +0000
Cannot render console from 60.56.201.135! Allowed networks: 127.0.0.1, ::1, 127.0.0.0/127.255.255.255
Processing by HomesController#top as HTML
  Rendering homes/top.html.erb within layouts/application
  Rendered homes/top.html.erb within layouts/application (0.3ms)
  Rendered layouts/_header.html.erb (3.7ms)
Completed 200 OK in 83ms (Views: 82.6ms | ActiveRecord: 0.0ms)


Started GET "/customers/sign_up" for 60.56.201.135 at 2021-08-14 14:43:08 +0000
Cannot render console from 60.56.201.135! Allowed networks: 127.0.0.1, ::1, 127.0.0.0/127.255.255.255
Processing by Customers::RegistrationsController#new as HTML
  Rendering customers/registrations/new.html.erb within layouts/application
  Rendered customers/shared/_error_messages.html.erb (0.6ms)
  Rendered customers/shared/_links.html.erb (1.0ms)
  Rendered customers/registrations/new.html.erb within layouts/application (37.9ms)
  Rendered layouts/_header.html.erb (1.1ms)
Completed 200 OK in 264ms (Views: 227.0ms | ActiveRecord: 0.7ms)


Started GET "/customers/sign_up" for 60.56.201.135 at 2021-08-14 15:37:41 +0000
Cannot render console from 60.56.201.135! Allowed networks: 127.0.0.1, ::1, 127.0.0.0/127.255.255.255
  [1m[35m (0.1ms)[0m  [1m[34mSELECT "schema_migrations"."version" FROM "schema_migrations" ORDER BY "schema_migrations"."version" ASC[0m
  ↳ /home/ec2-user/.rvm/gems/ruby-2.6.3/gems/activerecord-5.2.6/lib/active_record/log_subscriber.rb:98
Processing by Customers::RegistrationsController#new as HTML
  Rendering customers/registrations/new.html.erb within layouts/application
  Rendered customers/shared/_error_messages.html.erb (0.4ms)
  Rendered customers/shared/_links.html.erb (16.1ms)
  Rendered customers/registrations/new.html.erb within layouts/application (32.1ms)
  Rendered layouts/_header.html.erb (1.5ms)
Completed 200 OK in 621ms (Views: 606.4ms | ActiveRecord: 0.7ms)


Started GET "/customers/sign_up" for 60.56.201.135 at 2021-08-14 15:43:21 +0000
Cannot render console from 60.56.201.135! Allowed networks: 127.0.0.1, ::1, 127.0.0.0/127.255.255.255
Processing by Customers::RegistrationsController#new as HTML
  Rendering customers/registrations/new.html.erb within layouts/application
  Rendered customers/shared/_error_messages.html.erb (0.4ms)
  Rendered customers/shared/_links.html.erb (0.7ms)
  Rendered customers/registrations/new.html.erb within layouts/application (8.8ms)
  Rendered layouts/_header.html.erb (4.4ms)
Completed 200 OK in 114ms (Views: 111.9ms | ActiveRecord: 0.0ms)


Started GET "/customers/sign_up" for 60.56.201.135 at 2021-08-14 15:43:45 +0000
Cannot render console from 60.56.201.135! Allowed networks: 127.0.0.1, ::1, 127.0.0.0/127.255.255.255
Processing by Customers::RegistrationsController#new as HTML
  Rendering customers/registrations/new.html.erb within layouts/application
  Rendered customers/shared/_error_messages.html.erb (0.5ms)
  Rendered customers/shared/_links.html.erb (0.7ms)
  Rendered customers/registrations/new.html.erb within layouts/application (6.1ms)
  Rendered layouts/_header.html.erb (1.1ms)
Completed 200 OK in 94ms (Views: 93.3ms | ActiveRecord: 0.0ms)


Started GET "/customers/sign_up" for 60.56.201.135 at 2021-08-14 15:46:03 +0000
Cannot render console from 60.56.201.135! Allowed networks: 127.0.0.1, ::1, 127.0.0.0/127.255.255.255
Processing by Customers::RegistrationsController#new as HTML
  Rendering customers/registrations/new.html.erb within layouts/application
  Rendered customers/shared/_error_messages.html.erb (0.4ms)
  Rendered customers/shared/_links.html.erb (0.8ms)
  Rendered customers/registrations/new.html.erb within layouts/application (6.8ms)
  Rendered layouts/_header.html.erb (1.1ms)
Completed 200 OK in 90ms (Views: 89.5ms | ActiveRecord: 0.0ms)


Started GET "/customers/sign_up" for 60.56.201.135 at 2021-08-14 15:47:46 +0000
Cannot render console from 60.56.201.135! Allowed networks: 127.0.0.1, ::1, 127.0.0.0/127.255.255.255
Processing by Customers::RegistrationsController#new as HTML
  Rendering customers/registrations/new.html.erb within layouts/application
  Rendered customers/shared/_error_messages.html.erb (0.4ms)
  Rendered customers/shared/_links.html.erb (12.7ms)
  Rendered customers/registrations/new.html.erb within layouts/application (18.0ms)
Completed 500 Internal Server Error in 24ms (ActiveRecord: 0.0ms)


  
ActionView::Template::Error (undefined method `stringify_keys' for "/customers/sign_in":String):
    1: <%- if controller_name != 'sessions' %>
    2:   <h2>既に登録済みの方</h2>
    3:   <%= link_to "こちら", new_session_path(resource_name) do %>
    4:   <p><%= "　からログインしてください。" %></p>
    5:   <% end %><br />
    6: <% end %>
  
app/views/customers/shared/_links.html.erb:3:in `_app_views_customers_shared__links_html_erb__1386496323529457149_69882070997220'
app/views/customers/registrations/new.html.erb:29:in `_app_views_customers_registrations_new_html_erb__1765851009853699287_69882070863160'
Started GET "/customers/sign_up" for 60.56.201.135 at 2021-08-14 15:48:30 +0000
Cannot render console from 60.56.201.135! Allowed networks: 127.0.0.1, ::1, 127.0.0.0/127.255.255.255
Processing by Customers::RegistrationsController#new as HTML
  Rendering customers/registrations/new.html.erb within layouts/application
  Rendered customers/shared/_error_messages.html.erb (0.4ms)
  Rendered customers/shared/_links.html.erb (4.3ms)
  Rendered customers/registrations/new.html.erb within layouts/application (10.4ms)
Completed 500 Internal Server Error in 17ms (ActiveRecord: 0.0ms)


  
ActionView::Template::Error (undefined method `stringify_keys' for "/customers/sign_in":String):
    1: <%- if controller_name != 'sessions' %>
    2:   <h2>既に登録済みの方</h2>
    3:   <%= link_to "こちら", new_session_path(resource_name) do %>
    4:     <%= "　からログインしてください。" %>
    5:   <% end %><br />
    6: <% end %>
  
app/views/customers/shared/_links.html.erb:3:in `_app_views_customers_shared__links_html_erb__1386496323529457149_69882206511700'
app/views/customers/registrations/new.html.erb:29:in `_app_views_customers_registrations_new_html_erb__1765851009853699287_69882206434900'
Started GET "/customers/sign_up" for 60.56.201.135 at 2021-08-14 15:48:33 +0000
Cannot render console from 60.56.201.135! Allowed networks: 127.0.0.1, ::1, 127.0.0.0/127.255.255.255
Processing by Customers::RegistrationsController#new as HTML
  Rendering customers/registrations/new.html.erb within layouts/application
  Rendered customers/shared/_error_messages.html.erb (0.4ms)
  Rendered customers/shared/_links.html.erb (3.8ms)
  Rendered customers/registrations/new.html.erb within layouts/application (8.9ms)
Completed 500 Internal Server Error in 14ms (ActiveRecord: 0.0ms)


  
ActionView::Template::Error (undefined method `stringify_keys' for "/customers/sign_in":String):
    1: <%- if controller_name != 'sessions' %>
    2:   <h2>既に登録済みの方</h2>
    3:   <%= link_to "こちら", new_session_path(resource_name) do %>
    4:     <%= "　からログインしてください。" %>
    5:   <% end %><br />
    6: <% end %>
  
app/views/customers/shared/_links.html.erb:3:in `_app_views_customers_shared__links_html_erb__1386496323529457149_69882206189300'
app/views/customers/registrations/new.html.erb:29:in `_app_views_customers_registrations_new_html_erb__1765851009853699287_69882206088400'
Started GET "/customers/sign_up" for 60.56.201.135 at 2021-08-14 15:49:39 +0000
Cannot render console from 60.56.201.135! Allowed networks: 127.0.0.1, ::1, 127.0.0.0/127.255.255.255
Processing by Customers::RegistrationsController#new as HTML
  Rendering customers/registrations/new.html.erb within layouts/application
  Rendered customers/shared/_error_messages.html.erb (0.5ms)
  Rendered customers/shared/_links.html.erb (0.8ms)
  Rendered customers/registrations/new.html.erb within layouts/application (6.0ms)
  Rendered layouts/_header.html.erb (1.0ms)
Completed 200 OK in 109ms (Views: 107.8ms | ActiveRecord: 0.0ms)


Started GET "/customers/sign_up" for 60.56.201.135 at 2021-08-14 15:50:10 +0000
Cannot render console from 60.56.201.135! Allowed networks: 127.0.0.1, ::1, 127.0.0.0/127.255.255.255
Processing by Customers::RegistrationsController#new as HTML
  Rendering customers/registrations/new.html.erb within layouts/application
  Rendered customers/shared/_error_messages.html.erb (0.4ms)
  Rendered customers/shared/_links.html.erb (0.7ms)
  Rendered customers/registrations/new.html.erb within layouts/application (8.0ms)
  Rendered layouts/_header.html.erb (1.0ms)
Completed 200 OK in 96ms (Views: 95.5ms | ActiveRecord: 0.0ms)


Started GET "/customers/sign_in" for 60.56.201.135 at 2021-08-14 15:50:23 +0000
Cannot render console from 60.56.201.135! Allowed networks: 127.0.0.1, ::1, 127.0.0.0/127.255.255.255
Processing by Customers::SessionsController#new as HTML
  Rendering customers/sessions/new.html.erb within layouts/application
  Rendered customers/shared/_links.html.erb (1.0ms)
  Rendered customers/sessions/new.html.erb within layouts/application (8.7ms)
  Rendered layouts/_header.html.erb (1.1ms)
Completed 200 OK in 105ms (Views: 102.3ms | ActiveRecord: 0.0ms)


Started GET "/customers/sign_up" for 60.56.201.135 at 2021-08-14 15:51:20 +0000
Cannot render console from 60.56.201.135! Allowed networks: 127.0.0.1, ::1, 127.0.0.0/127.255.255.255
Processing by Customers::RegistrationsController#new as HTML
  Rendering customers/registrations/new.html.erb within layouts/application
  Rendered customers/shared/_error_messages.html.erb (0.4ms)
  Rendered customers/shared/_links.html.erb (0.7ms)
  Rendered customers/registrations/new.html.erb within layouts/application (6.9ms)
  Rendered layouts/_header.html.erb (1.2ms)
Completed 200 OK in 89ms (Views: 87.9ms | ActiveRecord: 0.0ms)


Started GET "/customers/sign_up" for 60.56.201.135 at 2021-08-14 15:55:30 +0000
Cannot render console from 60.56.201.135! Allowed networks: 127.0.0.1, ::1, 127.0.0.0/127.255.255.255
Processing by Customers::RegistrationsController#new as HTML
  Rendering customers/registrations/new.html.erb within layouts/application
  Rendered customers/shared/_error_messages.html.erb (0.4ms)
  Rendered customers/shared/_links.html.erb (0.7ms)
  Rendered customers/registrations/new.html.erb within layouts/application (6.5ms)
  Rendered layouts/_header.html.erb (1.2ms)
Completed 200 OK in 98ms (Views: 97.2ms | ActiveRecord: 0.0ms)


Started GET "/customers/sign_up" for 60.56.201.135 at 2021-08-14 15:55:32 +0000
Cannot render console from 60.56.201.135! Allowed networks: 127.0.0.1, ::1, 127.0.0.0/127.255.255.255
Processing by Customers::RegistrationsController#new as HTML
  Rendering customers/registrations/new.html.erb within layouts/application
  Rendered customers/shared/_error_messages.html.erb (0.4ms)
  Rendered customers/shared/_links.html.erb (0.8ms)
  Rendered customers/registrations/new.html.erb within layouts/application (6.0ms)
  Rendered layouts/_header.html.erb (1.1ms)
Completed 200 OK in 87ms (Views: 86.1ms | ActiveRecord: 0.0ms)


Started GET "/customers/sign_up" for 60.56.201.135 at 2021-08-14 16:01:41 +0000
Cannot render console from 60.56.201.135! Allowed networks: 127.0.0.1, ::1, 127.0.0.0/127.255.255.255
Processing by Customers::RegistrationsController#new as HTML
  Rendering customers/registrations/new.html.erb within layouts/application
  Rendered customers/shared/_error_messages.html.erb (0.4ms)
  Rendered customers/shared/_links.html.erb (0.8ms)
  Rendered customers/registrations/new.html.erb within layouts/application (5.9ms)
  Rendered layouts/_header.html.erb (4.0ms)
Completed 200 OK in 101ms (Views: 99.9ms | ActiveRecord: 0.0ms)


Started GET "/customers/sign_in" for 60.56.201.135 at 2021-08-14 16:01:48 +0000
Cannot render console from 60.56.201.135! Allowed networks: 127.0.0.1, ::1, 127.0.0.0/127.255.255.255
Processing by Customers::SessionsController#new as HTML
  Rendering customers/sessions/new.html.erb within layouts/application
  Rendered customers/shared/_links.html.erb (0.8ms)
  Rendered customers/sessions/new.html.erb within layouts/application (5.1ms)
  Rendered layouts/_header.html.erb (1.2ms)
Completed 200 OK in 98ms (Views: 96.1ms | ActiveRecord: 0.0ms)


  [1m[35m (0.2ms)[0m  [1m[34mSELECT "schema_migrations"."version" FROM "schema_migrations" ORDER BY "schema_migrations"."version" ASC[0m
  ↳ bin/rails:9
  [1m[36mActiveRecord::InternalMetadata Load (0.2ms)[0m  [1m[34mSELECT  "ar_internal_metadata".* FROM "ar_internal_metadata" WHERE "ar_internal_metadata"."key" = ? LIMIT ?[0m  [["key", "environment"], ["LIMIT", 1]]
  ↳ bin/rails:9
  [1m[35m (0.1ms)[0m  [1m[36mbegin transaction[0m
  ↳ bin/rails:9
  [1m[35m (0.0ms)[0m  [1m[36mcommit transaction[0m
  ↳ bin/rails:9
  [1m[35m (0.1ms)[0m  [1m[34mSELECT "schema_migrations"."version" FROM "schema_migrations" ORDER BY "schema_migrations"."version" ASC[0m
  ↳ bin/rails:9
  [1m[35m (0.1ms)[0m  [1m[34mSELECT "schema_migrations"."version" FROM "schema_migrations" ORDER BY "schema_migrations"."version" ASC[0m
  ↳ bin/rails:9
  [1m[35m (0.1ms)[0m  [1m[34mSELECT "schema_migrations"."version" FROM "schema_migrations" ORDER BY "schema_migrations"."version" ASC[0m
  ↳ bin/rails:9
Migrating to AddAddressToCustomers (20210814170237)
  [1m[35m (0.0ms)[0m  [1m[36mbegin transaction[0m
  ↳ bin/rails:9
  [1m[35m (0.3ms)[0m  [1m[35mALTER TABLE "customers" ADD "address" varchar[0m
  ↳ db/migrate/20210814170237_add_address_to_customers.rb:3
  [1m[36mActiveRecord::SchemaMigration Create (0.1ms)[0m  [1m[32mINSERT INTO "schema_migrations" ("version") VALUES (?)[0m  [["version", "20210814170237"]]
  ↳ bin/rails:9
  [1m[35m (4.3ms)[0m  [1m[36mcommit transaction[0m
  ↳ bin/rails:9
Migrating to AddFirstNameKanjiToCustomers (20210814170437)
  [1m[35m (0.0ms)[0m  [1m[36mbegin transaction[0m
  ↳ bin/rails:9
  [1m[35m (0.3ms)[0m  [1m[35mALTER TABLE "customers" ADD "first_name_kanji" varchar[0m
  ↳ db/migrate/20210814170437_add_first_name_kanji_to_customers.rb:3
  [1m[36mActiveRecord::SchemaMigration Create (0.1ms)[0m  [1m[32mINSERT INTO "schema_migrations" ("version") VALUES (?)[0m  [["version", "20210814170437"]]
  ↳ bin/rails:9
  [1m[35m (5.1ms)[0m  [1m[36mcommit transaction[0m
  ↳ bin/rails:9
Migrating to AddLastNameKanjiToCustomers (20210814170553)
  [1m[35m (0.0ms)[0m  [1m[36mbegin transaction[0m
  ↳ bin/rails:9
  [1m[35m (0.3ms)[0m  [1m[35mALTER TABLE "customers" ADD "last_name_kanji" varchar[0m
  ↳ db/migrate/20210814170553_add_last_name_kanji_to_customers.rb:3
  [1m[36mActiveRecord::SchemaMigration Create (0.1ms)[0m  [1m[32mINSERT INTO "schema_migrations" ("version") VALUES (?)[0m  [["version", "20210814170553"]]
  ↳ bin/rails:9
  [1m[35m (3.5ms)[0m  [1m[36mcommit transaction[0m
  ↳ bin/rails:9
Migrating to AddFirstNameKanaToCustomers (20210814170652)
  [1m[35m (0.0ms)[0m  [1m[36mbegin transaction[0m
  ↳ bin/rails:9
  [1m[35m (0.3ms)[0m  [1m[35mALTER TABLE "customers" ADD "first_name_kana" varchar[0m
  ↳ db/migrate/20210814170652_add_first_name_kana_to_customers.rb:3
  [1m[36mActiveRecord::SchemaMigration Create (0.1ms)[0m  [1m[32mINSERT INTO "schema_migrations" ("version") VALUES (?)[0m  [["version", "20210814170652"]]
  ↳ bin/rails:9
  [1m[35m (7.6ms)[0m  [1m[36mcommit transaction[0m
  ↳ bin/rails:9
Migrating to AddLastNameKanaToCustomers (20210814170742)
  [1m[35m (0.0ms)[0m  [1m[36mbegin transaction[0m
  ↳ bin/rails:9
  [1m[35m (0.3ms)[0m  [1m[35mALTER TABLE "customers" ADD "last_name_kana" varchar[0m
  ↳ db/migrate/20210814170742_add_last_name_kana_to_customers.rb:3
  [1m[36mActiveRecord::SchemaMigration Create (0.1ms)[0m  [1m[32mINSERT INTO "schema_migrations" ("version") VALUES (?)[0m  [["version", "20210814170742"]]
  ↳ bin/rails:9
  [1m[35m (3.7ms)[0m  [1m[36mcommit transaction[0m
  ↳ bin/rails:9
Migrating to AddPostalCodeToCustomers (20210814171009)
  [1m[35m (0.0ms)[0m  [1m[36mbegin transaction[0m
  ↳ bin/rails:9
  [1m[35m (0.3ms)[0m  [1m[35mALTER TABLE "customers" ADD "postal_code" varchar[0m
  ↳ db/migrate/20210814171009_add_postal_code_to_customers.rb:3
  [1m[36mActiveRecord::SchemaMigration Create (0.1ms)[0m  [1m[32mINSERT INTO "schema_migrations" ("version") VALUES (?)[0m  [["version", "20210814171009"]]
  ↳ bin/rails:9
  [1m[35m (4.1ms)[0m  [1m[36mcommit transaction[0m
  ↳ bin/rails:9
Migrating to AddTelephoneNumberToCustomers (20210814171123)
  [1m[35m (0.0ms)[0m  [1m[36mbegin transaction[0m
  ↳ bin/rails:9
  [1m[35m (1.0ms)[0m  [1m[35mALTER TABLE "customers" ADD "telephone_number" varchar[0m
  ↳ db/migrate/20210814171123_add_telephone_number_to_customers.rb:3
  [1m[36mActiveRecord::SchemaMigration Create (0.1ms)[0m  [1m[32mINSERT INTO "schema_migrations" ("version") VALUES (?)[0m  [["version", "20210814171123"]]
  ↳ bin/rails:9
  [1m[35m (3.7ms)[0m  [1m[36mcommit transaction[0m
  ↳ bin/rails:9
Migrating to AddIsUserStatusToCustomers (20210814171516)
  [1m[35m (0.0ms)[0m  [1m[36mbegin transaction[0m
  ↳ bin/rails:9
  [1m[35m (0.3ms)[0m  [1m[35mALTER TABLE "customers" ADD "is_user_status" boolean DEFAULT 0 NOT NULL[0m
  ↳ db/migrate/20210814171516_add_is_user_status_to_customers.rb:3
  [1m[36mActiveRecord::SchemaMigration Create (0.1ms)[0m  [1m[32mINSERT INTO "schema_migrations" ("version") VALUES (?)[0m  [["version", "20210814171516"]]
  ↳ bin/rails:9
  [1m[35m (3.9ms)[0m  [1m[36mcommit transaction[0m
  ↳ bin/rails:9
  [1m[36mActiveRecord::InternalMetadata Load (0.2ms)[0m  [1m[34mSELECT  "ar_internal_metadata".* FROM "ar_internal_metadata" WHERE "ar_internal_metadata"."key" = ? LIMIT ?[0m  [["key", "environment"], ["LIMIT", 1]]
  ↳ bin/rails:9
  [1m[35m (0.0ms)[0m  [1m[36mbegin transaction[0m
  ↳ bin/rails:9
  [1m[35m (0.0ms)[0m  [1m[36mcommit transaction[0m
  ↳ bin/rails:9
  [1m[35m (0.1ms)[0m  [1m[34mSELECT "schema_migrations"."version" FROM "schema_migrations" ORDER BY "schema_migrations"."version" ASC[0m
  ↳ bin/rails:9
Started GET "/customers/sign_up" for 60.56.201.135 at 2021-08-14 17:27:47 +0000
Cannot render console from 60.56.201.135! Allowed networks: 127.0.0.1, ::1, 127.0.0.0/127.255.255.255
  [1m[35m (0.1ms)[0m  [1m[34mSELECT "schema_migrations"."version" FROM "schema_migrations" ORDER BY "schema_migrations"."version" ASC[0m
  ↳ /home/ec2-user/.rvm/gems/ruby-2.6.3/gems/activerecord-5.2.6/lib/active_record/log_subscriber.rb:98
Processing by Customers::RegistrationsController#new as HTML
  Rendering customers/registrations/new.html.erb within layouts/application
  Rendered customers/shared/_error_messages.html.erb (0.5ms)
  Rendered customers/shared/_links.html.erb (0.9ms)
  Rendered customers/registrations/new.html.erb within layouts/application (11.6ms)
  Rendered layouts/_header.html.erb (1.1ms)
Completed 200 OK in 156ms (Views: 122.0ms | ActiveRecord: 0.7ms)


Started GET "/customers/sign_up" for 60.56.201.135 at 2021-08-14 17:50:07 +0000
Cannot render console from 60.56.201.135! Allowed networks: 127.0.0.1, ::1, 127.0.0.0/127.255.255.255
Processing by Customers::RegistrationsController#new as HTML
  Rendering customers/registrations/new.html.erb within layouts/application
  Rendered customers/shared/_error_messages.html.erb (0.4ms)
  Rendered customers/shared/_links.html.erb (0.8ms)
  Rendered customers/registrations/new.html.erb within layouts/application (6.1ms)
  Rendered layouts/_header.html.erb (2.4ms)
Completed 200 OK in 115ms (Views: 101.8ms | ActiveRecord: 0.7ms)


Started GET "/customers/sign_up" for 60.56.201.135 at 2021-08-14 18:06:30 +0000
Cannot render console from 60.56.201.135! Allowed networks: 127.0.0.1, ::1, 127.0.0.0/127.255.255.255
Processing by Customers::RegistrationsController#new as HTML
Completed 500 Internal Server Error in 1ms (ActiveRecord: 0.0ms)


  
TypeError (no implicit conversion of Symbol into Integer):
  
app/controllers/application_controller.rb:7:in `configure_permitted_parameters'
Started GET "/customers/sign_up" for 60.56.201.135 at 2021-08-14 18:07:33 +0000
Cannot render console from 60.56.201.135! Allowed networks: 127.0.0.1, ::1, 127.0.0.0/127.255.255.255
Processing by Customers::RegistrationsController#new as HTML
Completed 500 Internal Server Error in 1ms (ActiveRecord: 0.0ms)


  
TypeError (no implicit conversion of Symbol into Integer):
  
app/controllers/application_controller.rb:7:in `configure_permitted_parameters'
Started GET "/customers/sign_up" for 60.56.201.135 at 2021-08-14 18:11:25 +0000
Cannot render console from 60.56.201.135! Allowed networks: 127.0.0.1, ::1, 127.0.0.0/127.255.255.255
Processing by Customers::RegistrationsController#new as HTML
  Rendering customers/registrations/new.html.erb within layouts/application
  Rendered customers/shared/_error_messages.html.erb (0.4ms)
  Rendered customers/shared/_links.html.erb (0.8ms)
  Rendered customers/registrations/new.html.erb within layouts/application (7.7ms)
  Rendered layouts/_header.html.erb (1.2ms)
Completed 200 OK in 156ms (Views: 121.5ms | ActiveRecord: 0.7ms)


Started GET "/customers/sign_up" for 60.56.201.135 at 2021-08-14 18:12:36 +0000
Cannot render console from 60.56.201.135! Allowed networks: 127.0.0.1, ::1, 127.0.0.0/127.255.255.255
Processing by Customers::RegistrationsController#new as HTML
  Rendering customers/registrations/new.html.erb within layouts/application
  Rendered customers/shared/_error_messages.html.erb (0.4ms)
  Rendered customers/registrations/new.html.erb within layouts/application (18.7ms)
Completed 500 Internal Server Error in 32ms (ActiveRecord: 0.0ms)


  
ActionView::Template::Error (undefined method `last_name' for #<Customer:0x00007f1d6015e670>
Did you mean?  last_name_kana):
    18:   </div>
    19:     <div class="field">
    20:     <%= f.label :last_name_kana %><br />
    21:     <%= f.text_field :last_name, autofocus: true %>
    22:   </div>
    23:   <!--名前ここまで-->
    24: 
  
app/views/customers/registrations/new.html.erb:21:in `block in _app_views_customers_registrations_new_html_erb__1765851009853699287_69882071409360'
app/views/customers/registrations/new.html.erb:3:in `_app_views_customers_registrations_new_html_erb__1765851009853699287_69882071409360'
Started GET "/customers/sign_up" for 60.56.201.135 at 2021-08-14 18:12:49 +0000
Cannot render console from 60.56.201.135! Allowed networks: 127.0.0.1, ::1, 127.0.0.0/127.255.255.255
Processing by Customers::RegistrationsController#new as HTML
  Rendering customers/registrations/new.html.erb within layouts/application
  Rendered customers/shared/_error_messages.html.erb (0.4ms)
  Rendered customers/shared/_links.html.erb (1.0ms)
  Rendered customers/registrations/new.html.erb within layouts/application (7.8ms)
  Rendered layouts/_header.html.erb (1.2ms)
Completed 200 OK in 169ms (Views: 167.7ms | ActiveRecord: 0.0ms)


Started GET "/customers/sign_up" for 60.56.201.135 at 2021-08-14 18:13:25 +0000
Cannot render console from 60.56.201.135! Allowed networks: 127.0.0.1, ::1, 127.0.0.0/127.255.255.255
Processing by Customers::RegistrationsController#new as HTML
  Rendering customers/registrations/new.html.erb within layouts/application
  Rendered customers/shared/_error_messages.html.erb (0.4ms)
  Rendered customers/shared/_links.html.erb (0.7ms)
  Rendered customers/registrations/new.html.erb within layouts/application (7.0ms)
  Rendered layouts/_header.html.erb (1.2ms)
Completed 200 OK in 105ms (Views: 103.4ms | ActiveRecord: 0.0ms)


Started GET "/customers/sign_up" for 60.56.201.135 at 2021-08-14 18:15:03 +0000
Cannot render console from 60.56.201.135! Allowed networks: 127.0.0.1, ::1, 127.0.0.0/127.255.255.255
Processing by Customers::RegistrationsController#new as HTML
  Rendering customers/registrations/new.html.erb within layouts/application
  Rendered customers/shared/_error_messages.html.erb (0.4ms)
  Rendered customers/shared/_links.html.erb (0.7ms)
  Rendered customers/registrations/new.html.erb within layouts/application (9.3ms)
  Rendered layouts/_header.html.erb (1.1ms)
Completed 200 OK in 111ms (Views: 109.9ms | ActiveRecord: 0.0ms)


Started GET "/customers/sign_up" for 60.56.201.135 at 2021-08-14 18:18:40 +0000
Cannot render console from 60.56.201.135! Allowed networks: 127.0.0.1, ::1, 127.0.0.0/127.255.255.255
Processing by Customers::RegistrationsController#new as HTML
  Rendering customers/registrations/new.html.erb within layouts/application
  Rendered customers/shared/_error_messages.html.erb (0.5ms)
  Rendered customers/shared/_links.html.erb (37.3ms)
  Rendered customers/registrations/new.html.erb within layouts/application (88.2ms)
  Rendered layouts/_header.html.erb (1.2ms)
Completed 200 OK in 860ms (Views: 689.2ms | ActiveRecord: 0.0ms)


Started GET "/customers/sign_up" for 60.56.201.135 at 2021-08-14 18:20:22 +0000
Cannot render console from 60.56.201.135! Allowed networks: 127.0.0.1, ::1, 127.0.0.0/127.255.255.255
Processing by Customers::RegistrationsController#new as HTML
  Rendering customers/registrations/new.html.erb within layouts/application
  Rendered customers/shared/_error_messages.html.erb (0.5ms)
  Rendered customers/shared/_links.html.erb (0.8ms)
  Rendered customers/registrations/new.html.erb within layouts/application (12.8ms)
  Rendered layouts/_header.html.erb (1.9ms)
Completed 200 OK in 149ms (Views: 147.3ms | ActiveRecord: 0.0ms)


Started GET "/customers/sign_up" for 60.56.201.135 at 2021-08-14 18:21:56 +0000
Cannot render console from 60.56.201.135! Allowed networks: 127.0.0.1, ::1, 127.0.0.0/127.255.255.255
Processing by Customers::RegistrationsController#new as HTML
  Rendering customers/registrations/new.html.erb within layouts/application
  Rendered customers/registrations/new.html.erb within layouts/application (14.7ms)
Completed 500 Internal Server Error in 20ms (ActiveRecord: 0.0ms)


  
SyntaxError (/home/ec2-user/environment/nagano-cake/app/views/customers/registrations/new.html.erb:33: syntax error, unexpected '(', expecting ')'
...append=( f.label :郵便番号(ハイフンナシ) );@output...
...                              ^
/home/ec2-user/environment/nagano-cake/app/views/customers/registrations/new.html.erb:43: syntax error, unexpected '(', expecting ')'
...append=( f.label :電話番号(ハイフンナシ) );@output...
...                              ^
/home/ec2-user/environment/nagano-cake/app/views/customers/registrations/new.html.erb:48: syntax error, unexpected '(', expecting ')'
...end=( f.label :パスワード(6文字以上) );@output_buff...
...                              ^
/home/ec2-user/environment/nagano-cake/app/views/customers/registrations/new.html.erb:68: syntax error, unexpected ensure, expecting end-of-input
          ensure
          ^~~~~~):
  
app/views/customers/registrations/new.html.erb:33: syntax error, unexpected '(', expecting ')'
app/views/customers/registrations/new.html.erb:43: syntax error, unexpected '(', expecting ')'
app/views/customers/registrations/new.html.erb:48: syntax error, unexpected '(', expecting ')'
app/views/customers/registrations/new.html.erb:68: syntax error, unexpected ensure, expecting end-of-input
Started GET "/customers/sign_up" for 60.56.201.135 at 2021-08-14 18:22:43 +0000
Cannot render console from 60.56.201.135! Allowed networks: 127.0.0.1, ::1, 127.0.0.0/127.255.255.255
Processing by Customers::RegistrationsController#new as HTML
  Rendering customers/registrations/new.html.erb within layouts/application
  Rendered customers/registrations/new.html.erb within layouts/application (0.9ms)
Completed 500 Internal Server Error in 6ms (ActiveRecord: 0.0ms)


  
SyntaxError (/home/ec2-user/environment/nagano-cake/app/views/customers/registrations/new.html.erb:33: syntax error, unexpected tSTRING_BEG, expecting ')'
...append=( f.label :郵便番号"(ハイフンナシ")" );@out...
...                              ^
/home/ec2-user/environment/nagano-cake/app/views/customers/registrations/new.html.erb:33: syntax error, unexpected tSTRING_BEG, expecting end
...便番号"(ハイフンナシ")" );@output_buffer.safe_append...
...                               ^
/home/ec2-user/environment/nagano-cake/app/views/customers/registrations/new.html.erb:37: syntax error, unexpected tIDENTIFIER, expecting end
    <div class="field">
                ^~~~~
/home/ec2-user/environment/nagano-cake/app/views/customers/registrations/new.html.erb:42: syntax error, unexpected tIDENTIFIER, expecting end
  <div class="field">
              ^~~~~
/home/ec2-user/environment/nagano-cake/app/views/customers/registrations/new.html.erb:47: syntax error, unexpected tIDENTIFIER, expecting end
  <div class="field">
              ^~~~~
/home/ec2-user/environment/nagano-cake/app/views/customers/registrations/new.html.erb:48: syntax error, unexpected ')', expecting end
...パスワード(6文字以上")" );@output_buffer.safe_appen...
...                              ^
/home/ec2-user/environment/nagano-cake/app/views/customers/registrations/new.html.erb:52: syntax error, unexpected tIDENTIFIER, expecting end
...d :password, autocomplete: "new-password" );@output_buffer.s...
...                            ^~~
/home/ec2-user/environment/nagano-cake/app/views/customers/registrations/new.html.erb:52: syntax error, unexpected tSTRING_BEG, expecting do or '{' or '('
...d, autocomplete: "new-password" );@output_buffer.safe_append...
...                              ^
/home/ec2-user/environment/nagano-cake/app/views/customers/registrations/new.html.erb:55: syntax error, unexpected tIDENTIFIER, expecting end
  <div class="field">
              ^~~~~
/home/ec2-user/environment/nagano-cake/app/views/customers/registrations/new.html.erb:57: syntax error, unexpected tIDENTIFIER, expecting end
...onfirmation, autocomplete: "new-password" );@output_buffer.s...
...                            ^~~
/home/ec2-user/environment/nagano-cake/app/views/customers/registrations/new.html.erb:57: syntax error, unexpected tSTRING_BEG, expecting do or '{' or '('
...n, autocomplete: "new-password" );@output_buffer.safe_append...
...                              ^
/home/ec2-user/environment/nagano-cake/app/views/customers/registrations/new.html.erb:60: syntax error, unexpected tIDENTIFIER, expecting end
  <div class="actions">
              ^~~~~~~
/home/ec2-user/environment/nagano-cake/app/views/customers/registrations/new.html.erb:61: syntax error, unexpected tIDENTIFIER, expecting end
...append=( f.submit "新規登録" );@output_buffer.safe_appen...
...                   ^~~~~~~~~~~~
/home/ec2-user/environment/nagano-cake/app/views/customers/registrations/new.html.erb:65: syntax error, unexpected tIDENTIFIER, expecting end
...ffer.append=( render "customers/shared/links" );
...                      ^~~~~~~~~
/home/ec2-user/environment/nagano-cake/app/views/customers/registrations/new.html.erb:65: syntax error, unexpected tSTRING_BEG, expecting do or '{' or '('
...render "customers/shared/links" );
...                              ^
/home/ec2-user/environment/nagano-cake/app/views/customers/registrations/new.html.erb:70: unterminated string meets end of file
          end
              ^
/home/ec2-user/environment/nagano-cake/app/views/customers/registrations/new.html.erb:70: syntax error, unexpected end-of-input, expecting end):
  
app/views/customers/registrations/new.html.erb:33: syntax error, unexpected tSTRING_BEG, expecting ')'
app/views/customers/registrations/new.html.erb:33: syntax error, unexpected tSTRING_BEG, expecting end
app/views/customers/registrations/new.html.erb:37: syntax error, unexpected tIDENTIFIER, expecting end
app/views/customers/registrations/new.html.erb:42: syntax error, unexpected tIDENTIFIER, expecting end
app/views/customers/registrations/new.html.erb:47: syntax error, unexpected tIDENTIFIER, expecting end
app/views/customers/registrations/new.html.erb:48: syntax error, unexpected ')', expecting end
app/views/customers/registrations/new.html.erb:52: syntax error, unexpected tIDENTIFIER, expecting end
app/views/customers/registrations/new.html.erb:52: syntax error, unexpected tSTRING_BEG, expecting do or '{' or '('
app/views/customers/registrations/new.html.erb:55: syntax error, unexpected tIDENTIFIER, expecting end
app/views/customers/registrations/new.html.erb:57: syntax error, unexpected tIDENTIFIER, expecting end
app/views/customers/registrations/new.html.erb:57: syntax error, unexpected tSTRING_BEG, expecting do or '{' or '('
app/views/customers/registrations/new.html.erb:60: syntax error, unexpected tIDENTIFIER, expecting end
app/views/customers/registrations/new.html.erb:61: syntax error, unexpected tIDENTIFIER, expecting end
app/views/customers/registrations/new.html.erb:65: syntax error, unexpected tIDENTIFIER, expecting end
app/views/customers/registrations/new.html.erb:65: syntax error, unexpected tSTRING_BEG, expecting do or '{' or '('
app/views/customers/registrations/new.html.erb:70: unterminated string meets end of file
app/views/customers/registrations/new.html.erb:70: syntax error, unexpected end-of-input, expecting end
Started GET "/customers/sign_up" for 60.56.201.135 at 2021-08-14 18:25:01 +0000
Cannot render console from 60.56.201.135! Allowed networks: 127.0.0.1, ::1, 127.0.0.0/127.255.255.255
  [1m[35m (0.2ms)[0m  [1m[34mSELECT "schema_migrations"."version" FROM "schema_migrations" ORDER BY "schema_migrations"."version" ASC[0m
  ↳ /home/ec2-user/.rvm/gems/ruby-2.6.3/gems/activerecord-5.2.6/lib/active_record/log_subscriber.rb:98
Processing by Customers::RegistrationsController#new as HTML
  Rendering customers/registrations/new.html.erb within layouts/application
  Rendered customers/registrations/new.html.erb within layouts/application (1.6ms)
Completed 500 Internal Server Error in 56ms (ActiveRecord: 0.7ms)


  
SyntaxError (/home/ec2-user/environment/nagano-cake/app/views/customers/registrations/new.html.erb:33: syntax error, unexpected tSTRING_BEG, expecting ')'
...append=( f.label :郵便番号"("ハイフンナシ")" );@ou...
...                              ^
/home/ec2-user/environment/nagano-cake/app/views/customers/registrations/new.html.erb:33: syntax error, unexpected tIDENTIFIER, expecting ')'
...郵便番号"("ハイフンナシ")" );@output_buffer.safe_app...
...               ^~~~~~~~~~~~~~~~~~
/home/ec2-user/environment/nagano-cake/app/views/customers/registrations/new.html.erb:43: syntax error, unexpected '(', expecting ')'
...append=( f.label :電話番号(ハイフンナシ) );@output...
...                              ^
/home/ec2-user/environment/nagano-cake/app/views/customers/registrations/new.html.erb:48: syntax error, unexpected '(', expecting ')'
...end=( f.label :パスワード(6文字以上")" );@output_bu...
...                              ^
/home/ec2-user/environment/nagano-cake/app/views/customers/registrations/new.html.erb:68: syntax error, unexpected ensure, expecting end-of-input
          ensure
          ^~~~~~):
  
app/views/customers/registrations/new.html.erb:33: syntax error, unexpected tSTRING_BEG, expecting ')'
app/views/customers/registrations/new.html.erb:33: syntax error, unexpected tIDENTIFIER, expecting ')'
app/views/customers/registrations/new.html.erb:43: syntax error, unexpected '(', expecting ')'
app/views/customers/registrations/new.html.erb:48: syntax error, unexpected '(', expecting ')'
app/views/customers/registrations/new.html.erb:68: syntax error, unexpected ensure, expecting end-of-input
Started GET "/customers/sign_up" for 60.56.201.135 at 2021-08-14 18:25:51 +0000
Cannot render console from 60.56.201.135! Allowed networks: 127.0.0.1, ::1, 127.0.0.0/127.255.255.255
Processing by Customers::RegistrationsController#new as HTML
  Rendering customers/registrations/new.html.erb within layouts/application
  Rendered customers/registrations/new.html.erb within layouts/application (1.9ms)
Completed 500 Internal Server Error in 10ms (ActiveRecord: 0.0ms)


  
SyntaxError (/home/ec2-user/environment/nagano-cake/app/views/customers/registrations/new.html.erb:33: syntax error, unexpected '(', expecting ')'
...append=( f.label :郵便番号(ハイフンナシ) );@output...
...                              ^
/home/ec2-user/environment/nagano-cake/app/views/customers/registrations/new.html.erb:43: syntax error, unexpected '(', expecting ')'
...append=( f.label :電話番号(ハイフンナシ) );@output...
...                              ^
/home/ec2-user/environment/nagano-cake/app/views/customers/registrations/new.html.erb:48: syntax error, unexpected '(', expecting ')'
...end=( f.label :パスワード(6'文字以上) );@output_buf...
...                              ^
/home/ec2-user/environment/nagano-cake/app/views/customers/registrations/new.html.erb:50: syntax error, unexpected tIDENTIFIER, expecting ')'
...buffer.safe_append=' characters minimum)</em>
...                     ^~~~~~~~~~
/home/ec2-user/environment/nagano-cake/app/views/customers/registrations/new.html.erb:53: syntax error, unexpected '<', expecting ')'
  </div>
  ^
/home/ec2-user/environment/nagano-cake/app/views/customers/registrations/new.html.erb:58: syntax error, unexpected '<', expecting ')'
  </div>
  ^
/home/ec2-user/environment/nagano-cake/app/views/customers/registrations/new.html.erb:62: unknown regexp options - dv
/home/ec2-user/environment/nagano-cake/app/views/customers/registrations/new.html.erb:70: unterminated string meets end of file
          end
              ^
/home/ec2-user/environment/nagano-cake/app/views/customers/registrations/new.html.erb:70: syntax error, unexpected end-of-input, expecting ')'):
  
app/views/customers/registrations/new.html.erb:33: syntax error, unexpected '(', expecting ')'
app/views/customers/registrations/new.html.erb:43: syntax error, unexpected '(', expecting ')'
app/views/customers/registrations/new.html.erb:48: syntax error, unexpected '(', expecting ')'
app/views/customers/registrations/new.html.erb:50: syntax error, unexpected tIDENTIFIER, expecting ')'
app/views/customers/registrations/new.html.erb:53: syntax error, unexpected '<', expecting ')'
app/views/customers/registrations/new.html.erb:58: syntax error, unexpected '<', expecting ')'
app/views/customers/registrations/new.html.erb:62: unknown regexp options - dv
app/views/customers/registrations/new.html.erb:70: unterminated string meets end of file
app/views/customers/registrations/new.html.erb:70: syntax error, unexpected end-of-input, expecting ')'
Started GET "/customers/sign_up" for 60.56.201.135 at 2021-08-14 18:26:14 +0000
Cannot render console from 60.56.201.135! Allowed networks: 127.0.0.1, ::1, 127.0.0.0/127.255.255.255
Processing by Customers::RegistrationsController#new as HTML
  Rendering customers/registrations/new.html.erb within layouts/application
  Rendered customers/registrations/new.html.erb within layouts/application (1.0ms)
Completed 500 Internal Server Error in 8ms (ActiveRecord: 0.0ms)


  
SyntaxError (/home/ec2-user/environment/nagano-cake/app/views/customers/registrations/new.html.erb:33: syntax error, unexpected '(', expecting ')'
...append=( f.label :郵便番号(ハイフンナシ) );@output...
...                              ^
/home/ec2-user/environment/nagano-cake/app/views/customers/registrations/new.html.erb:43: syntax error, unexpected '(', expecting ')'
...append=( f.label :電話番号(ハイフンナシ) );@output...
...                              ^
/home/ec2-user/environment/nagano-cake/app/views/customers/registrations/new.html.erb:68: syntax error, unexpected ensure, expecting end-of-input
          ensure
          ^~~~~~):
  
app/views/customers/registrations/new.html.erb:33: syntax error, unexpected '(', expecting ')'
app/views/customers/registrations/new.html.erb:43: syntax error, unexpected '(', expecting ')'
app/views/customers/registrations/new.html.erb:68: syntax error, unexpected ensure, expecting end-of-input
Started GET "/customers/sign_up" for 60.56.201.135 at 2021-08-14 18:26:47 +0000
Cannot render console from 60.56.201.135! Allowed networks: 127.0.0.1, ::1, 127.0.0.0/127.255.255.255
Processing by Customers::RegistrationsController#new as HTML
  Rendering customers/registrations/new.html.erb within layouts/application
  Rendered customers/shared/_error_messages.html.erb (0.5ms)
  Rendered customers/shared/_links.html.erb (1.0ms)
  Rendered customers/registrations/new.html.erb within layouts/application (44.7ms)
  Rendered layouts/_header.html.erb (1.1ms)
Completed 200 OK in 397ms (Views: 396.6ms | ActiveRecord: 0.0ms)


Started GET "/customers/sign_up" for 60.56.201.135 at 2021-08-14 18:27:34 +0000
Cannot render console from 60.56.201.135! Allowed networks: 127.0.0.1, ::1, 127.0.0.0/127.255.255.255
Processing by Customers::RegistrationsController#new as HTML
  Rendering customers/registrations/new.html.erb within layouts/application
  Rendered customers/shared/_error_messages.html.erb (0.4ms)
  Rendered customers/shared/_links.html.erb (0.8ms)
  Rendered customers/registrations/new.html.erb within layouts/application (9.0ms)
  Rendered layouts/_header.html.erb (5.1ms)
Completed 200 OK in 133ms (Views: 132.6ms | ActiveRecord: 0.0ms)


Started GET "/customers/sign_up" for 60.56.201.135 at 2021-08-14 18:27:38 +0000
Cannot render console from 60.56.201.135! Allowed networks: 127.0.0.1, ::1, 127.0.0.0/127.255.255.255
Processing by Customers::RegistrationsController#new as HTML
  Rendering customers/registrations/new.html.erb within layouts/application
  Rendered customers/shared/_error_messages.html.erb (0.5ms)
  Rendered customers/shared/_links.html.erb (0.7ms)
  Rendered customers/registrations/new.html.erb within layouts/application (9.3ms)
  Rendered layouts/_header.html.erb (1.1ms)
Completed 200 OK in 100ms (Views: 99.1ms | ActiveRecord: 0.0ms)


Started GET "/customers/sign_up" for 60.56.201.135 at 2021-08-14 18:28:02 +0000
Cannot render console from 60.56.201.135! Allowed networks: 127.0.0.1, ::1, 127.0.0.0/127.255.255.255
Processing by Customers::RegistrationsController#new as HTML
  Rendering customers/registrations/new.html.erb within layouts/application
  Rendered customers/registrations/new.html.erb within layouts/application (1.0ms)
Completed 500 Internal Server Error in 7ms (ActiveRecord: 0.0ms)


  
SyntaxError (/home/ec2-user/environment/nagano-cake/app/views/customers/registrations/new.html.erb:47: syntax error, unexpected tIDENTIFIER, expecting ')'
  <div class="field">
              ^~~~~
/home/ec2-user/environment/nagano-cake/app/views/customers/registrations/new.html.erb:52: syntax error, unexpected tIDENTIFIER, expecting ')'
...d :password, autocomplete: "new-password" );@output_buffer.s...
...                            ^~~
/home/ec2-user/environment/nagano-cake/app/views/customers/registrations/new.html.erb:52: syntax error, unexpected tSTRING_BEG, expecting do or '{' or '('
...d, autocomplete: "new-password" );@output_buffer.safe_append...
...                              ^
/home/ec2-user/environment/nagano-cake/app/views/customers/registrations/new.html.erb:55: syntax error, unexpected tIDENTIFIER, expecting ')'
  <div class="field">
              ^~~~~
/home/ec2-user/environment/nagano-cake/app/views/customers/registrations/new.html.erb:57: syntax error, unexpected tIDENTIFIER, expecting ')'
...onfirmation, autocomplete: "new-password" );@output_buffer.s...
...                            ^~~
/home/ec2-user/environment/nagano-cake/app/views/customers/registrations/new.html.erb:57: syntax error, unexpected tSTRING_BEG, expecting do or '{' or '('
...n, autocomplete: "new-password" );@output_buffer.safe_append...
...                              ^
/home/ec2-user/environment/nagano-cake/app/views/customers/registrations/new.html.erb:60: syntax error, unexpected tIDENTIFIER, expecting ')'
  <div class="actions">
              ^~~~~~~
/home/ec2-user/environment/nagano-cake/app/views/customers/registrations/new.html.erb:61: syntax error, unexpected tIDENTIFIER, expecting ')'
...append=( f.submit "新規登録" );@output_buffer.safe_appen...
...                   ^~~~~~~~~~~~
/home/ec2-user/environment/nagano-cake/app/views/customers/registrations/new.html.erb:65: syntax error, unexpected tIDENTIFIER, expecting ')'
...ffer.append=( render "customers/shared/links" );
...                      ^~~~~~~~~
/home/ec2-user/environment/nagano-cake/app/views/customers/registrations/new.html.erb:65: syntax error, unexpected tSTRING_BEG, expecting do or '{' or '('
...render "customers/shared/links" );
...                              ^
/home/ec2-user/environment/nagano-cake/app/views/customers/registrations/new.html.erb:70: unterminated string meets end of file
          end
              ^
/home/ec2-user/environment/nagano-cake/app/views/customers/registrations/new.html.erb:70: syntax error, unexpected end-of-input, expecting ')'):
  
app/views/customers/registrations/new.html.erb:47: syntax error, unexpected tIDENTIFIER, expecting ')'
app/views/customers/registrations/new.html.erb:52: syntax error, unexpected tIDENTIFIER, expecting ')'
app/views/customers/registrations/new.html.erb:52: syntax error, unexpected tSTRING_BEG, expecting do or '{' or '('
app/views/customers/registrations/new.html.erb:55: syntax error, unexpected tIDENTIFIER, expecting ')'
app/views/customers/registrations/new.html.erb:57: syntax error, unexpected tIDENTIFIER, expecting ')'
app/views/customers/registrations/new.html.erb:57: syntax error, unexpected tSTRING_BEG, expecting do or '{' or '('
app/views/customers/registrations/new.html.erb:60: syntax error, unexpected tIDENTIFIER, expecting ')'
app/views/customers/registrations/new.html.erb:61: syntax error, unexpected tIDENTIFIER, expecting ')'
app/views/customers/registrations/new.html.erb:65: syntax error, unexpected tIDENTIFIER, expecting ')'
app/views/customers/registrations/new.html.erb:65: syntax error, unexpected tSTRING_BEG, expecting do or '{' or '('
app/views/customers/registrations/new.html.erb:70: unterminated string meets end of file
app/views/customers/registrations/new.html.erb:70: syntax error, unexpected end-of-input, expecting ')'
Started GET "/customers/sign_up" for 60.56.201.135 at 2021-08-14 18:28:17 +0000
Cannot render console from 60.56.201.135! Allowed networks: 127.0.0.1, ::1, 127.0.0.0/127.255.255.255
Processing by Customers::RegistrationsController#new as HTML
  Rendering customers/registrations/new.html.erb within layouts/application
  Rendered customers/shared/_error_messages.html.erb (0.5ms)
  Rendered customers/shared/_links.html.erb (0.9ms)
  Rendered customers/registrations/new.html.erb within layouts/application (9.8ms)
  Rendered layouts/_header.html.erb (2.7ms)
Completed 200 OK in 92ms (Views: 91.6ms | ActiveRecord: 0.0ms)


Started GET "/customers/sign_up" for 60.56.201.135 at 2021-08-14 18:30:25 +0000
Cannot render console from 60.56.201.135! Allowed networks: 127.0.0.1, ::1, 127.0.0.0/127.255.255.255
Processing by Customers::RegistrationsController#new as HTML
  Rendering customers/registrations/new.html.erb within layouts/application
  Rendered customers/registrations/new.html.erb within layouts/application (1.0ms)
Completed 500 Internal Server Error in 7ms (ActiveRecord: 0.0ms)


  
SyntaxError (/home/ec2-user/environment/nagano-cake/app/views/customers/registrations/new.html.erb:48: syntax error, unexpected tSTRING_BEG, expecting ')'
...end=( f.label :パスワード"(6文字以上)" );@output_bu...
...                              ^):
  
app/views/customers/registrations/new.html.erb:48: syntax error, unexpected tSTRING_BEG, expecting ')'
Started GET "/customers/sign_up" for 60.56.201.135 at 2021-08-14 18:30:35 +0000
Cannot render console from 60.56.201.135! Allowed networks: 127.0.0.1, ::1, 127.0.0.0/127.255.255.255
Processing by Customers::RegistrationsController#new as HTML
  Rendering customers/registrations/new.html.erb within layouts/application
  Rendered customers/registrations/new.html.erb within layouts/application (1.0ms)
Completed 500 Internal Server Error in 7ms (ActiveRecord: 0.0ms)


  
SyntaxError (/home/ec2-user/environment/nagano-cake/app/views/customers/registrations/new.html.erb:48: syntax error, unexpected tSTRING_BEG, expecting ')'
...end=( f.label :パスワード"('6'文字以上)" );@output_...
...                              ^):
  
app/views/customers/registrations/new.html.erb:48: syntax error, unexpected tSTRING_BEG, expecting ')'
Started GET "/customers/sign_up" for 60.56.201.135 at 2021-08-14 18:31:14 +0000
Cannot render console from 60.56.201.135! Allowed networks: 127.0.0.1, ::1, 127.0.0.0/127.255.255.255
Processing by Customers::RegistrationsController#new as HTML
  Rendering customers/registrations/new.html.erb within layouts/application
  Rendered customers/registrations/new.html.erb within layouts/application (1.0ms)
Completed 500 Internal Server Error in 7ms (ActiveRecord: 0.0ms)


  
SyntaxError (/home/ec2-user/environment/nagano-cake/app/views/customers/registrations/new.html.erb:48: syntax error, unexpected tSTRING_BEG, expecting ')'
...end=( f.label :パスワード"('6'+'文字以上')" );@outp...
...                              ^):
  
app/views/customers/registrations/new.html.erb:48: syntax error, unexpected tSTRING_BEG, expecting ')'
Started GET "/customers/sign_up" for 60.56.201.135 at 2021-08-14 18:31:36 +0000
Cannot render console from 60.56.201.135! Allowed networks: 127.0.0.1, ::1, 127.0.0.0/127.255.255.255
Processing by Customers::RegistrationsController#new as HTML
  Rendering customers/registrations/new.html.erb within layouts/application
  Rendered customers/registrations/new.html.erb within layouts/application (1.7ms)
Completed 500 Internal Server Error in 8ms (ActiveRecord: 0.0ms)


  
SyntaxError (/home/ec2-user/environment/nagano-cake/app/views/customers/registrations/new.html.erb:48: syntax error, unexpected '(', expecting ')'
...end=( f.label :パスワード('6'+'文字以上') );@output...
...                              ^
/home/ec2-user/environment/nagano-cake/app/views/customers/registrations/new.html.erb:48: syntax error, unexpected ')', expecting end
...ワード('6'+'文字以上') );@output_buffer.safe_append='
...                              ^
/home/ec2-user/environment/nagano-cake/app/views/customers/registrations/new.html.erb:68: syntax error, unexpected ensure, expecting end-of-input
          ensure
          ^~~~~~):
  
app/views/customers/registrations/new.html.erb:48: syntax error, unexpected '(', expecting ')'
app/views/customers/registrations/new.html.erb:48: syntax error, unexpected ')', expecting end
app/views/customers/registrations/new.html.erb:68: syntax error, unexpected ensure, expecting end-of-input
Started GET "/customers/sign_up" for 60.56.201.135 at 2021-08-14 18:31:50 +0000
Cannot render console from 60.56.201.135! Allowed networks: 127.0.0.1, ::1, 127.0.0.0/127.255.255.255
Processing by Customers::RegistrationsController#new as HTML
  Rendering customers/registrations/new.html.erb within layouts/application
  Rendered customers/registrations/new.html.erb within layouts/application (1.0ms)
Completed 500 Internal Server Error in 8ms (ActiveRecord: 0.0ms)


  
SyntaxError (/home/ec2-user/environment/nagano-cake/app/views/customers/registrations/new.html.erb:48: syntax error, unexpected tSTRING_BEG, expecting ')'
...end=( f.label :パスワード"(文字以上')" );@output_bu...
...                              ^):
  
app/views/customers/registrations/new.html.erb:48: syntax error, unexpected tSTRING_BEG, expecting ')'
Started GET "/customers/sign_up" for 60.56.201.135 at 2021-08-14 18:32:18 +0000
Cannot render console from 60.56.201.135! Allowed networks: 127.0.0.1, ::1, 127.0.0.0/127.255.255.255
Processing by Customers::RegistrationsController#new as HTML
  Rendering customers/registrations/new.html.erb within layouts/application
  Rendered customers/shared/_error_messages.html.erb (0.4ms)
  Rendered customers/shared/_links.html.erb (0.7ms)
  Rendered customers/registrations/new.html.erb within layouts/application (11.0ms)
  Rendered layouts/_header.html.erb (1.8ms)
Completed 200 OK in 102ms (Views: 100.9ms | ActiveRecord: 0.0ms)


Started GET "/customers/sign_up" for 60.56.201.135 at 2021-08-14 18:33:27 +0000
Cannot render console from 60.56.201.135! Allowed networks: 127.0.0.1, ::1, 127.0.0.0/127.255.255.255
Processing by Customers::RegistrationsController#new as HTML
  Rendering customers/registrations/new.html.erb within layouts/application
  Rendered customers/shared/_error_messages.html.erb (0.4ms)
  Rendered customers/shared/_links.html.erb (0.8ms)
  Rendered customers/registrations/new.html.erb within layouts/application (11.8ms)
  Rendered layouts/_header.html.erb (1.1ms)
Completed 200 OK in 147ms (Views: 146.0ms | ActiveRecord: 0.0ms)


Started GET "/customers/sign_up" for 60.56.201.135 at 2021-08-14 18:33:58 +0000
Cannot render console from 60.56.201.135! Allowed networks: 127.0.0.1, ::1, 127.0.0.0/127.255.255.255
Processing by Customers::RegistrationsController#new as HTML
  Rendering customers/registrations/new.html.erb within layouts/application
  Rendered customers/shared/_error_messages.html.erb (0.6ms)
  Rendered customers/shared/_links.html.erb (1.0ms)
  Rendered customers/registrations/new.html.erb within layouts/application (10.1ms)
  Rendered layouts/_header.html.erb (1.2ms)
Completed 200 OK in 114ms (Views: 113.2ms | ActiveRecord: 0.0ms)


Started GET "/customers/sign_up" for 60.56.201.135 at 2021-08-14 18:34:49 +0000
Cannot render console from 60.56.201.135! Allowed networks: 127.0.0.1, ::1, 127.0.0.0/127.255.255.255
Processing by Customers::RegistrationsController#new as HTML
  Rendering customers/registrations/new.html.erb within layouts/application
  Rendered customers/shared/_error_messages.html.erb (0.5ms)
  Rendered customers/shared/_links.html.erb (0.8ms)
  Rendered customers/registrations/new.html.erb within layouts/application (16.2ms)
  Rendered layouts/_header.html.erb (1.2ms)
Completed 200 OK in 126ms (Views: 125.2ms | ActiveRecord: 0.0ms)


Started GET "/customers/sign_up" for 60.56.201.135 at 2021-08-14 18:36:32 +0000
Cannot render console from 60.56.201.135! Allowed networks: 127.0.0.1, ::1, 127.0.0.0/127.255.255.255
Processing by Customers::RegistrationsController#new as HTML
  Rendering customers/registrations/new.html.erb within layouts/application
  Rendered customers/shared/_error_messages.html.erb (0.5ms)
  Rendered customers/shared/_links.html.erb (0.9ms)
  Rendered customers/registrations/new.html.erb within layouts/application (10.1ms)
  Rendered layouts/_header.html.erb (21.3ms)
Completed 200 OK in 126ms (Views: 125.7ms | ActiveRecord: 0.0ms)


Started GET "/" for 60.56.201.135 at 2021-08-14 18:42:35 +0000
Cannot render console from 60.56.201.135! Allowed networks: 127.0.0.1, ::1, 127.0.0.0/127.255.255.255
  [1m[35m (0.1ms)[0m  [1m[34mSELECT "schema_migrations"."version" FROM "schema_migrations" ORDER BY "schema_migrations"."version" ASC[0m
  ↳ /home/ec2-user/.rvm/gems/ruby-2.6.3/gems/activerecord-5.2.6/lib/active_record/log_subscriber.rb:98
Processing by HomesController#top as HTML
  Rendering homes/top.html.erb within layouts/application
  Rendered homes/top.html.erb within layouts/application (0.5ms)
Completed 500 Internal Server Error in 162ms (ActiveRecord: 0.0ms)


  
ActionView::Template::Error (couldn't find file 'jquery.jpostal' with type 'application/javascript'
Checked in these paths: 
  /home/ec2-user/environment/nagano-cake/app/assets/config
  /home/ec2-user/environment/nagano-cake/app/assets/images
  /home/ec2-user/environment/nagano-cake/app/assets/javascripts
  /home/ec2-user/environment/nagano-cake/app/assets/stylesheets
  /home/ec2-user/.rvm/gems/ruby-2.6.3/bundler/gems/refile-46b4178654e6/app/assets/javascripts
  /home/ec2-user/.rvm/gems/ruby-2.6.3/gems/jquery-rails-4.4.0/vendor/assets/javascripts
  /home/ec2-user/.rvm/gems/ruby-2.6.3/gems/coffee-rails-4.2.2/lib/assets/javascripts
  /home/ec2-user/.rvm/gems/ruby-2.6.3/gems/actioncable-5.2.6/lib/assets/compiled
  /home/ec2-user/.rvm/gems/ruby-2.6.3/gems/activestorage-5.2.6/app/assets/javascripts
  /home/ec2-user/.rvm/gems/ruby-2.6.3/gems/actionview-5.2.6/lib/assets/compiled
  /home/ec2-user/.rvm/gems/ruby-2.6.3/gems/turbolinks-source-5.2.0/lib/assets/javascripts
  /home/ec2-user/environment/nagano-cake/node_modules
  /home/ec2-user/.rvm/gems/ruby-2.6.3/gems/popper_js-1.16.0/assets/javascripts
  /home/ec2-user/.rvm/gems/ruby-2.6.3/gems/bootstrap-4.6.0/assets/stylesheets
  /home/ec2-user/.rvm/gems/ruby-2.6.3/gems/bootstrap-4.6.0/assets/javascripts):
     5:     <%= csrf_meta_tags %>
     6:     <%= csp_meta_tag %>
     7: 
     8:     <%= stylesheet_link_tag    'application', media: 'all', 'data-turbolinks-track': 'reload' %>
     9:     <%= javascript_include_tag 'application', 'data-turbolinks-track': 'reload' %>
    10:   </head>
    11: 
  
app/assets/javascripts/application.js:23
app/views/layouts/application.html.erb:8:in `_app_views_layouts_application_html_erb__2092108845460579312_52149140'
Started GET "/" for 60.56.201.135 at 2021-08-14 18:43:04 +0000
Cannot render console from 60.56.201.135! Allowed networks: 127.0.0.1, ::1, 127.0.0.0/127.255.255.255
Processing by HomesController#top as HTML
  Rendering homes/top.html.erb within layouts/application
  Rendered homes/top.html.erb within layouts/application (0.3ms)
Completed 500 Internal Server Error in 22ms (ActiveRecord: 0.0ms)


  
ActionView::Template::Error (couldn't find file 'jquery.jpostal' with type 'application/javascript'
Checked in these paths: 
  /home/ec2-user/environment/nagano-cake/app/assets/config
  /home/ec2-user/environment/nagano-cake/app/assets/images
  /home/ec2-user/environment/nagano-cake/app/assets/javascripts
  /home/ec2-user/environment/nagano-cake/app/assets/stylesheets
  /home/ec2-user/.rvm/gems/ruby-2.6.3/bundler/gems/refile-46b4178654e6/app/assets/javascripts
  /home/ec2-user/.rvm/gems/ruby-2.6.3/gems/jquery-rails-4.4.0/vendor/assets/javascripts
  /home/ec2-user/.rvm/gems/ruby-2.6.3/gems/coffee-rails-4.2.2/lib/assets/javascripts
  /home/ec2-user/.rvm/gems/ruby-2.6.3/gems/actioncable-5.2.6/lib/assets/compiled
  /home/ec2-user/.rvm/gems/ruby-2.6.3/gems/activestorage-5.2.6/app/assets/javascripts
  /home/ec2-user/.rvm/gems/ruby-2.6.3/gems/actionview-5.2.6/lib/assets/compiled
  /home/ec2-user/.rvm/gems/ruby-2.6.3/gems/turbolinks-source-5.2.0/lib/assets/javascripts
  /home/ec2-user/environment/nagano-cake/node_modules
  /home/ec2-user/.rvm/gems/ruby-2.6.3/gems/popper_js-1.16.0/assets/javascripts
  /home/ec2-user/.rvm/gems/ruby-2.6.3/gems/bootstrap-4.6.0/assets/stylesheets
  /home/ec2-user/.rvm/gems/ruby-2.6.3/gems/bootstrap-4.6.0/assets/javascripts):
     5:     <%= csrf_meta_tags %>
     6:     <%= csp_meta_tag %>
     7: 
     8:     <%= stylesheet_link_tag    'application', media: 'all', 'data-turbolinks-track': 'reload' %>
     9:     <%= javascript_include_tag 'application', 'data-turbolinks-track': 'reload' %>
    10:   </head>
    11: 
  
app/assets/javascripts/application.js:23
app/views/layouts/application.html.erb:8:in `_app_views_layouts_application_html_erb__2092108845460579312_70245612108500'
Started GET "/" for 60.56.201.135 at 2021-08-14 18:43:05 +0000
Cannot render console from 60.56.201.135! Allowed networks: 127.0.0.1, ::1, 127.0.0.0/127.255.255.255
Processing by HomesController#top as HTML
  Rendering homes/top.html.erb within layouts/application
  Rendered homes/top.html.erb within layouts/application (0.3ms)
Completed 500 Internal Server Error in 20ms (ActiveRecord: 0.0ms)


  
ActionView::Template::Error (couldn't find file 'jquery.jpostal' with type 'application/javascript'
Checked in these paths: 
  /home/ec2-user/environment/nagano-cake/app/assets/config
  /home/ec2-user/environment/nagano-cake/app/assets/images
  /home/ec2-user/environment/nagano-cake/app/assets/javascripts
  /home/ec2-user/environment/nagano-cake/app/assets/stylesheets
  /home/ec2-user/.rvm/gems/ruby-2.6.3/bundler/gems/refile-46b4178654e6/app/assets/javascripts
  /home/ec2-user/.rvm/gems/ruby-2.6.3/gems/jquery-rails-4.4.0/vendor/assets/javascripts
  /home/ec2-user/.rvm/gems/ruby-2.6.3/gems/coffee-rails-4.2.2/lib/assets/javascripts
  /home/ec2-user/.rvm/gems/ruby-2.6.3/gems/actioncable-5.2.6/lib/assets/compiled
  /home/ec2-user/.rvm/gems/ruby-2.6.3/gems/activestorage-5.2.6/app/assets/javascripts
  /home/ec2-user/.rvm/gems/ruby-2.6.3/gems/actionview-5.2.6/lib/assets/compiled
  /home/ec2-user/.rvm/gems/ruby-2.6.3/gems/turbolinks-source-5.2.0/lib/assets/javascripts
  /home/ec2-user/environment/nagano-cake/node_modules
  /home/ec2-user/.rvm/gems/ruby-2.6.3/gems/popper_js-1.16.0/assets/javascripts
  /home/ec2-user/.rvm/gems/ruby-2.6.3/gems/bootstrap-4.6.0/assets/stylesheets
  /home/ec2-user/.rvm/gems/ruby-2.6.3/gems/bootstrap-4.6.0/assets/javascripts):
     5:     <%= csrf_meta_tags %>
     6:     <%= csp_meta_tag %>
     7: 
     8:     <%= stylesheet_link_tag    'application', media: 'all', 'data-turbolinks-track': 'reload' %>
     9:     <%= javascript_include_tag 'application', 'data-turbolinks-track': 'reload' %>
    10:   </head>
    11: 
  
app/assets/javascripts/application.js:23
app/views/layouts/application.html.erb:8:in `_app_views_layouts_application_html_erb__2092108845460579312_70245610427420'
Started GET "/" for 60.56.201.135 at 2021-08-14 18:43:07 +0000
Cannot render console from 60.56.201.135! Allowed networks: 127.0.0.1, ::1, 127.0.0.0/127.255.255.255
Processing by HomesController#top as HTML
  Rendering homes/top.html.erb within layouts/application
  Rendered homes/top.html.erb within layouts/application (0.3ms)
Completed 500 Internal Server Error in 14ms (ActiveRecord: 0.0ms)


  
ActionView::Template::Error (couldn't find file 'jquery.jpostal' with type 'application/javascript'
Checked in these paths: 
  /home/ec2-user/environment/nagano-cake/app/assets/config
  /home/ec2-user/environment/nagano-cake/app/assets/images
  /home/ec2-user/environment/nagano-cake/app/assets/javascripts
  /home/ec2-user/environment/nagano-cake/app/assets/stylesheets
  /home/ec2-user/.rvm/gems/ruby-2.6.3/bundler/gems/refile-46b4178654e6/app/assets/javascripts
  /home/ec2-user/.rvm/gems/ruby-2.6.3/gems/jquery-rails-4.4.0/vendor/assets/javascripts
  /home/ec2-user/.rvm/gems/ruby-2.6.3/gems/coffee-rails-4.2.2/lib/assets/javascripts
  /home/ec2-user/.rvm/gems/ruby-2.6.3/gems/actioncable-5.2.6/lib/assets/compiled
  /home/ec2-user/.rvm/gems/ruby-2.6.3/gems/activestorage-5.2.6/app/assets/javascripts
  /home/ec2-user/.rvm/gems/ruby-2.6.3/gems/actionview-5.2.6/lib/assets/compiled
  /home/ec2-user/.rvm/gems/ruby-2.6.3/gems/turbolinks-source-5.2.0/lib/assets/javascripts
  /home/ec2-user/environment/nagano-cake/node_modules
  /home/ec2-user/.rvm/gems/ruby-2.6.3/gems/popper_js-1.16.0/assets/javascripts
  /home/ec2-user/.rvm/gems/ruby-2.6.3/gems/bootstrap-4.6.0/assets/stylesheets
  /home/ec2-user/.rvm/gems/ruby-2.6.3/gems/bootstrap-4.6.0/assets/javascripts):
     5:     <%= csrf_meta_tags %>
     6:     <%= csp_meta_tag %>
     7: 
     8:     <%= stylesheet_link_tag    'application', media: 'all', 'data-turbolinks-track': 'reload' %>
     9:     <%= javascript_include_tag 'application', 'data-turbolinks-track': 'reload' %>
    10:   </head>
    11: 
  
app/assets/javascripts/application.js:23
app/views/layouts/application.html.erb:8:in `_app_views_layouts_application_html_erb__2092108845460579312_70245610456880'
Started GET "/" for 60.56.201.135 at 2021-08-15 02:03:57 +0000
Cannot render console from 60.56.201.135! Allowed networks: 127.0.0.1, ::1, 127.0.0.0/127.255.255.255
  [1m[35m (0.2ms)[0m  [1m[34mSELECT "schema_migrations"."version" FROM "schema_migrations" ORDER BY "schema_migrations"."version" ASC[0m
  ↳ /home/ec2-user/.rvm/gems/ruby-2.6.3/gems/activerecord-5.2.6/lib/active_record/log_subscriber.rb:98
Processing by HomesController#top as HTML
  Rendering homes/top.html.erb within layouts/application
  Rendered homes/top.html.erb within layouts/application (2.9ms)
  Rendered layouts/_header.html.erb (11.8ms)
Completed 200 OK in 931ms (Views: 924.0ms | ActiveRecord: 0.0ms)


Started GET "/customers/sign_up" for 60.56.201.135 at 2021-08-15 02:04:01 +0000
Cannot render console from 60.56.201.135! Allowed networks: 127.0.0.1, ::1, 127.0.0.0/127.255.255.255
Processing by Customers::RegistrationsController#new as HTML
  Rendering customers/registrations/new.html.erb within layouts/application
  Rendered customers/shared/_error_messages.html.erb (0.8ms)
  Rendered customers/shared/_links.html.erb (1.1ms)
  Rendered customers/registrations/new.html.erb within layouts/application (80.5ms)
  Rendered layouts/_header.html.erb (1.2ms)
Completed 200 OK in 248ms (Views: 210.6ms | ActiveRecord: 0.9ms)


Started GET "/customers/sign_in" for 60.56.201.135 at 2021-08-15 02:04:04 +0000
Cannot render console from 60.56.201.135! Allowed networks: 127.0.0.1, ::1, 127.0.0.0/127.255.255.255
Processing by Customers::SessionsController#new as HTML
  Rendering customers/sessions/new.html.erb within layouts/application
  Rendered customers/shared/_links.html.erb (1.1ms)
  Rendered customers/sessions/new.html.erb within layouts/application (15.8ms)
  Rendered layouts/_header.html.erb (1.1ms)
Completed 200 OK in 131ms (Views: 129.8ms | ActiveRecord: 0.0ms)


Started GET "/items" for 60.56.201.135 at 2021-08-15 02:04:06 +0000
Cannot render console from 60.56.201.135! Allowed networks: 127.0.0.1, ::1, 127.0.0.0/127.255.255.255
Processing by Public::ItemsController#index as HTML
  Rendering public/items/index.html.erb within layouts/application
  Rendered public/items/index.html.erb within layouts/application (0.3ms)
  Rendered layouts/_header.html.erb (1.7ms)
Completed 200 OK in 109ms (Views: 106.8ms | ActiveRecord: 0.0ms)


Started GET "/about" for 60.56.201.135 at 2021-08-15 02:04:08 +0000
Cannot render console from 60.56.201.135! Allowed networks: 127.0.0.1, ::1, 127.0.0.0/127.255.255.255
Processing by HomesController#about as HTML
  Rendering homes/about.html.erb within layouts/application
  Rendered homes/about.html.erb within layouts/application (0.3ms)
  Rendered layouts/_header.html.erb (1.3ms)
Completed 200 OK in 82ms (Views: 81.6ms | ActiveRecord: 0.0ms)


Started GET "/customers/sign_in" for 60.56.201.135 at 2021-08-15 02:04:10 +0000
Cannot render console from 60.56.201.135! Allowed networks: 127.0.0.1, ::1, 127.0.0.0/127.255.255.255
Processing by Customers::SessionsController#new as HTML
  Rendering customers/sessions/new.html.erb within layouts/application
  Rendered customers/shared/_links.html.erb (0.8ms)
  Rendered customers/sessions/new.html.erb within layouts/application (9.4ms)
  Rendered layouts/_header.html.erb (1.2ms)
Completed 200 OK in 169ms (Views: 165.0ms | ActiveRecord: 0.0ms)


Started GET "/" for 61.46.164.51 at 2021-08-15 03:21:07 +0000
Cannot render console from 61.46.164.51! Allowed networks: 127.0.0.1, ::1, 127.0.0.0/127.255.255.255
  [1m[35m (2.7ms)[0m  [1m[34mSELECT "schema_migrations"."version" FROM "schema_migrations" ORDER BY "schema_migrations"."version" ASC[0m
  ↳ /home/ec2-user/.rvm/gems/ruby-2.6.3/gems/activerecord-5.2.6/lib/active_record/log_subscriber.rb:98
Processing by HomesController#top as HTML
  Rendering homes/top.html.erb within layouts/application
  Rendered homes/top.html.erb within layouts/application (5.1ms)
  Rendered layouts/_header.html.erb (4.9ms)
Completed 200 OK in 608ms (Views: 589.5ms | ActiveRecord: 0.0ms)


Started GET "/" for 61.46.164.51 at 2021-08-15 03:22:20 +0000
Cannot render console from 61.46.164.51! Allowed networks: 127.0.0.1, ::1, 127.0.0.0/127.255.255.255
  [1m[35m (0.1ms)[0m  [1m[34mSELECT "schema_migrations"."version" FROM "schema_migrations" ORDER BY "schema_migrations"."version" ASC[0m
  ↳ /home/ec2-user/.rvm/gems/ruby-2.6.3/gems/activerecord-5.2.6/lib/active_record/log_subscriber.rb:98
Processing by HomesController#top as HTML
  Rendering homes/top.html.erb within layouts/application
  Rendered homes/top.html.erb within layouts/application (8.4ms)
Completed 500 Internal Server Error in 19ms (ActiveRecord: 0.0ms)


  
ActionView::Template::Error (undefined method `each' for nil:NilClass):
    19:       <br>
    20:       <div class="row">
    21:         <div id="multipale-items">
    22:           <% @items.each do |item| %>
    23:           <div class="new-items">
    24:             <!-- 画像をクリックしたら商品詳細画面へ遷移 -->
    25:             <%= link_to item_path(item.id) do %>
  
app/views/homes/top.html.erb:22:in `_app_views_homes_top_html_erb__430653026113822089_42013400'
  [1m[35m (0.1ms)[0m  [1m[34mSELECT "schema_migrations"."version" FROM "schema_migrations" ORDER BY "schema_migrations"."version" ASC[0m
  ↳ bin/rails:9
  [1m[36mActiveRecord::InternalMetadata Load (0.1ms)[0m  [1m[34mSELECT  "ar_internal_metadata".* FROM "ar_internal_metadata" WHERE "ar_internal_metadata"."key" = ? LIMIT ?[0m  [["key", "environment"], ["LIMIT", 1]]
  ↳ bin/rails:9
  [1m[35m (0.0ms)[0m  [1m[36mbegin transaction[0m
  ↳ bin/rails:9
  [1m[35m (0.0ms)[0m  [1m[36mcommit transaction[0m
  ↳ bin/rails:9
  [1m[35m (0.1ms)[0m  [1m[34mSELECT "schema_migrations"."version" FROM "schema_migrations" ORDER BY "schema_migrations"."version" ASC[0m
  ↳ bin/rails:9
Started GET "/" for 61.46.164.51 at 2021-08-15 03:36:28 +0000
Cannot render console from 61.46.164.51! Allowed networks: 127.0.0.1, ::1, 127.0.0.0/127.255.255.255
  [1m[35m (0.1ms)[0m  [1m[34mSELECT "schema_migrations"."version" FROM "schema_migrations" ORDER BY "schema_migrations"."version" ASC[0m
  ↳ /home/ec2-user/.rvm/gems/ruby-2.6.3/gems/activerecord-5.2.6/lib/active_record/log_subscriber.rb:98
Processing by HomesController#top as HTML
  Rendering homes/top.html.erb within layouts/application
  Rendered homes/top.html.erb within layouts/application (2.3ms)
Completed 500 Internal Server Error in 13ms (ActiveRecord: 0.0ms)


  
ActionView::Template::Error (undefined method `each' for nil:NilClass):
    19:       <br>
    20:       <div class="row">
    21:         <div id="multipale-items">
    22:           <% @items.each do |item| %>
    23:           <div class="new-items">
    24:             <!-- 画像をクリックしたら商品詳細画面へ遷移 -->
    25:             <%= link_to item_path(item.id) do %>
  
app/views/homes/top.html.erb:22:in `_app_views_homes_top_html_erb___1037261499306895779_50270680'
Started GET "/" for 61.46.164.51 at 2021-08-15 03:37:05 +0000
Cannot render console from 61.46.164.51! Allowed networks: 127.0.0.1, ::1, 127.0.0.0/127.255.255.255
Processing by HomesController#top as HTML
  Rendering homes/top.html.erb within layouts/application
  Rendered homes/top.html.erb within layouts/application (1.7ms)
Completed 500 Internal Server Error in 7ms (ActiveRecord: 0.0ms)


  
ActionView::Template::Error (undefined method `each' for nil:NilClass):
    19:       <br>
    20:       <div class="row">
    21:         <div id="multipale-items">
    22:           <% @items.each do |item| %>
    23:           <div class="new-items">
    24:             <!-- 画像をクリックしたら商品詳細画面へ遷移 -->
    25:             <!--<%= link_to item_path(item.id) do %>-->
  
app/views/homes/top.html.erb:22:in `_app_views_homes_top_html_erb___1037261499306895779_70193086817600'
Started GET "/" for 61.46.164.51 at 2021-08-15 03:37:15 +0000
Cannot render console from 61.46.164.51! Allowed networks: 127.0.0.1, ::1, 127.0.0.0/127.255.255.255
Processing by HomesController#top as HTML
  Rendering homes/top.html.erb within layouts/application
  Rendered homes/top.html.erb within layouts/application (2.7ms)
Completed 500 Internal Server Error in 7ms (ActiveRecord: 0.0ms)


  
ActionView::Template::Error (undefined method `each' for nil:NilClass):
    19:       <br>
    20:       <div class="row">
    21:         <div id="multipale-items">
    22:           <% @items.each do |item| %>
    23:           <div class="new-items">
    24:             <!-- 画像をクリックしたら商品詳細画面へ遷移 -->
    25:             <!--<%= link_to item_path(item.id) do %>-->
  
app/views/homes/top.html.erb:22:in `_app_views_homes_top_html_erb___1037261499306895779_28751580'
Started GET "/" for 61.46.164.51 at 2021-08-15 03:43:07 +0000
Cannot render console from 61.46.164.51! Allowed networks: 127.0.0.1, ::1, 127.0.0.0/127.255.255.255
  [1m[35m (0.1ms)[0m  [1m[34mSELECT "schema_migrations"."version" FROM "schema_migrations" ORDER BY "schema_migrations"."version" ASC[0m
  ↳ /home/ec2-user/.rvm/gems/ruby-2.6.3/gems/activerecord-5.2.6/lib/active_record/log_subscriber.rb:98
Processing by HomesController#top as HTML
  Rendering homes/top.html.erb within layouts/application
  [1m[36mItem Load (0.2ms)[0m  [1m[34mSELECT  "items".* FROM "items" LIMIT ? OFFSET ?[0m  [["LIMIT", 8], ["OFFSET", 4]]
  ↳ app/views/homes/top.html.erb:22
  Rendered homes/top.html.erb within layouts/application (5.2ms)
  Rendered layouts/_header.html.erb (9.5ms)
Completed 200 OK in 4127ms (Views: 4105.9ms | ActiveRecord: 0.7ms)


  
ActionController::RoutingError (No route matches [GET] "/assets/shop.jpg"):
  
actionpack (5.2.6) lib/action_dispatch/middleware/debug_exceptions.rb:65:in `call'
web-console (3.7.0) lib/web_console/middleware.rb:135:in `call_app'
web-console (3.7.0) lib/web_console/middleware.rb:22:in `block in call'
web-console (3.7.0) lib/web_console/middleware.rb:20:in `catch'
web-console (3.7.0) lib/web_console/middleware.rb:20:in `call'
actionpack (5.2.6) lib/action_dispatch/middleware/show_exceptions.rb:33:in `call'
railties (5.2.6) lib/rails/rack/logger.rb:38:in `call_app'
railties (5.2.6) lib/rails/rack/logger.rb:26:in `block in call'
activesupport (5.2.6) lib/active_support/tagged_logging.rb:71:in `block in tagged'
activesupport (5.2.6) lib/active_support/tagged_logging.rb:28:in `tagged'
activesupport (5.2.6) lib/active_support/tagged_logging.rb:71:in `tagged'
railties (5.2.6) lib/rails/rack/logger.rb:26:in `call'
sprockets-rails (3.2.2) lib/sprockets/rails/quiet_assets.rb:11:in `block in call'
activesupport (5.2.6) lib/active_support/logger_silence.rb:21:in `silence'
activesupport (5.2.6) lib/active_support/logger.rb:65:in `block (3 levels) in broadcast'
activesupport (5.2.6) lib/active_support/logger_silence.rb:21:in `silence'
activesupport (5.2.6) lib/active_support/logger.rb:63:in `block (2 levels) in broadcast'
sprockets-rails (3.2.2) lib/sprockets/rails/quiet_assets.rb:11:in `call'
actionpack (5.2.6) lib/action_dispatch/middleware/remote_ip.rb:81:in `call'
actionpack (5.2.6) lib/action_dispatch/middleware/request_id.rb:27:in `call'
rack (2.2.3) lib/rack/method_override.rb:24:in `call'
rack (2.2.3) lib/rack/runtime.rb:22:in `call'
activesupport (5.2.6) lib/active_support/cache/strategy/local_cache_middleware.rb:29:in `call'
actionpack (5.2.6) lib/action_dispatch/middleware/executor.rb:14:in `call'
actionpack (5.2.6) lib/action_dispatch/middleware/static.rb:127:in `call'
rack (2.2.3) lib/rack/sendfile.rb:110:in `call'
railties (5.2.6) lib/rails/engine.rb:524:in `call'
puma (3.12.6) lib/puma/configuration.rb:227:in `call'
puma (3.12.6) lib/puma/server.rb:706:in `handle_request'
puma (3.12.6) lib/puma/server.rb:476:in `process_client'
puma (3.12.6) lib/puma/server.rb:334:in `block in run'
puma (3.12.6) lib/puma/thread_pool.rb:135:in `block in spawn_thread'
Started GET "/items" for 61.46.164.51 at 2021-08-15 03:58:31 +0000
Cannot render console from 61.46.164.51! Allowed networks: 127.0.0.1, ::1, 127.0.0.0/127.255.255.255
  [1m[35m (0.1ms)[0m  [1m[34mSELECT "schema_migrations"."version" FROM "schema_migrations" ORDER BY "schema_migrations"."version" ASC[0m
  ↳ /home/ec2-user/.rvm/gems/ruby-2.6.3/gems/activerecord-5.2.6/lib/active_record/log_subscriber.rb:98
Processing by Public::ItemsController#index as HTML
  Rendering public/items/index.html.erb within layouts/application
  Rendered public/items/index.html.erb within layouts/application (0.5ms)
  Rendered layouts/_header.html.erb (12.2ms)
Completed 200 OK in 488ms (Views: 477.7ms | ActiveRecord: 0.0ms)


  
ActionController::RoutingError (No route matches [GET] "/assets/shop.jpg"):
  
actionpack (5.2.6) lib/action_dispatch/middleware/debug_exceptions.rb:65:in `call'
web-console (3.7.0) lib/web_console/middleware.rb:135:in `call_app'
web-console (3.7.0) lib/web_console/middleware.rb:22:in `block in call'
web-console (3.7.0) lib/web_console/middleware.rb:20:in `catch'
web-console (3.7.0) lib/web_console/middleware.rb:20:in `call'
actionpack (5.2.6) lib/action_dispatch/middleware/show_exceptions.rb:33:in `call'
railties (5.2.6) lib/rails/rack/logger.rb:38:in `call_app'
railties (5.2.6) lib/rails/rack/logger.rb:26:in `block in call'
activesupport (5.2.6) lib/active_support/tagged_logging.rb:71:in `block in tagged'
activesupport (5.2.6) lib/active_support/tagged_logging.rb:28:in `tagged'
activesupport (5.2.6) lib/active_support/tagged_logging.rb:71:in `tagged'
railties (5.2.6) lib/rails/rack/logger.rb:26:in `call'
sprockets-rails (3.2.2) lib/sprockets/rails/quiet_assets.rb:11:in `block in call'
activesupport (5.2.6) lib/active_support/logger_silence.rb:21:in `silence'
activesupport (5.2.6) lib/active_support/logger.rb:65:in `block (3 levels) in broadcast'
activesupport (5.2.6) lib/active_support/logger_silence.rb:21:in `silence'
activesupport (5.2.6) lib/active_support/logger.rb:63:in `block (2 levels) in broadcast'
sprockets-rails (3.2.2) lib/sprockets/rails/quiet_assets.rb:11:in `call'
actionpack (5.2.6) lib/action_dispatch/middleware/remote_ip.rb:81:in `call'
actionpack (5.2.6) lib/action_dispatch/middleware/request_id.rb:27:in `call'
rack (2.2.3) lib/rack/method_override.rb:24:in `call'
rack (2.2.3) lib/rack/runtime.rb:22:in `call'
activesupport (5.2.6) lib/active_support/cache/strategy/local_cache_middleware.rb:29:in `call'
actionpack (5.2.6) lib/action_dispatch/middleware/executor.rb:14:in `call'
actionpack (5.2.6) lib/action_dispatch/middleware/static.rb:127:in `call'
rack (2.2.3) lib/rack/sendfile.rb:110:in `call'
railties (5.2.6) lib/rails/engine.rb:524:in `call'
puma (3.12.6) lib/puma/configuration.rb:227:in `call'
puma (3.12.6) lib/puma/server.rb:706:in `handle_request'
puma (3.12.6) lib/puma/server.rb:476:in `process_client'
puma (3.12.6) lib/puma/server.rb:334:in `block in run'
puma (3.12.6) lib/puma/thread_pool.rb:135:in `block in spawn_thread'
Started GET "/items" for 61.46.164.51 at 2021-08-15 03:58:35 +0000
Cannot render console from 61.46.164.51! Allowed networks: 127.0.0.1, ::1, 127.0.0.0/127.255.255.255
Processing by Public::ItemsController#index as HTML
  Rendering public/items/index.html.erb within layouts/application
  Rendered public/items/index.html.erb within layouts/application (1.4ms)
  Rendered layouts/_header.html.erb (1.2ms)
Completed 200 OK in 113ms (Views: 111.3ms | ActiveRecord: 0.0ms)


Started GET "/items" for 61.46.164.51 at 2021-08-15 04:03:35 +0000
Cannot render console from 61.46.164.51! Allowed networks: 127.0.0.1, ::1, 127.0.0.0/127.255.255.255
Processing by Public::ItemsController#index as HTML
  Rendering public/items/index.html.erb within layouts/application
  Rendered public/items/index.html.erb within layouts/application (0.6ms)
Completed 500 Internal Server Error in 5ms (ActiveRecord: 0.0ms)


  
SyntaxError (/home/ec2-user/environment/nagano-cake/app/views/public/items/index.html.erb:16: syntax error, unexpected end-of-input, expecting end):
  
app/views/public/items/index.html.erb:16: syntax error, unexpected end-of-input, expecting end
Started GET "/items" for 61.46.164.51 at 2021-08-15 04:20:51 +0000
Cannot render console from 61.46.164.51! Allowed networks: 127.0.0.1, ::1, 127.0.0.0/127.255.255.255
Processing by Public::ItemsController#index as HTML
  Rendering public/items/index.html.erb within layouts/application
  Rendered public/items/index.html.erb within layouts/application (3.7ms)
Completed 500 Internal Server Error in 16ms (ActiveRecord: 0.0ms)


  
SyntaxError (/home/ec2-user/environment/nagano-cake/app/views/public/items/index.html.erb:20: syntax error, unexpected tIDENTIFIER, expecting ')'
...てを行うためのメソッド
...^~~~~~~~~~~~~~~~~~~~~~~~~~~~~~~~~
/home/ec2-user/environment/nagano-cake/app/views/public/items/index.html.erb:23: syntax error, unexpected end, expecting ')'
'.freeze;         end 
                  ^~~
/home/ec2-user/environment/nagano-cake/app/views/public/items/index.html.erb:32: syntax error, unexpected ensure, expecting ')'
          ensure
          ^~~~~~
/home/ec2-user/environment/nagano-cake/app/views/public/items/index.html.erb:34: syntax error, unexpected end, expecting ')'
          end
          ^~~):
  
app/views/public/items/index.html.erb:20: syntax error, unexpected tIDENTIFIER, expecting ')'
app/views/public/items/index.html.erb:23: syntax error, unexpected end, expecting ')'
app/views/public/items/index.html.erb:32: syntax error, unexpected ensure, expecting ')'
app/views/public/items/index.html.erb:34: syntax error, unexpected end, expecting ')'
Started GET "/items" for 61.46.164.51 at 2021-08-15 04:21:10 +0000
Cannot render console from 61.46.164.51! Allowed networks: 127.0.0.1, ::1, 127.0.0.0/127.255.255.255
Processing by Public::ItemsController#index as HTML
  Rendering public/items/index.html.erb within layouts/application
  Rendered public/items/index.html.erb within layouts/application (0.7ms)
Completed 500 Internal Server Error in 9ms (ActiveRecord: 0.0ms)


  
SyntaxError (/home/ec2-user/environment/nagano-cake/app/views/public/items/index.html.erb:20: unknown regexp option - p
/home/ec2-user/environment/nagano-cake/app/views/public/items/index.html.erb:20: unmatched close parenthesis: /p>
          <p>\u00A5<%= (item.unit_price_without_tax*1.1).floor );@output_buffer.safe_append='</
/home/ec2-user/environment/nagano-cake/app/views/public/items/index.html.erb:21: syntax error, unexpected '<'
        </div>
        ^
/home/ec2-user/environment/nagano-cake/app/views/public/items/index.html.erb:23: unknown regexp options - dv
/home/ec2-user/environment/nagano-cake/app/views/public/items/index.html.erb:24: syntax error, unexpected '<'
      <div class="col-xs-6 col-xs-of...
      ^
/home/ec2-user/environment/nagano-cake/app/views/public/items/index.html.erb:26: syntax error, unexpected '<', expecting ')'
      </div>
      ^
/home/ec2-user/environment/nagano-cake/app/views/public/items/index.html.erb:27: unknown regexp options - dv
/home/ec2-user/environment/nagano-cake/app/views/public/items/index.html.erb:28: syntax error, unexpected '<'
  </div>
  ^
/home/ec2-user/environment/nagano-cake/app/views/public/items/index.html.erb:29: unknown regexp options - dv
/home/ec2-user/environment/nagano-cake/app/views/public/items/index.html.erb:33: unterminated string meets end of file
          end
              ^
/home/ec2-user/environment/nagano-cake/app/views/public/items/index.html.erb:33: syntax error, unexpected end-of-input, expecting ')'):
  
app/views/public/items/index.html.erb:20: unknown regexp option - p
app/views/public/items/index.html.erb:20: unmatched close parenthesis: /p>
app/views/public/items/index.html.erb:21: syntax error, unexpected '<'
app/views/public/items/index.html.erb:23: unknown regexp options - dv
app/views/public/items/index.html.erb:24: syntax error, unexpected '<'
app/views/public/items/index.html.erb:26: syntax error, unexpected '<', expecting ')'
app/views/public/items/index.html.erb:27: unknown regexp options - dv
app/views/public/items/index.html.erb:28: syntax error, unexpected '<'
app/views/public/items/index.html.erb:29: unknown regexp options - dv
app/views/public/items/index.html.erb:33: unterminated string meets end of file
app/views/public/items/index.html.erb:33: syntax error, unexpected end-of-input, expecting ')'
Started GET "/items" for 61.46.164.51 at 2021-08-15 04:22:08 +0000
Cannot render console from 61.46.164.51! Allowed networks: 127.0.0.1, ::1, 127.0.0.0/127.255.255.255
Processing by Public::ItemsController#index as HTML
  Rendering public/items/index.html.erb within layouts/application
  Rendered public/items/index.html.erb within layouts/application (0.8ms)
Completed 500 Internal Server Error in 5ms (ActiveRecord: 0.0ms)


  
SyntaxError (/home/ec2-user/environment/nagano-cake/app/views/public/items/index.html.erb:20: unknown regexp option - p
/home/ec2-user/environment/nagano-cake/app/views/public/items/index.html.erb:20: unmatched close parenthesis: /p>
          <p>\u00A5<%= (item.unit_price_without_tax*1.1).floor );@output_buffer.safe_append='</
/home/ec2-user/environment/nagano-cake/app/views/public/items/index.html.erb:21: syntax error, unexpected '<'
        </div>
        ^
/home/ec2-user/environment/nagano-cake/app/views/public/items/index.html.erb:23: unknown regexp options - dv
/home/ec2-user/environment/nagano-cake/app/views/public/items/index.html.erb:24: syntax error, unexpected '<'
      <div class="col-xs-6 col-xs-of...
      ^
/home/ec2-user/environment/nagano-cake/app/views/public/items/index.html.erb:26: syntax error, unexpected '<', expecting ')'
      </div>
      ^
/home/ec2-user/environment/nagano-cake/app/views/public/items/index.html.erb:27: unknown regexp options - dv
/home/ec2-user/environment/nagano-cake/app/views/public/items/index.html.erb:28: syntax error, unexpected '<'
  </div>
  ^
/home/ec2-user/environment/nagano-cake/app/views/public/items/index.html.erb:29: unknown regexp options - dv
/home/ec2-user/environment/nagano-cake/app/views/public/items/index.html.erb:33: unterminated string meets end of file
          end
              ^
/home/ec2-user/environment/nagano-cake/app/views/public/items/index.html.erb:33: syntax error, unexpected end-of-input, expecting ')'):
  
app/views/public/items/index.html.erb:20: unknown regexp option - p
app/views/public/items/index.html.erb:20: unmatched close parenthesis: /p>
app/views/public/items/index.html.erb:21: syntax error, unexpected '<'
app/views/public/items/index.html.erb:23: unknown regexp options - dv
app/views/public/items/index.html.erb:24: syntax error, unexpected '<'
app/views/public/items/index.html.erb:26: syntax error, unexpected '<', expecting ')'
app/views/public/items/index.html.erb:27: unknown regexp options - dv
app/views/public/items/index.html.erb:28: syntax error, unexpected '<'
app/views/public/items/index.html.erb:29: unknown regexp options - dv
app/views/public/items/index.html.erb:33: unterminated string meets end of file
app/views/public/items/index.html.erb:33: syntax error, unexpected end-of-input, expecting ')'
Started GET "/items" for 61.46.164.51 at 2021-08-15 04:23:46 +0000
Cannot render console from 61.46.164.51! Allowed networks: 127.0.0.1, ::1, 127.0.0.0/127.255.255.255
Processing by Public::ItemsController#index as HTML
  Rendering public/items/index.html.erb within layouts/application
  Rendered public/items/index.html.erb within layouts/application (25.6ms)
Completed 500 Internal Server Error in 120ms (ActiveRecord: 0.0ms)


  
SyntaxError (/home/ec2-user/environment/nagano-cake/app/views/public/items/index.html.erb:20: unknown regexp option - p
/home/ec2-user/environment/nagano-cake/app/views/public/items/index.html.erb:20: unmatched close parenthesis: /p>
          <p>\u00A5<%= (item.unit_price_without_tax*1.1).floor );@output_buffer.safe_append='</
/home/ec2-user/environment/nagano-cake/app/views/public/items/index.html.erb:21: syntax error, unexpected '<'
        </div>
        ^
/home/ec2-user/environment/nagano-cake/app/views/public/items/index.html.erb:23: unknown regexp options - dv
/home/ec2-user/environment/nagano-cake/app/views/public/items/index.html.erb:24: syntax error, unexpected '<'
      <div class="col-xs-6 col-xs-of...
      ^
/home/ec2-user/environment/nagano-cake/app/views/public/items/index.html.erb:26: syntax error, unexpected '<', expecting ')'
      </div>
      ^
/home/ec2-user/environment/nagano-cake/app/views/public/items/index.html.erb:27: unknown regexp options - dv
/home/ec2-user/environment/nagano-cake/app/views/public/items/index.html.erb:28: syntax error, unexpected '<'
  </div>
  ^
/home/ec2-user/environment/nagano-cake/app/views/public/items/index.html.erb:29: unknown regexp options - dv
/home/ec2-user/environment/nagano-cake/app/views/public/items/index.html.erb:33: unterminated string meets end of file
          end
              ^
/home/ec2-user/environment/nagano-cake/app/views/public/items/index.html.erb:33: syntax error, unexpected end-of-input, expecting ')'):
  
app/views/public/items/index.html.erb:20: unknown regexp option - p
app/views/public/items/index.html.erb:20: unmatched close parenthesis: /p>
app/views/public/items/index.html.erb:21: syntax error, unexpected '<'
app/views/public/items/index.html.erb:23: unknown regexp options - dv
app/views/public/items/index.html.erb:24: syntax error, unexpected '<'
app/views/public/items/index.html.erb:26: syntax error, unexpected '<', expecting ')'
app/views/public/items/index.html.erb:27: unknown regexp options - dv
app/views/public/items/index.html.erb:28: syntax error, unexpected '<'
app/views/public/items/index.html.erb:29: unknown regexp options - dv
app/views/public/items/index.html.erb:33: unterminated string meets end of file
app/views/public/items/index.html.erb:33: syntax error, unexpected end-of-input, expecting ')'
Started GET "/items" for 61.46.164.51 at 2021-08-15 04:25:57 +0000
Cannot render console from 61.46.164.51! Allowed networks: 127.0.0.1, ::1, 127.0.0.0/127.255.255.255
Processing by Public::ItemsController#index as HTML
  Rendering public/items/index.html.erb within layouts/application
  Rendered public/items/index.html.erb within layouts/application (0.8ms)
Completed 500 Internal Server Error in 5ms (ActiveRecord: 0.0ms)


  
SyntaxError (/home/ec2-user/environment/nagano-cake/app/views/public/items/index.html.erb:20: unknown regexp option - p
/home/ec2-user/environment/nagano-cake/app/views/public/items/index.html.erb:20: unmatched close parenthesis: /p>
          <p>\u00A5<%= (item.unit_price_without_tax*1.1).floor );@output_buffer.safe_append='</
/home/ec2-user/environment/nagano-cake/app/views/public/items/index.html.erb:21: syntax error, unexpected '<'
        </div>
        ^
/home/ec2-user/environment/nagano-cake/app/views/public/items/index.html.erb:23: unknown regexp options - dv
/home/ec2-user/environment/nagano-cake/app/views/public/items/index.html.erb:24: syntax error, unexpected '<'
      <div class="col-xs-6 col-xs-of...
      ^
/home/ec2-user/environment/nagano-cake/app/views/public/items/index.html.erb:26: syntax error, unexpected '<', expecting ')'
      </div>
      ^
/home/ec2-user/environment/nagano-cake/app/views/public/items/index.html.erb:27: unknown regexp options - dv
/home/ec2-user/environment/nagano-cake/app/views/public/items/index.html.erb:28: syntax error, unexpected '<'
  </div>
  ^
/home/ec2-user/environment/nagano-cake/app/views/public/items/index.html.erb:29: unknown regexp options - dv
/home/ec2-user/environment/nagano-cake/app/views/public/items/index.html.erb:33: unterminated string meets end of file
          end
              ^
/home/ec2-user/environment/nagano-cake/app/views/public/items/index.html.erb:33: syntax error, unexpected end-of-input, expecting ')'):
  
app/views/public/items/index.html.erb:20: unknown regexp option - p
app/views/public/items/index.html.erb:20: unmatched close parenthesis: /p>
app/views/public/items/index.html.erb:21: syntax error, unexpected '<'
app/views/public/items/index.html.erb:23: unknown regexp options - dv
app/views/public/items/index.html.erb:24: syntax error, unexpected '<'
app/views/public/items/index.html.erb:26: syntax error, unexpected '<', expecting ')'
app/views/public/items/index.html.erb:27: unknown regexp options - dv
app/views/public/items/index.html.erb:28: syntax error, unexpected '<'
app/views/public/items/index.html.erb:29: unknown regexp options - dv
app/views/public/items/index.html.erb:33: unterminated string meets end of file
app/views/public/items/index.html.erb:33: syntax error, unexpected end-of-input, expecting ')'
Started GET "/items" for 61.46.164.51 at 2021-08-15 04:27:40 +0000
Cannot render console from 61.46.164.51! Allowed networks: 127.0.0.1, ::1, 127.0.0.0/127.255.255.255
Processing by Public::ItemsController#index as HTML
  Rendering public/items/index.html.erb within layouts/application
  Rendered public/items/index.html.erb within layouts/application (0.6ms)
Completed 500 Internal Server Error in 7ms (ActiveRecord: 0.0ms)


  
SyntaxError (/home/ec2-user/environment/nagano-cake/app/views/public/items/index.html.erb:20: unknown regexp option - p
/home/ec2-user/environment/nagano-cake/app/views/public/items/index.html.erb:20: unmatched close parenthesis: /p>
          <p>\u00A5<%= (item.unit_price_without_tax*1.1).floor );@output_buffer.safe_append='</
/home/ec2-user/environment/nagano-cake/app/views/public/items/index.html.erb:21: syntax error, unexpected '<'
        </div>
        ^
/home/ec2-user/environment/nagano-cake/app/views/public/items/index.html.erb:23: unknown regexp options - dv
/home/ec2-user/environment/nagano-cake/app/views/public/items/index.html.erb:24: syntax error, unexpected '<'
      <div class="col-xs-6 col-xs-of...
      ^
/home/ec2-user/environment/nagano-cake/app/views/public/items/index.html.erb:26: syntax error, unexpected '<', expecting ')'
      </div>
      ^
/home/ec2-user/environment/nagano-cake/app/views/public/items/index.html.erb:27: unknown regexp options - dv
/home/ec2-user/environment/nagano-cake/app/views/public/items/index.html.erb:28: syntax error, unexpected '<'
  </div>
  ^
/home/ec2-user/environment/nagano-cake/app/views/public/items/index.html.erb:29: unknown regexp options - dv
/home/ec2-user/environment/nagano-cake/app/views/public/items/index.html.erb:33: unterminated string meets end of file
          end
              ^
/home/ec2-user/environment/nagano-cake/app/views/public/items/index.html.erb:33: syntax error, unexpected end-of-input, expecting ')'):
  
app/views/public/items/index.html.erb:20: unknown regexp option - p
app/views/public/items/index.html.erb:20: unmatched close parenthesis: /p>
app/views/public/items/index.html.erb:21: syntax error, unexpected '<'
app/views/public/items/index.html.erb:23: unknown regexp options - dv
app/views/public/items/index.html.erb:24: syntax error, unexpected '<'
app/views/public/items/index.html.erb:26: syntax error, unexpected '<', expecting ')'
app/views/public/items/index.html.erb:27: unknown regexp options - dv
app/views/public/items/index.html.erb:28: syntax error, unexpected '<'
app/views/public/items/index.html.erb:29: unknown regexp options - dv
app/views/public/items/index.html.erb:33: unterminated string meets end of file
app/views/public/items/index.html.erb:33: syntax error, unexpected end-of-input, expecting ')'
Started GET "/items" for 61.46.164.51 at 2021-08-15 04:29:58 +0000
Cannot render console from 61.46.164.51! Allowed networks: 127.0.0.1, ::1, 127.0.0.0/127.255.255.255
Processing by Public::ItemsController#index as HTML
  Rendering public/items/index.html.erb within layouts/application
  Rendered public/items/index.html.erb within layouts/application (0.7ms)
Completed 500 Internal Server Error in 6ms (ActiveRecord: 0.0ms)


  
SyntaxError (/home/ec2-user/environment/nagano-cake/app/views/public/items/index.html.erb:21: unknown regexp option - p
/home/ec2-user/environment/nagano-cake/app/views/public/items/index.html.erb:21: unmatched close parenthesis: /p>
            <p>\u00A5<%= (item.unit_price_without_tax*1.1).floor );@output_buffer.safe_append='</
/home/ec2-user/environment/nagano-cake/app/views/public/items/index.html.erb:22: syntax error, unexpected '<'
          </div>
          ^
/home/ec2-user/environment/nagano-cake/app/views/public/items/index.html.erb:24: unknown regexp options - dv
/home/ec2-user/environment/nagano-cake/app/views/public/items/index.html.erb:25: syntax error, unexpected '<'
        <div class="col-xs-6 col-xs-of...
        ^
/home/ec2-user/environment/nagano-cake/app/views/public/items/index.html.erb:27: syntax error, unexpected '<', expecting ')'
        </div>
        ^
/home/ec2-user/environment/nagano-cake/app/views/public/items/index.html.erb:28: unknown regexp options - dv
/home/ec2-user/environment/nagano-cake/app/views/public/items/index.html.erb:29: syntax error, unexpected '<'
  </div>
  ^
/home/ec2-user/environment/nagano-cake/app/views/public/items/index.html.erb:30: unknown regexp options - dv
/home/ec2-user/environment/nagano-cake/app/views/public/items/index.html.erb:34: unterminated string meets end of file
          end
              ^
/home/ec2-user/environment/nagano-cake/app/views/public/items/index.html.erb:34: syntax error, unexpected end-of-input, expecting ')'):
  
app/views/public/items/index.html.erb:21: unknown regexp option - p
app/views/public/items/index.html.erb:21: unmatched close parenthesis: /p>
app/views/public/items/index.html.erb:22: syntax error, unexpected '<'
app/views/public/items/index.html.erb:24: unknown regexp options - dv
app/views/public/items/index.html.erb:25: syntax error, unexpected '<'
app/views/public/items/index.html.erb:27: syntax error, unexpected '<', expecting ')'
app/views/public/items/index.html.erb:28: unknown regexp options - dv
app/views/public/items/index.html.erb:29: syntax error, unexpected '<'
app/views/public/items/index.html.erb:30: unknown regexp options - dv
app/views/public/items/index.html.erb:34: unterminated string meets end of file
app/views/public/items/index.html.erb:34: syntax error, unexpected end-of-input, expecting ')'
Started GET "/items" for 61.46.164.51 at 2021-08-15 04:31:31 +0000
Cannot render console from 61.46.164.51! Allowed networks: 127.0.0.1, ::1, 127.0.0.0/127.255.255.255
Processing by Public::ItemsController#index as HTML
  Rendering public/items/index.html.erb within layouts/application
  Rendered public/items/index.html.erb within layouts/application (0.7ms)
Completed 500 Internal Server Error in 7ms (ActiveRecord: 0.0ms)


  
SyntaxError (/home/ec2-user/environment/nagano-cake/app/views/public/items/index.html.erb:21: unknown regexp option - p
/home/ec2-user/environment/nagano-cake/app/views/public/items/index.html.erb:21: unmatched close parenthesis: /p>
            <p>\u00A5<%= (item.unit_price_without_tax*1.1).floor );@output_buffer.safe_append='</
/home/ec2-user/environment/nagano-cake/app/views/public/items/index.html.erb:22: syntax error, unexpected '<'
          </div>
          ^
/home/ec2-user/environment/nagano-cake/app/views/public/items/index.html.erb:24: unknown regexp options - dv
/home/ec2-user/environment/nagano-cake/app/views/public/items/index.html.erb:25: syntax error, unexpected '<'
        <div class="col-xs-6 col-xs-of...
        ^
/home/ec2-user/environment/nagano-cake/app/views/public/items/index.html.erb:27: syntax error, unexpected '<', expecting ')'
        </div>
        ^
/home/ec2-user/environment/nagano-cake/app/views/public/items/index.html.erb:28: unknown regexp options - dv
/home/ec2-user/environment/nagano-cake/app/views/public/items/index.html.erb:29: syntax error, unexpected '<'
  </div>
  ^
/home/ec2-user/environment/nagano-cake/app/views/public/items/index.html.erb:30: unknown regexp options - dv
/home/ec2-user/environment/nagano-cake/app/views/public/items/index.html.erb:34: unterminated string meets end of file
          end
              ^
/home/ec2-user/environment/nagano-cake/app/views/public/items/index.html.erb:34: syntax error, unexpected end-of-input, expecting ')'):
  
app/views/public/items/index.html.erb:21: unknown regexp option - p
app/views/public/items/index.html.erb:21: unmatched close parenthesis: /p>
app/views/public/items/index.html.erb:22: syntax error, unexpected '<'
app/views/public/items/index.html.erb:24: unknown regexp options - dv
app/views/public/items/index.html.erb:25: syntax error, unexpected '<'
app/views/public/items/index.html.erb:27: syntax error, unexpected '<', expecting ')'
app/views/public/items/index.html.erb:28: unknown regexp options - dv
app/views/public/items/index.html.erb:29: syntax error, unexpected '<'
app/views/public/items/index.html.erb:30: unknown regexp options - dv
app/views/public/items/index.html.erb:34: unterminated string meets end of file
app/views/public/items/index.html.erb:34: syntax error, unexpected end-of-input, expecting ')'
Started GET "/" for 61.46.164.51 at 2021-08-15 04:33:23 +0000
Cannot render console from 61.46.164.51! Allowed networks: 127.0.0.1, ::1, 127.0.0.0/127.255.255.255
  
ActionController::RoutingError (uninitialized constant HomesController):
  
activesupport (5.2.6) lib/active_support/inflector/methods.rb:283:in `const_get'
activesupport (5.2.6) lib/active_support/inflector/methods.rb:283:in `block in constantize'
activesupport (5.2.6) lib/active_support/inflector/methods.rb:281:in `each'
activesupport (5.2.6) lib/active_support/inflector/methods.rb:281:in `inject'
activesupport (5.2.6) lib/active_support/inflector/methods.rb:281:in `constantize'
actionpack (5.2.6) lib/action_dispatch/http/request.rb:88:in `controller_class_for'
actionpack (5.2.6) lib/action_dispatch/http/request.rb:81:in `controller_class'
actionpack (5.2.6) lib/action_dispatch/routing/route_set.rb:46:in `controller'
actionpack (5.2.6) lib/action_dispatch/routing/route_set.rb:32:in `serve'
actionpack (5.2.6) lib/action_dispatch/journey/router.rb:52:in `block in serve'
actionpack (5.2.6) lib/action_dispatch/journey/router.rb:35:in `each'
actionpack (5.2.6) lib/action_dispatch/journey/router.rb:35:in `serve'
actionpack (5.2.6) lib/action_dispatch/routing/route_set.rb:840:in `call'
warden (1.2.9) lib/warden/manager.rb:36:in `block in call'
warden (1.2.9) lib/warden/manager.rb:34:in `catch'
warden (1.2.9) lib/warden/manager.rb:34:in `call'
rack (2.2.3) lib/rack/tempfile_reaper.rb:15:in `call'
rack (2.2.3) lib/rack/etag.rb:27:in `call'
rack (2.2.3) lib/rack/conditional_get.rb:27:in `call'
rack (2.2.3) lib/rack/head.rb:12:in `call'
actionpack (5.2.6) lib/action_dispatch/http/content_security_policy.rb:18:in `call'
rack (2.2.3) lib/rack/session/abstract/id.rb:266:in `context'
rack (2.2.3) lib/rack/session/abstract/id.rb:260:in `call'
actionpack (5.2.6) lib/action_dispatch/middleware/cookies.rb:670:in `call'
activerecord (5.2.6) lib/active_record/migration.rb:559:in `call'
actionpack (5.2.6) lib/action_dispatch/middleware/callbacks.rb:28:in `block in call'
activesupport (5.2.6) lib/active_support/callbacks.rb:98:in `run_callbacks'
actionpack (5.2.6) lib/action_dispatch/middleware/callbacks.rb:26:in `call'
actionpack (5.2.6) lib/action_dispatch/middleware/executor.rb:14:in `call'
actionpack (5.2.6) lib/action_dispatch/middleware/debug_exceptions.rb:61:in `call'
web-console (3.7.0) lib/web_console/middleware.rb:135:in `call_app'
web-console (3.7.0) lib/web_console/middleware.rb:22:in `block in call'
web-console (3.7.0) lib/web_console/middleware.rb:20:in `catch'
web-console (3.7.0) lib/web_console/middleware.rb:20:in `call'
actionpack (5.2.6) lib/action_dispatch/middleware/show_exceptions.rb:33:in `call'
railties (5.2.6) lib/rails/rack/logger.rb:38:in `call_app'
railties (5.2.6) lib/rails/rack/logger.rb:26:in `block in call'
activesupport (5.2.6) lib/active_support/tagged_logging.rb:71:in `block in tagged'
activesupport (5.2.6) lib/active_support/tagged_logging.rb:28:in `tagged'
activesupport (5.2.6) lib/active_support/tagged_logging.rb:71:in `tagged'
railties (5.2.6) lib/rails/rack/logger.rb:26:in `call'
sprockets-rails (3.2.2) lib/sprockets/rails/quiet_assets.rb:13:in `call'
actionpack (5.2.6) lib/action_dispatch/middleware/remote_ip.rb:81:in `call'
actionpack (5.2.6) lib/action_dispatch/middleware/request_id.rb:27:in `call'
rack (2.2.3) lib/rack/method_override.rb:24:in `call'
rack (2.2.3) lib/rack/runtime.rb:22:in `call'
activesupport (5.2.6) lib/active_support/cache/strategy/local_cache_middleware.rb:29:in `call'
actionpack (5.2.6) lib/action_dispatch/middleware/executor.rb:14:in `call'
actionpack (5.2.6) lib/action_dispatch/middleware/static.rb:127:in `call'
rack (2.2.3) lib/rack/sendfile.rb:110:in `call'
railties (5.2.6) lib/rails/engine.rb:524:in `call'
puma (3.12.6) lib/puma/configuration.rb:227:in `call'
puma (3.12.6) lib/puma/server.rb:706:in `handle_request'
puma (3.12.6) lib/puma/server.rb:476:in `process_client'
puma (3.12.6) lib/puma/server.rb:334:in `block in run'
puma (3.12.6) lib/puma/thread_pool.rb:135:in `block in spawn_thread'
Started GET "/" for 61.46.164.51 at 2021-08-15 04:33:49 +0000
Cannot render console from 61.46.164.51! Allowed networks: 127.0.0.1, ::1, 127.0.0.0/127.255.255.255
  
ActionController::RoutingError (uninitialized constant HomesController):
  
activesupport (5.2.6) lib/active_support/inflector/methods.rb:283:in `const_get'
activesupport (5.2.6) lib/active_support/inflector/methods.rb:283:in `block in constantize'
activesupport (5.2.6) lib/active_support/inflector/methods.rb:281:in `each'
activesupport (5.2.6) lib/active_support/inflector/methods.rb:281:in `inject'
activesupport (5.2.6) lib/active_support/inflector/methods.rb:281:in `constantize'
actionpack (5.2.6) lib/action_dispatch/http/request.rb:88:in `controller_class_for'
actionpack (5.2.6) lib/action_dispatch/http/request.rb:81:in `controller_class'
actionpack (5.2.6) lib/action_dispatch/routing/route_set.rb:46:in `controller'
actionpack (5.2.6) lib/action_dispatch/routing/route_set.rb:32:in `serve'
actionpack (5.2.6) lib/action_dispatch/journey/router.rb:52:in `block in serve'
actionpack (5.2.6) lib/action_dispatch/journey/router.rb:35:in `each'
actionpack (5.2.6) lib/action_dispatch/journey/router.rb:35:in `serve'
actionpack (5.2.6) lib/action_dispatch/routing/route_set.rb:840:in `call'
warden (1.2.9) lib/warden/manager.rb:36:in `block in call'
warden (1.2.9) lib/warden/manager.rb:34:in `catch'
warden (1.2.9) lib/warden/manager.rb:34:in `call'
rack (2.2.3) lib/rack/tempfile_reaper.rb:15:in `call'
rack (2.2.3) lib/rack/etag.rb:27:in `call'
rack (2.2.3) lib/rack/conditional_get.rb:27:in `call'
rack (2.2.3) lib/rack/head.rb:12:in `call'
actionpack (5.2.6) lib/action_dispatch/http/content_security_policy.rb:18:in `call'
rack (2.2.3) lib/rack/session/abstract/id.rb:266:in `context'
rack (2.2.3) lib/rack/session/abstract/id.rb:260:in `call'
actionpack (5.2.6) lib/action_dispatch/middleware/cookies.rb:670:in `call'
activerecord (5.2.6) lib/active_record/migration.rb:559:in `call'
actionpack (5.2.6) lib/action_dispatch/middleware/callbacks.rb:28:in `block in call'
activesupport (5.2.6) lib/active_support/callbacks.rb:98:in `run_callbacks'
actionpack (5.2.6) lib/action_dispatch/middleware/callbacks.rb:26:in `call'
actionpack (5.2.6) lib/action_dispatch/middleware/executor.rb:14:in `call'
actionpack (5.2.6) lib/action_dispatch/middleware/debug_exceptions.rb:61:in `call'
web-console (3.7.0) lib/web_console/middleware.rb:135:in `call_app'
web-console (3.7.0) lib/web_console/middleware.rb:22:in `block in call'
web-console (3.7.0) lib/web_console/middleware.rb:20:in `catch'
web-console (3.7.0) lib/web_console/middleware.rb:20:in `call'
actionpack (5.2.6) lib/action_dispatch/middleware/show_exceptions.rb:33:in `call'
railties (5.2.6) lib/rails/rack/logger.rb:38:in `call_app'
railties (5.2.6) lib/rails/rack/logger.rb:26:in `block in call'
activesupport (5.2.6) lib/active_support/tagged_logging.rb:71:in `block in tagged'
activesupport (5.2.6) lib/active_support/tagged_logging.rb:28:in `tagged'
activesupport (5.2.6) lib/active_support/tagged_logging.rb:71:in `tagged'
railties (5.2.6) lib/rails/rack/logger.rb:26:in `call'
sprockets-rails (3.2.2) lib/sprockets/rails/quiet_assets.rb:13:in `call'
actionpack (5.2.6) lib/action_dispatch/middleware/remote_ip.rb:81:in `call'
actionpack (5.2.6) lib/action_dispatch/middleware/request_id.rb:27:in `call'
rack (2.2.3) lib/rack/method_override.rb:24:in `call'
rack (2.2.3) lib/rack/runtime.rb:22:in `call'
activesupport (5.2.6) lib/active_support/cache/strategy/local_cache_middleware.rb:29:in `call'
actionpack (5.2.6) lib/action_dispatch/middleware/executor.rb:14:in `call'
actionpack (5.2.6) lib/action_dispatch/middleware/static.rb:127:in `call'
rack (2.2.3) lib/rack/sendfile.rb:110:in `call'
railties (5.2.6) lib/rails/engine.rb:524:in `call'
puma (3.12.6) lib/puma/configuration.rb:227:in `call'
puma (3.12.6) lib/puma/server.rb:706:in `handle_request'
puma (3.12.6) lib/puma/server.rb:476:in `process_client'
puma (3.12.6) lib/puma/server.rb:334:in `block in run'
puma (3.12.6) lib/puma/thread_pool.rb:135:in `block in spawn_thread'
Started GET "/" for 61.46.164.51 at 2021-08-15 04:34:14 +0000
Cannot render console from 61.46.164.51! Allowed networks: 127.0.0.1, ::1, 127.0.0.0/127.255.255.255
  
ActionController::RoutingError (uninitialized constant HomesController):
  
activesupport (5.2.6) lib/active_support/inflector/methods.rb:283:in `const_get'
activesupport (5.2.6) lib/active_support/inflector/methods.rb:283:in `block in constantize'
activesupport (5.2.6) lib/active_support/inflector/methods.rb:281:in `each'
activesupport (5.2.6) lib/active_support/inflector/methods.rb:281:in `inject'
activesupport (5.2.6) lib/active_support/inflector/methods.rb:281:in `constantize'
actionpack (5.2.6) lib/action_dispatch/http/request.rb:88:in `controller_class_for'
actionpack (5.2.6) lib/action_dispatch/http/request.rb:81:in `controller_class'
actionpack (5.2.6) lib/action_dispatch/routing/route_set.rb:46:in `controller'
actionpack (5.2.6) lib/action_dispatch/routing/route_set.rb:32:in `serve'
actionpack (5.2.6) lib/action_dispatch/journey/router.rb:52:in `block in serve'
actionpack (5.2.6) lib/action_dispatch/journey/router.rb:35:in `each'
actionpack (5.2.6) lib/action_dispatch/journey/router.rb:35:in `serve'
actionpack (5.2.6) lib/action_dispatch/routing/route_set.rb:840:in `call'
warden (1.2.9) lib/warden/manager.rb:36:in `block in call'
warden (1.2.9) lib/warden/manager.rb:34:in `catch'
warden (1.2.9) lib/warden/manager.rb:34:in `call'
rack (2.2.3) lib/rack/tempfile_reaper.rb:15:in `call'
rack (2.2.3) lib/rack/etag.rb:27:in `call'
rack (2.2.3) lib/rack/conditional_get.rb:27:in `call'
rack (2.2.3) lib/rack/head.rb:12:in `call'
actionpack (5.2.6) lib/action_dispatch/http/content_security_policy.rb:18:in `call'
rack (2.2.3) lib/rack/session/abstract/id.rb:266:in `context'
rack (2.2.3) lib/rack/session/abstract/id.rb:260:in `call'
actionpack (5.2.6) lib/action_dispatch/middleware/cookies.rb:670:in `call'
activerecord (5.2.6) lib/active_record/migration.rb:559:in `call'
actionpack (5.2.6) lib/action_dispatch/middleware/callbacks.rb:28:in `block in call'
activesupport (5.2.6) lib/active_support/callbacks.rb:98:in `run_callbacks'
actionpack (5.2.6) lib/action_dispatch/middleware/callbacks.rb:26:in `call'
actionpack (5.2.6) lib/action_dispatch/middleware/executor.rb:14:in `call'
actionpack (5.2.6) lib/action_dispatch/middleware/debug_exceptions.rb:61:in `call'
web-console (3.7.0) lib/web_console/middleware.rb:135:in `call_app'
web-console (3.7.0) lib/web_console/middleware.rb:22:in `block in call'
web-console (3.7.0) lib/web_console/middleware.rb:20:in `catch'
web-console (3.7.0) lib/web_console/middleware.rb:20:in `call'
actionpack (5.2.6) lib/action_dispatch/middleware/show_exceptions.rb:33:in `call'
railties (5.2.6) lib/rails/rack/logger.rb:38:in `call_app'
railties (5.2.6) lib/rails/rack/logger.rb:26:in `block in call'
activesupport (5.2.6) lib/active_support/tagged_logging.rb:71:in `block in tagged'
activesupport (5.2.6) lib/active_support/tagged_logging.rb:28:in `tagged'
activesupport (5.2.6) lib/active_support/tagged_logging.rb:71:in `tagged'
railties (5.2.6) lib/rails/rack/logger.rb:26:in `call'
sprockets-rails (3.2.2) lib/sprockets/rails/quiet_assets.rb:13:in `call'
actionpack (5.2.6) lib/action_dispatch/middleware/remote_ip.rb:81:in `call'
actionpack (5.2.6) lib/action_dispatch/middleware/request_id.rb:27:in `call'
rack (2.2.3) lib/rack/method_override.rb:24:in `call'
rack (2.2.3) lib/rack/runtime.rb:22:in `call'
activesupport (5.2.6) lib/active_support/cache/strategy/local_cache_middleware.rb:29:in `call'
actionpack (5.2.6) lib/action_dispatch/middleware/executor.rb:14:in `call'
actionpack (5.2.6) lib/action_dispatch/middleware/static.rb:127:in `call'
rack (2.2.3) lib/rack/sendfile.rb:110:in `call'
railties (5.2.6) lib/rails/engine.rb:524:in `call'
puma (3.12.6) lib/puma/configuration.rb:227:in `call'
puma (3.12.6) lib/puma/server.rb:706:in `handle_request'
puma (3.12.6) lib/puma/server.rb:476:in `process_client'
puma (3.12.6) lib/puma/server.rb:334:in `block in run'
puma (3.12.6) lib/puma/thread_pool.rb:135:in `block in spawn_thread'
Started GET "/" for 61.46.164.51 at 2021-08-15 04:34:51 +0000
Cannot render console from 61.46.164.51! Allowed networks: 127.0.0.1, ::1, 127.0.0.0/127.255.255.255
  
ActionController::RoutingError (uninitialized constant HomesController):
  
activesupport (5.2.6) lib/active_support/inflector/methods.rb:283:in `const_get'
activesupport (5.2.6) lib/active_support/inflector/methods.rb:283:in `block in constantize'
activesupport (5.2.6) lib/active_support/inflector/methods.rb:281:in `each'
activesupport (5.2.6) lib/active_support/inflector/methods.rb:281:in `inject'
activesupport (5.2.6) lib/active_support/inflector/methods.rb:281:in `constantize'
actionpack (5.2.6) lib/action_dispatch/http/request.rb:88:in `controller_class_for'
actionpack (5.2.6) lib/action_dispatch/http/request.rb:81:in `controller_class'
actionpack (5.2.6) lib/action_dispatch/routing/route_set.rb:46:in `controller'
actionpack (5.2.6) lib/action_dispatch/routing/route_set.rb:32:in `serve'
actionpack (5.2.6) lib/action_dispatch/journey/router.rb:52:in `block in serve'
actionpack (5.2.6) lib/action_dispatch/journey/router.rb:35:in `each'
actionpack (5.2.6) lib/action_dispatch/journey/router.rb:35:in `serve'
actionpack (5.2.6) lib/action_dispatch/routing/route_set.rb:840:in `call'
warden (1.2.9) lib/warden/manager.rb:36:in `block in call'
warden (1.2.9) lib/warden/manager.rb:34:in `catch'
warden (1.2.9) lib/warden/manager.rb:34:in `call'
rack (2.2.3) lib/rack/tempfile_reaper.rb:15:in `call'
rack (2.2.3) lib/rack/etag.rb:27:in `call'
rack (2.2.3) lib/rack/conditional_get.rb:27:in `call'
rack (2.2.3) lib/rack/head.rb:12:in `call'
actionpack (5.2.6) lib/action_dispatch/http/content_security_policy.rb:18:in `call'
rack (2.2.3) lib/rack/session/abstract/id.rb:266:in `context'
rack (2.2.3) lib/rack/session/abstract/id.rb:260:in `call'
actionpack (5.2.6) lib/action_dispatch/middleware/cookies.rb:670:in `call'
activerecord (5.2.6) lib/active_record/migration.rb:559:in `call'
actionpack (5.2.6) lib/action_dispatch/middleware/callbacks.rb:28:in `block in call'
activesupport (5.2.6) lib/active_support/callbacks.rb:98:in `run_callbacks'
actionpack (5.2.6) lib/action_dispatch/middleware/callbacks.rb:26:in `call'
actionpack (5.2.6) lib/action_dispatch/middleware/executor.rb:14:in `call'
actionpack (5.2.6) lib/action_dispatch/middleware/debug_exceptions.rb:61:in `call'
web-console (3.7.0) lib/web_console/middleware.rb:135:in `call_app'
web-console (3.7.0) lib/web_console/middleware.rb:22:in `block in call'
web-console (3.7.0) lib/web_console/middleware.rb:20:in `catch'
web-console (3.7.0) lib/web_console/middleware.rb:20:in `call'
actionpack (5.2.6) lib/action_dispatch/middleware/show_exceptions.rb:33:in `call'
railties (5.2.6) lib/rails/rack/logger.rb:38:in `call_app'
railties (5.2.6) lib/rails/rack/logger.rb:26:in `block in call'
activesupport (5.2.6) lib/active_support/tagged_logging.rb:71:in `block in tagged'
activesupport (5.2.6) lib/active_support/tagged_logging.rb:28:in `tagged'
activesupport (5.2.6) lib/active_support/tagged_logging.rb:71:in `tagged'
railties (5.2.6) lib/rails/rack/logger.rb:26:in `call'
sprockets-rails (3.2.2) lib/sprockets/rails/quiet_assets.rb:13:in `call'
actionpack (5.2.6) lib/action_dispatch/middleware/remote_ip.rb:81:in `call'
actionpack (5.2.6) lib/action_dispatch/middleware/request_id.rb:27:in `call'
rack (2.2.3) lib/rack/method_override.rb:24:in `call'
rack (2.2.3) lib/rack/runtime.rb:22:in `call'
activesupport (5.2.6) lib/active_support/cache/strategy/local_cache_middleware.rb:29:in `call'
actionpack (5.2.6) lib/action_dispatch/middleware/executor.rb:14:in `call'
actionpack (5.2.6) lib/action_dispatch/middleware/static.rb:127:in `call'
rack (2.2.3) lib/rack/sendfile.rb:110:in `call'
railties (5.2.6) lib/rails/engine.rb:524:in `call'
puma (3.12.6) lib/puma/configuration.rb:227:in `call'
puma (3.12.6) lib/puma/server.rb:706:in `handle_request'
puma (3.12.6) lib/puma/server.rb:476:in `process_client'
puma (3.12.6) lib/puma/server.rb:334:in `block in run'
puma (3.12.6) lib/puma/thread_pool.rb:135:in `block in spawn_thread'
Started GET "/items" for 61.46.164.51 at 2021-08-15 04:35:57 +0000
Cannot render console from 61.46.164.51! Allowed networks: 127.0.0.1, ::1, 127.0.0.0/127.255.255.255
Processing by Public::ItemsController#index as HTML
  Rendering public/items/index.html.erb within layouts/application
  Rendered public/items/index.html.erb within layouts/application (0.8ms)
Completed 500 Internal Server Error in 6ms (ActiveRecord: 0.0ms)


  
SyntaxError (/home/ec2-user/environment/nagano-cake/app/views/public/items/index.html.erb:21: unknown regexp option - p
/home/ec2-user/environment/nagano-cake/app/views/public/items/index.html.erb:21: unmatched close parenthesis: /p>
            <p>\u00A5<%= (item.unit_price_without_tax*1.1).floor );@output_buffer.safe_append='</
/home/ec2-user/environment/nagano-cake/app/views/public/items/index.html.erb:22: syntax error, unexpected '<'
          </div>
          ^
/home/ec2-user/environment/nagano-cake/app/views/public/items/index.html.erb:24: unknown regexp options - dv
/home/ec2-user/environment/nagano-cake/app/views/public/items/index.html.erb:25: syntax error, unexpected '<'
        <div class="col-xs-6 col-xs-of...
        ^
/home/ec2-user/environment/nagano-cake/app/views/public/items/index.html.erb:27: syntax error, unexpected '<', expecting ')'
        </div>
        ^
/home/ec2-user/environment/nagano-cake/app/views/public/items/index.html.erb:28: unknown regexp options - dv
/home/ec2-user/environment/nagano-cake/app/views/public/items/index.html.erb:29: syntax error, unexpected '<'
  </div>
  ^
/home/ec2-user/environment/nagano-cake/app/views/public/items/index.html.erb:30: unknown regexp options - dv
/home/ec2-user/environment/nagano-cake/app/views/public/items/index.html.erb:34: unterminated string meets end of file
          end
              ^
/home/ec2-user/environment/nagano-cake/app/views/public/items/index.html.erb:34: syntax error, unexpected end-of-input, expecting ')'):
  
app/views/public/items/index.html.erb:21: unknown regexp option - p
app/views/public/items/index.html.erb:21: unmatched close parenthesis: /p>
app/views/public/items/index.html.erb:22: syntax error, unexpected '<'
app/views/public/items/index.html.erb:24: unknown regexp options - dv
app/views/public/items/index.html.erb:25: syntax error, unexpected '<'
app/views/public/items/index.html.erb:27: syntax error, unexpected '<', expecting ')'
app/views/public/items/index.html.erb:28: unknown regexp options - dv
app/views/public/items/index.html.erb:29: syntax error, unexpected '<'
app/views/public/items/index.html.erb:30: unknown regexp options - dv
app/views/public/items/index.html.erb:34: unterminated string meets end of file
app/views/public/items/index.html.erb:34: syntax error, unexpected end-of-input, expecting ')'
Started GET "/" for 61.46.164.51 at 2021-08-15 04:36:10 +0000
Cannot render console from 61.46.164.51! Allowed networks: 127.0.0.1, ::1, 127.0.0.0/127.255.255.255
  
ActionController::RoutingError (uninitialized constant HomesController):
  
activesupport (5.2.6) lib/active_support/inflector/methods.rb:283:in `const_get'
activesupport (5.2.6) lib/active_support/inflector/methods.rb:283:in `block in constantize'
activesupport (5.2.6) lib/active_support/inflector/methods.rb:281:in `each'
activesupport (5.2.6) lib/active_support/inflector/methods.rb:281:in `inject'
activesupport (5.2.6) lib/active_support/inflector/methods.rb:281:in `constantize'
actionpack (5.2.6) lib/action_dispatch/http/request.rb:88:in `controller_class_for'
actionpack (5.2.6) lib/action_dispatch/http/request.rb:81:in `controller_class'
actionpack (5.2.6) lib/action_dispatch/routing/route_set.rb:46:in `controller'
actionpack (5.2.6) lib/action_dispatch/routing/route_set.rb:32:in `serve'
actionpack (5.2.6) lib/action_dispatch/journey/router.rb:52:in `block in serve'
actionpack (5.2.6) lib/action_dispatch/journey/router.rb:35:in `each'
actionpack (5.2.6) lib/action_dispatch/journey/router.rb:35:in `serve'
actionpack (5.2.6) lib/action_dispatch/routing/route_set.rb:840:in `call'
warden (1.2.9) lib/warden/manager.rb:36:in `block in call'
warden (1.2.9) lib/warden/manager.rb:34:in `catch'
warden (1.2.9) lib/warden/manager.rb:34:in `call'
rack (2.2.3) lib/rack/tempfile_reaper.rb:15:in `call'
rack (2.2.3) lib/rack/etag.rb:27:in `call'
rack (2.2.3) lib/rack/conditional_get.rb:27:in `call'
rack (2.2.3) lib/rack/head.rb:12:in `call'
actionpack (5.2.6) lib/action_dispatch/http/content_security_policy.rb:18:in `call'
rack (2.2.3) lib/rack/session/abstract/id.rb:266:in `context'
rack (2.2.3) lib/rack/session/abstract/id.rb:260:in `call'
actionpack (5.2.6) lib/action_dispatch/middleware/cookies.rb:670:in `call'
activerecord (5.2.6) lib/active_record/migration.rb:559:in `call'
actionpack (5.2.6) lib/action_dispatch/middleware/callbacks.rb:28:in `block in call'
activesupport (5.2.6) lib/active_support/callbacks.rb:98:in `run_callbacks'
actionpack (5.2.6) lib/action_dispatch/middleware/callbacks.rb:26:in `call'
actionpack (5.2.6) lib/action_dispatch/middleware/executor.rb:14:in `call'
actionpack (5.2.6) lib/action_dispatch/middleware/debug_exceptions.rb:61:in `call'
web-console (3.7.0) lib/web_console/middleware.rb:135:in `call_app'
web-console (3.7.0) lib/web_console/middleware.rb:22:in `block in call'
web-console (3.7.0) lib/web_console/middleware.rb:20:in `catch'
web-console (3.7.0) lib/web_console/middleware.rb:20:in `call'
actionpack (5.2.6) lib/action_dispatch/middleware/show_exceptions.rb:33:in `call'
railties (5.2.6) lib/rails/rack/logger.rb:38:in `call_app'
railties (5.2.6) lib/rails/rack/logger.rb:26:in `block in call'
activesupport (5.2.6) lib/active_support/tagged_logging.rb:71:in `block in tagged'
activesupport (5.2.6) lib/active_support/tagged_logging.rb:28:in `tagged'
activesupport (5.2.6) lib/active_support/tagged_logging.rb:71:in `tagged'
railties (5.2.6) lib/rails/rack/logger.rb:26:in `call'
sprockets-rails (3.2.2) lib/sprockets/rails/quiet_assets.rb:13:in `call'
actionpack (5.2.6) lib/action_dispatch/middleware/remote_ip.rb:81:in `call'
actionpack (5.2.6) lib/action_dispatch/middleware/request_id.rb:27:in `call'
rack (2.2.3) lib/rack/method_override.rb:24:in `call'
rack (2.2.3) lib/rack/runtime.rb:22:in `call'
activesupport (5.2.6) lib/active_support/cache/strategy/local_cache_middleware.rb:29:in `call'
actionpack (5.2.6) lib/action_dispatch/middleware/executor.rb:14:in `call'
actionpack (5.2.6) lib/action_dispatch/middleware/static.rb:127:in `call'
rack (2.2.3) lib/rack/sendfile.rb:110:in `call'
railties (5.2.6) lib/rails/engine.rb:524:in `call'
puma (3.12.6) lib/puma/configuration.rb:227:in `call'
puma (3.12.6) lib/puma/server.rb:706:in `handle_request'
puma (3.12.6) lib/puma/server.rb:476:in `process_client'
puma (3.12.6) lib/puma/server.rb:334:in `block in run'
puma (3.12.6) lib/puma/thread_pool.rb:135:in `block in spawn_thread'
Started GET "/" for 61.46.164.51 at 2021-08-15 04:41:46 +0000
Cannot render console from 61.46.164.51! Allowed networks: 127.0.0.1, ::1, 127.0.0.0/127.255.255.255
  
ActionController::RoutingError (uninitialized constant HomesController):
  
activesupport (5.2.6) lib/active_support/inflector/methods.rb:283:in `const_get'
activesupport (5.2.6) lib/active_support/inflector/methods.rb:283:in `block in constantize'
activesupport (5.2.6) lib/active_support/inflector/methods.rb:281:in `each'
activesupport (5.2.6) lib/active_support/inflector/methods.rb:281:in `inject'
activesupport (5.2.6) lib/active_support/inflector/methods.rb:281:in `constantize'
actionpack (5.2.6) lib/action_dispatch/http/request.rb:88:in `controller_class_for'
actionpack (5.2.6) lib/action_dispatch/http/request.rb:81:in `controller_class'
actionpack (5.2.6) lib/action_dispatch/routing/route_set.rb:46:in `controller'
actionpack (5.2.6) lib/action_dispatch/routing/route_set.rb:32:in `serve'
actionpack (5.2.6) lib/action_dispatch/journey/router.rb:52:in `block in serve'
actionpack (5.2.6) lib/action_dispatch/journey/router.rb:35:in `each'
actionpack (5.2.6) lib/action_dispatch/journey/router.rb:35:in `serve'
actionpack (5.2.6) lib/action_dispatch/routing/route_set.rb:840:in `call'
warden (1.2.9) lib/warden/manager.rb:36:in `block in call'
warden (1.2.9) lib/warden/manager.rb:34:in `catch'
warden (1.2.9) lib/warden/manager.rb:34:in `call'
rack (2.2.3) lib/rack/tempfile_reaper.rb:15:in `call'
rack (2.2.3) lib/rack/etag.rb:27:in `call'
rack (2.2.3) lib/rack/conditional_get.rb:27:in `call'
rack (2.2.3) lib/rack/head.rb:12:in `call'
actionpack (5.2.6) lib/action_dispatch/http/content_security_policy.rb:18:in `call'
rack (2.2.3) lib/rack/session/abstract/id.rb:266:in `context'
rack (2.2.3) lib/rack/session/abstract/id.rb:260:in `call'
actionpack (5.2.6) lib/action_dispatch/middleware/cookies.rb:670:in `call'
activerecord (5.2.6) lib/active_record/migration.rb:559:in `call'
actionpack (5.2.6) lib/action_dispatch/middleware/callbacks.rb:28:in `block in call'
activesupport (5.2.6) lib/active_support/callbacks.rb:98:in `run_callbacks'
actionpack (5.2.6) lib/action_dispatch/middleware/callbacks.rb:26:in `call'
actionpack (5.2.6) lib/action_dispatch/middleware/executor.rb:14:in `call'
actionpack (5.2.6) lib/action_dispatch/middleware/debug_exceptions.rb:61:in `call'
web-console (3.7.0) lib/web_console/middleware.rb:135:in `call_app'
web-console (3.7.0) lib/web_console/middleware.rb:22:in `block in call'
web-console (3.7.0) lib/web_console/middleware.rb:20:in `catch'
web-console (3.7.0) lib/web_console/middleware.rb:20:in `call'
actionpack (5.2.6) lib/action_dispatch/middleware/show_exceptions.rb:33:in `call'
railties (5.2.6) lib/rails/rack/logger.rb:38:in `call_app'
railties (5.2.6) lib/rails/rack/logger.rb:26:in `block in call'
activesupport (5.2.6) lib/active_support/tagged_logging.rb:71:in `block in tagged'
activesupport (5.2.6) lib/active_support/tagged_logging.rb:28:in `tagged'
activesupport (5.2.6) lib/active_support/tagged_logging.rb:71:in `tagged'
railties (5.2.6) lib/rails/rack/logger.rb:26:in `call'
sprockets-rails (3.2.2) lib/sprockets/rails/quiet_assets.rb:13:in `call'
actionpack (5.2.6) lib/action_dispatch/middleware/remote_ip.rb:81:in `call'
actionpack (5.2.6) lib/action_dispatch/middleware/request_id.rb:27:in `call'
rack (2.2.3) lib/rack/method_override.rb:24:in `call'
rack (2.2.3) lib/rack/runtime.rb:22:in `call'
activesupport (5.2.6) lib/active_support/cache/strategy/local_cache_middleware.rb:29:in `call'
actionpack (5.2.6) lib/action_dispatch/middleware/executor.rb:14:in `call'
actionpack (5.2.6) lib/action_dispatch/middleware/static.rb:127:in `call'
rack (2.2.3) lib/rack/sendfile.rb:110:in `call'
railties (5.2.6) lib/rails/engine.rb:524:in `call'
puma (3.12.6) lib/puma/configuration.rb:227:in `call'
puma (3.12.6) lib/puma/server.rb:706:in `handle_request'
puma (3.12.6) lib/puma/server.rb:476:in `process_client'
puma (3.12.6) lib/puma/server.rb:334:in `block in run'
puma (3.12.6) lib/puma/thread_pool.rb:135:in `block in spawn_thread'
Started GET "/" for 61.46.164.51 at 2021-08-15 04:41:52 +0000
Cannot render console from 61.46.164.51! Allowed networks: 127.0.0.1, ::1, 127.0.0.0/127.255.255.255
  
ActionController::RoutingError (uninitialized constant HomesController):
  
activesupport (5.2.6) lib/active_support/inflector/methods.rb:283:in `const_get'
activesupport (5.2.6) lib/active_support/inflector/methods.rb:283:in `block in constantize'
activesupport (5.2.6) lib/active_support/inflector/methods.rb:281:in `each'
activesupport (5.2.6) lib/active_support/inflector/methods.rb:281:in `inject'
activesupport (5.2.6) lib/active_support/inflector/methods.rb:281:in `constantize'
actionpack (5.2.6) lib/action_dispatch/http/request.rb:88:in `controller_class_for'
actionpack (5.2.6) lib/action_dispatch/http/request.rb:81:in `controller_class'
actionpack (5.2.6) lib/action_dispatch/routing/route_set.rb:46:in `controller'
actionpack (5.2.6) lib/action_dispatch/routing/route_set.rb:32:in `serve'
actionpack (5.2.6) lib/action_dispatch/journey/router.rb:52:in `block in serve'
actionpack (5.2.6) lib/action_dispatch/journey/router.rb:35:in `each'
actionpack (5.2.6) lib/action_dispatch/journey/router.rb:35:in `serve'
actionpack (5.2.6) lib/action_dispatch/routing/route_set.rb:840:in `call'
warden (1.2.9) lib/warden/manager.rb:36:in `block in call'
warden (1.2.9) lib/warden/manager.rb:34:in `catch'
warden (1.2.9) lib/warden/manager.rb:34:in `call'
rack (2.2.3) lib/rack/tempfile_reaper.rb:15:in `call'
rack (2.2.3) lib/rack/etag.rb:27:in `call'
rack (2.2.3) lib/rack/conditional_get.rb:27:in `call'
rack (2.2.3) lib/rack/head.rb:12:in `call'
actionpack (5.2.6) lib/action_dispatch/http/content_security_policy.rb:18:in `call'
rack (2.2.3) lib/rack/session/abstract/id.rb:266:in `context'
rack (2.2.3) lib/rack/session/abstract/id.rb:260:in `call'
actionpack (5.2.6) lib/action_dispatch/middleware/cookies.rb:670:in `call'
activerecord (5.2.6) lib/active_record/migration.rb:559:in `call'
actionpack (5.2.6) lib/action_dispatch/middleware/callbacks.rb:28:in `block in call'
activesupport (5.2.6) lib/active_support/callbacks.rb:98:in `run_callbacks'
actionpack (5.2.6) lib/action_dispatch/middleware/callbacks.rb:26:in `call'
actionpack (5.2.6) lib/action_dispatch/middleware/executor.rb:14:in `call'
actionpack (5.2.6) lib/action_dispatch/middleware/debug_exceptions.rb:61:in `call'
web-console (3.7.0) lib/web_console/middleware.rb:135:in `call_app'
web-console (3.7.0) lib/web_console/middleware.rb:22:in `block in call'
web-console (3.7.0) lib/web_console/middleware.rb:20:in `catch'
web-console (3.7.0) lib/web_console/middleware.rb:20:in `call'
actionpack (5.2.6) lib/action_dispatch/middleware/show_exceptions.rb:33:in `call'
railties (5.2.6) lib/rails/rack/logger.rb:38:in `call_app'
railties (5.2.6) lib/rails/rack/logger.rb:26:in `block in call'
activesupport (5.2.6) lib/active_support/tagged_logging.rb:71:in `block in tagged'
activesupport (5.2.6) lib/active_support/tagged_logging.rb:28:in `tagged'
activesupport (5.2.6) lib/active_support/tagged_logging.rb:71:in `tagged'
railties (5.2.6) lib/rails/rack/logger.rb:26:in `call'
sprockets-rails (3.2.2) lib/sprockets/rails/quiet_assets.rb:13:in `call'
actionpack (5.2.6) lib/action_dispatch/middleware/remote_ip.rb:81:in `call'
actionpack (5.2.6) lib/action_dispatch/middleware/request_id.rb:27:in `call'
rack (2.2.3) lib/rack/method_override.rb:24:in `call'
rack (2.2.3) lib/rack/runtime.rb:22:in `call'
activesupport (5.2.6) lib/active_support/cache/strategy/local_cache_middleware.rb:29:in `call'
actionpack (5.2.6) lib/action_dispatch/middleware/executor.rb:14:in `call'
actionpack (5.2.6) lib/action_dispatch/middleware/static.rb:127:in `call'
rack (2.2.3) lib/rack/sendfile.rb:110:in `call'
railties (5.2.6) lib/rails/engine.rb:524:in `call'
puma (3.12.6) lib/puma/configuration.rb:227:in `call'
puma (3.12.6) lib/puma/server.rb:706:in `handle_request'
puma (3.12.6) lib/puma/server.rb:476:in `process_client'
puma (3.12.6) lib/puma/server.rb:334:in `block in run'
puma (3.12.6) lib/puma/thread_pool.rb:135:in `block in spawn_thread'
Started GET "/" for 61.46.164.51 at 2021-08-15 04:43:20 +0000
Cannot render console from 61.46.164.51! Allowed networks: 127.0.0.1, ::1, 127.0.0.0/127.255.255.255
  
ActionController::RoutingError (uninitialized constant HomesController):
  
activesupport (5.2.6) lib/active_support/inflector/methods.rb:283:in `const_get'
activesupport (5.2.6) lib/active_support/inflector/methods.rb:283:in `block in constantize'
activesupport (5.2.6) lib/active_support/inflector/methods.rb:281:in `each'
activesupport (5.2.6) lib/active_support/inflector/methods.rb:281:in `inject'
activesupport (5.2.6) lib/active_support/inflector/methods.rb:281:in `constantize'
actionpack (5.2.6) lib/action_dispatch/http/request.rb:88:in `controller_class_for'
actionpack (5.2.6) lib/action_dispatch/http/request.rb:81:in `controller_class'
actionpack (5.2.6) lib/action_dispatch/routing/route_set.rb:46:in `controller'
actionpack (5.2.6) lib/action_dispatch/routing/route_set.rb:32:in `serve'
actionpack (5.2.6) lib/action_dispatch/journey/router.rb:52:in `block in serve'
actionpack (5.2.6) lib/action_dispatch/journey/router.rb:35:in `each'
actionpack (5.2.6) lib/action_dispatch/journey/router.rb:35:in `serve'
actionpack (5.2.6) lib/action_dispatch/routing/route_set.rb:840:in `call'
warden (1.2.9) lib/warden/manager.rb:36:in `block in call'
warden (1.2.9) lib/warden/manager.rb:34:in `catch'
warden (1.2.9) lib/warden/manager.rb:34:in `call'
rack (2.2.3) lib/rack/tempfile_reaper.rb:15:in `call'
rack (2.2.3) lib/rack/etag.rb:27:in `call'
rack (2.2.3) lib/rack/conditional_get.rb:27:in `call'
rack (2.2.3) lib/rack/head.rb:12:in `call'
actionpack (5.2.6) lib/action_dispatch/http/content_security_policy.rb:18:in `call'
rack (2.2.3) lib/rack/session/abstract/id.rb:266:in `context'
rack (2.2.3) lib/rack/session/abstract/id.rb:260:in `call'
actionpack (5.2.6) lib/action_dispatch/middleware/cookies.rb:670:in `call'
activerecord (5.2.6) lib/active_record/migration.rb:559:in `call'
actionpack (5.2.6) lib/action_dispatch/middleware/callbacks.rb:28:in `block in call'
activesupport (5.2.6) lib/active_support/callbacks.rb:98:in `run_callbacks'
actionpack (5.2.6) lib/action_dispatch/middleware/callbacks.rb:26:in `call'
actionpack (5.2.6) lib/action_dispatch/middleware/executor.rb:14:in `call'
actionpack (5.2.6) lib/action_dispatch/middleware/debug_exceptions.rb:61:in `call'
web-console (3.7.0) lib/web_console/middleware.rb:135:in `call_app'
web-console (3.7.0) lib/web_console/middleware.rb:22:in `block in call'
web-console (3.7.0) lib/web_console/middleware.rb:20:in `catch'
web-console (3.7.0) lib/web_console/middleware.rb:20:in `call'
actionpack (5.2.6) lib/action_dispatch/middleware/show_exceptions.rb:33:in `call'
railties (5.2.6) lib/rails/rack/logger.rb:38:in `call_app'
railties (5.2.6) lib/rails/rack/logger.rb:26:in `block in call'
activesupport (5.2.6) lib/active_support/tagged_logging.rb:71:in `block in tagged'
activesupport (5.2.6) lib/active_support/tagged_logging.rb:28:in `tagged'
activesupport (5.2.6) lib/active_support/tagged_logging.rb:71:in `tagged'
railties (5.2.6) lib/rails/rack/logger.rb:26:in `call'
sprockets-rails (3.2.2) lib/sprockets/rails/quiet_assets.rb:13:in `call'
actionpack (5.2.6) lib/action_dispatch/middleware/remote_ip.rb:81:in `call'
actionpack (5.2.6) lib/action_dispatch/middleware/request_id.rb:27:in `call'
rack (2.2.3) lib/rack/method_override.rb:24:in `call'
rack (2.2.3) lib/rack/runtime.rb:22:in `call'
activesupport (5.2.6) lib/active_support/cache/strategy/local_cache_middleware.rb:29:in `call'
actionpack (5.2.6) lib/action_dispatch/middleware/executor.rb:14:in `call'
actionpack (5.2.6) lib/action_dispatch/middleware/static.rb:127:in `call'
rack (2.2.3) lib/rack/sendfile.rb:110:in `call'
railties (5.2.6) lib/rails/engine.rb:524:in `call'
puma (3.12.6) lib/puma/configuration.rb:227:in `call'
puma (3.12.6) lib/puma/server.rb:706:in `handle_request'
puma (3.12.6) lib/puma/server.rb:476:in `process_client'
puma (3.12.6) lib/puma/server.rb:334:in `block in run'
puma (3.12.6) lib/puma/thread_pool.rb:135:in `block in spawn_thread'
Started GET "/about" for 61.46.164.51 at 2021-08-15 04:44:01 +0000
Cannot render console from 61.46.164.51! Allowed networks: 127.0.0.1, ::1, 127.0.0.0/127.255.255.255
  
ActionController::RoutingError (uninitialized constant HomesController):
  
activesupport (5.2.6) lib/active_support/inflector/methods.rb:283:in `const_get'
activesupport (5.2.6) lib/active_support/inflector/methods.rb:283:in `block in constantize'
activesupport (5.2.6) lib/active_support/inflector/methods.rb:281:in `each'
activesupport (5.2.6) lib/active_support/inflector/methods.rb:281:in `inject'
activesupport (5.2.6) lib/active_support/inflector/methods.rb:281:in `constantize'
actionpack (5.2.6) lib/action_dispatch/http/request.rb:88:in `controller_class_for'
actionpack (5.2.6) lib/action_dispatch/http/request.rb:81:in `controller_class'
actionpack (5.2.6) lib/action_dispatch/routing/route_set.rb:46:in `controller'
actionpack (5.2.6) lib/action_dispatch/routing/route_set.rb:32:in `serve'
actionpack (5.2.6) lib/action_dispatch/journey/router.rb:52:in `block in serve'
actionpack (5.2.6) lib/action_dispatch/journey/router.rb:35:in `each'
actionpack (5.2.6) lib/action_dispatch/journey/router.rb:35:in `serve'
actionpack (5.2.6) lib/action_dispatch/routing/route_set.rb:840:in `call'
warden (1.2.9) lib/warden/manager.rb:36:in `block in call'
warden (1.2.9) lib/warden/manager.rb:34:in `catch'
warden (1.2.9) lib/warden/manager.rb:34:in `call'
rack (2.2.3) lib/rack/tempfile_reaper.rb:15:in `call'
rack (2.2.3) lib/rack/etag.rb:27:in `call'
rack (2.2.3) lib/rack/conditional_get.rb:27:in `call'
rack (2.2.3) lib/rack/head.rb:12:in `call'
actionpack (5.2.6) lib/action_dispatch/http/content_security_policy.rb:18:in `call'
rack (2.2.3) lib/rack/session/abstract/id.rb:266:in `context'
rack (2.2.3) lib/rack/session/abstract/id.rb:260:in `call'
actionpack (5.2.6) lib/action_dispatch/middleware/cookies.rb:670:in `call'
activerecord (5.2.6) lib/active_record/migration.rb:559:in `call'
actionpack (5.2.6) lib/action_dispatch/middleware/callbacks.rb:28:in `block in call'
activesupport (5.2.6) lib/active_support/callbacks.rb:98:in `run_callbacks'
actionpack (5.2.6) lib/action_dispatch/middleware/callbacks.rb:26:in `call'
actionpack (5.2.6) lib/action_dispatch/middleware/executor.rb:14:in `call'
actionpack (5.2.6) lib/action_dispatch/middleware/debug_exceptions.rb:61:in `call'
web-console (3.7.0) lib/web_console/middleware.rb:135:in `call_app'
web-console (3.7.0) lib/web_console/middleware.rb:22:in `block in call'
web-console (3.7.0) lib/web_console/middleware.rb:20:in `catch'
web-console (3.7.0) lib/web_console/middleware.rb:20:in `call'
actionpack (5.2.6) lib/action_dispatch/middleware/show_exceptions.rb:33:in `call'
railties (5.2.6) lib/rails/rack/logger.rb:38:in `call_app'
railties (5.2.6) lib/rails/rack/logger.rb:26:in `block in call'
activesupport (5.2.6) lib/active_support/tagged_logging.rb:71:in `block in tagged'
activesupport (5.2.6) lib/active_support/tagged_logging.rb:28:in `tagged'
activesupport (5.2.6) lib/active_support/tagged_logging.rb:71:in `tagged'
railties (5.2.6) lib/rails/rack/logger.rb:26:in `call'
sprockets-rails (3.2.2) lib/sprockets/rails/quiet_assets.rb:13:in `call'
actionpack (5.2.6) lib/action_dispatch/middleware/remote_ip.rb:81:in `call'
actionpack (5.2.6) lib/action_dispatch/middleware/request_id.rb:27:in `call'
rack (2.2.3) lib/rack/method_override.rb:24:in `call'
rack (2.2.3) lib/rack/runtime.rb:22:in `call'
activesupport (5.2.6) lib/active_support/cache/strategy/local_cache_middleware.rb:29:in `call'
actionpack (5.2.6) lib/action_dispatch/middleware/executor.rb:14:in `call'
actionpack (5.2.6) lib/action_dispatch/middleware/static.rb:127:in `call'
rack (2.2.3) lib/rack/sendfile.rb:110:in `call'
railties (5.2.6) lib/rails/engine.rb:524:in `call'
puma (3.12.6) lib/puma/configuration.rb:227:in `call'
puma (3.12.6) lib/puma/server.rb:706:in `handle_request'
puma (3.12.6) lib/puma/server.rb:476:in `process_client'
puma (3.12.6) lib/puma/server.rb:334:in `block in run'
puma (3.12.6) lib/puma/thread_pool.rb:135:in `block in spawn_thread'
Started GET "/about" for 61.46.164.51 at 2021-08-15 04:45:18 +0000
Cannot render console from 61.46.164.51! Allowed networks: 127.0.0.1, ::1, 127.0.0.0/127.255.255.255
  
LoadError (Unable to autoload constant Public::HomesController, expected /home/ec2-user/environment/nagano-cake/app/controllers/public/homes_controller.rb to define it):
  
activesupport (5.2.6) lib/active_support/dependencies.rb:511:in `load_missing_constant'
activesupport (5.2.6) lib/active_support/dependencies.rb:195:in `const_missing'
activesupport (5.2.6) lib/active_support/inflector/methods.rb:285:in `const_get'
activesupport (5.2.6) lib/active_support/inflector/methods.rb:285:in `block in constantize'
activesupport (5.2.6) lib/active_support/inflector/methods.rb:281:in `each'
activesupport (5.2.6) lib/active_support/inflector/methods.rb:281:in `inject'
activesupport (5.2.6) lib/active_support/inflector/methods.rb:281:in `constantize'
activesupport (5.2.6) lib/active_support/dependencies.rb:582:in `get'
activesupport (5.2.6) lib/active_support/dependencies.rb:613:in `constantize'
actionpack (5.2.6) lib/action_dispatch/http/request.rb:88:in `controller_class_for'
actionpack (5.2.6) lib/action_dispatch/http/parameters.rb:101:in `binary_params_for?'
actionpack (5.2.6) lib/action_dispatch/http/parameters.rb:92:in `set_binary_encoding'
actionpack (5.2.6) lib/action_dispatch/http/parameters.rb:69:in `path_parameters='
actionpack (5.2.6) lib/action_dispatch/journey/router.rb:50:in `block in serve'
actionpack (5.2.6) lib/action_dispatch/journey/router.rb:35:in `each'
actionpack (5.2.6) lib/action_dispatch/journey/router.rb:35:in `serve'
actionpack (5.2.6) lib/action_dispatch/routing/route_set.rb:840:in `call'
warden (1.2.9) lib/warden/manager.rb:36:in `block in call'
warden (1.2.9) lib/warden/manager.rb:34:in `catch'
warden (1.2.9) lib/warden/manager.rb:34:in `call'
rack (2.2.3) lib/rack/tempfile_reaper.rb:15:in `call'
rack (2.2.3) lib/rack/etag.rb:27:in `call'
rack (2.2.3) lib/rack/conditional_get.rb:27:in `call'
rack (2.2.3) lib/rack/head.rb:12:in `call'
actionpack (5.2.6) lib/action_dispatch/http/content_security_policy.rb:18:in `call'
rack (2.2.3) lib/rack/session/abstract/id.rb:266:in `context'
rack (2.2.3) lib/rack/session/abstract/id.rb:260:in `call'
actionpack (5.2.6) lib/action_dispatch/middleware/cookies.rb:670:in `call'
activerecord (5.2.6) lib/active_record/migration.rb:559:in `call'
actionpack (5.2.6) lib/action_dispatch/middleware/callbacks.rb:28:in `block in call'
activesupport (5.2.6) lib/active_support/callbacks.rb:98:in `run_callbacks'
actionpack (5.2.6) lib/action_dispatch/middleware/callbacks.rb:26:in `call'
actionpack (5.2.6) lib/action_dispatch/middleware/executor.rb:14:in `call'
actionpack (5.2.6) lib/action_dispatch/middleware/debug_exceptions.rb:61:in `call'
web-console (3.7.0) lib/web_console/middleware.rb:135:in `call_app'
web-console (3.7.0) lib/web_console/middleware.rb:22:in `block in call'
web-console (3.7.0) lib/web_console/middleware.rb:20:in `catch'
web-console (3.7.0) lib/web_console/middleware.rb:20:in `call'
actionpack (5.2.6) lib/action_dispatch/middleware/show_exceptions.rb:33:in `call'
railties (5.2.6) lib/rails/rack/logger.rb:38:in `call_app'
railties (5.2.6) lib/rails/rack/logger.rb:26:in `block in call'
activesupport (5.2.6) lib/active_support/tagged_logging.rb:71:in `block in tagged'
activesupport (5.2.6) lib/active_support/tagged_logging.rb:28:in `tagged'
activesupport (5.2.6) lib/active_support/tagged_logging.rb:71:in `tagged'
railties (5.2.6) lib/rails/rack/logger.rb:26:in `call'
sprockets-rails (3.2.2) lib/sprockets/rails/quiet_assets.rb:13:in `call'
actionpack (5.2.6) lib/action_dispatch/middleware/remote_ip.rb:81:in `call'
actionpack (5.2.6) lib/action_dispatch/middleware/request_id.rb:27:in `call'
rack (2.2.3) lib/rack/method_override.rb:24:in `call'
rack (2.2.3) lib/rack/runtime.rb:22:in `call'
activesupport (5.2.6) lib/active_support/cache/strategy/local_cache_middleware.rb:29:in `call'
actionpack (5.2.6) lib/action_dispatch/middleware/executor.rb:14:in `call'
actionpack (5.2.6) lib/action_dispatch/middleware/static.rb:127:in `call'
rack (2.2.3) lib/rack/sendfile.rb:110:in `call'
railties (5.2.6) lib/rails/engine.rb:524:in `call'
puma (3.12.6) lib/puma/configuration.rb:227:in `call'
puma (3.12.6) lib/puma/server.rb:706:in `handle_request'
puma (3.12.6) lib/puma/server.rb:476:in `process_client'
puma (3.12.6) lib/puma/server.rb:334:in `block in run'
puma (3.12.6) lib/puma/thread_pool.rb:135:in `block in spawn_thread'
Started GET "/" for 61.46.164.51 at 2021-08-15 04:46:35 +0000
Cannot render console from 61.46.164.51! Allowed networks: 127.0.0.1, ::1, 127.0.0.0/127.255.255.255
Processing by HomesController#top as HTML
  Rendering homes/top.html.erb within layouts/application
  [1m[36mItem Load (32.5ms)[0m  [1m[34mSELECT  "items".* FROM "items" LIMIT ? OFFSET ?[0m  [["LIMIT", 8], ["OFFSET", 4]]
  ↳ app/views/homes/top.html.erb:22
  Rendered homes/top.html.erb within layouts/application (37.0ms)
  Rendered layouts/_header.html.erb (2.0ms)
Completed 200 OK in 152ms (Views: 104.4ms | ActiveRecord: 33.5ms)


  
ActionController::RoutingError (No route matches [GET] "/assets/shop.jpg"):
  
actionpack (5.2.6) lib/action_dispatch/middleware/debug_exceptions.rb:65:in `call'
web-console (3.7.0) lib/web_console/middleware.rb:135:in `call_app'
web-console (3.7.0) lib/web_console/middleware.rb:22:in `block in call'
web-console (3.7.0) lib/web_console/middleware.rb:20:in `catch'
web-console (3.7.0) lib/web_console/middleware.rb:20:in `call'
actionpack (5.2.6) lib/action_dispatch/middleware/show_exceptions.rb:33:in `call'
railties (5.2.6) lib/rails/rack/logger.rb:38:in `call_app'
railties (5.2.6) lib/rails/rack/logger.rb:26:in `block in call'
activesupport (5.2.6) lib/active_support/tagged_logging.rb:71:in `block in tagged'
activesupport (5.2.6) lib/active_support/tagged_logging.rb:28:in `tagged'
activesupport (5.2.6) lib/active_support/tagged_logging.rb:71:in `tagged'
railties (5.2.6) lib/rails/rack/logger.rb:26:in `call'
sprockets-rails (3.2.2) lib/sprockets/rails/quiet_assets.rb:11:in `block in call'
activesupport (5.2.6) lib/active_support/logger_silence.rb:21:in `silence'
activesupport (5.2.6) lib/active_support/logger.rb:65:in `block (3 levels) in broadcast'
activesupport (5.2.6) lib/active_support/logger_silence.rb:21:in `silence'
activesupport (5.2.6) lib/active_support/logger.rb:63:in `block (2 levels) in broadcast'
sprockets-rails (3.2.2) lib/sprockets/rails/quiet_assets.rb:11:in `call'
actionpack (5.2.6) lib/action_dispatch/middleware/remote_ip.rb:81:in `call'
actionpack (5.2.6) lib/action_dispatch/middleware/request_id.rb:27:in `call'
rack (2.2.3) lib/rack/method_override.rb:24:in `call'
rack (2.2.3) lib/rack/runtime.rb:22:in `call'
activesupport (5.2.6) lib/active_support/cache/strategy/local_cache_middleware.rb:29:in `call'
actionpack (5.2.6) lib/action_dispatch/middleware/executor.rb:14:in `call'
actionpack (5.2.6) lib/action_dispatch/middleware/static.rb:127:in `call'
rack (2.2.3) lib/rack/sendfile.rb:110:in `call'
railties (5.2.6) lib/rails/engine.rb:524:in `call'
puma (3.12.6) lib/puma/configuration.rb:227:in `call'
puma (3.12.6) lib/puma/server.rb:706:in `handle_request'
puma (3.12.6) lib/puma/server.rb:476:in `process_client'
puma (3.12.6) lib/puma/server.rb:334:in `block in run'
puma (3.12.6) lib/puma/thread_pool.rb:135:in `block in spawn_thread'
Started GET "/about" for 61.46.164.51 at 2021-08-15 04:46:44 +0000
Cannot render console from 61.46.164.51! Allowed networks: 127.0.0.1, ::1, 127.0.0.0/127.255.255.255
  
LoadError (Unable to autoload constant Public::HomesController, expected /home/ec2-user/environment/nagano-cake/app/controllers/public/homes_controller.rb to define it):
  
activesupport (5.2.6) lib/active_support/dependencies.rb:511:in `load_missing_constant'
activesupport (5.2.6) lib/active_support/dependencies.rb:195:in `const_missing'
activesupport (5.2.6) lib/active_support/inflector/methods.rb:298:in `const_get'
activesupport (5.2.6) lib/active_support/inflector/methods.rb:298:in `block in constantize'
activesupport (5.2.6) lib/active_support/inflector/methods.rb:281:in `each'
activesupport (5.2.6) lib/active_support/inflector/methods.rb:281:in `inject'
activesupport (5.2.6) lib/active_support/inflector/methods.rb:281:in `constantize'
activesupport (5.2.6) lib/active_support/dependencies.rb:582:in `get'
activesupport (5.2.6) lib/active_support/dependencies.rb:613:in `constantize'
actionpack (5.2.6) lib/action_dispatch/http/request.rb:88:in `controller_class_for'
actionpack (5.2.6) lib/action_dispatch/http/parameters.rb:101:in `binary_params_for?'
actionpack (5.2.6) lib/action_dispatch/http/parameters.rb:92:in `set_binary_encoding'
actionpack (5.2.6) lib/action_dispatch/http/parameters.rb:69:in `path_parameters='
actionpack (5.2.6) lib/action_dispatch/journey/router.rb:50:in `block in serve'
actionpack (5.2.6) lib/action_dispatch/journey/router.rb:35:in `each'
actionpack (5.2.6) lib/action_dispatch/journey/router.rb:35:in `serve'
actionpack (5.2.6) lib/action_dispatch/routing/route_set.rb:840:in `call'
warden (1.2.9) lib/warden/manager.rb:36:in `block in call'
warden (1.2.9) lib/warden/manager.rb:34:in `catch'
warden (1.2.9) lib/warden/manager.rb:34:in `call'
rack (2.2.3) lib/rack/tempfile_reaper.rb:15:in `call'
rack (2.2.3) lib/rack/etag.rb:27:in `call'
rack (2.2.3) lib/rack/conditional_get.rb:27:in `call'
rack (2.2.3) lib/rack/head.rb:12:in `call'
actionpack (5.2.6) lib/action_dispatch/http/content_security_policy.rb:18:in `call'
rack (2.2.3) lib/rack/session/abstract/id.rb:266:in `context'
rack (2.2.3) lib/rack/session/abstract/id.rb:260:in `call'
actionpack (5.2.6) lib/action_dispatch/middleware/cookies.rb:670:in `call'
activerecord (5.2.6) lib/active_record/migration.rb:559:in `call'
actionpack (5.2.6) lib/action_dispatch/middleware/callbacks.rb:28:in `block in call'
activesupport (5.2.6) lib/active_support/callbacks.rb:98:in `run_callbacks'
actionpack (5.2.6) lib/action_dispatch/middleware/callbacks.rb:26:in `call'
actionpack (5.2.6) lib/action_dispatch/middleware/executor.rb:14:in `call'
actionpack (5.2.6) lib/action_dispatch/middleware/debug_exceptions.rb:61:in `call'
web-console (3.7.0) lib/web_console/middleware.rb:135:in `call_app'
web-console (3.7.0) lib/web_console/middleware.rb:22:in `block in call'
web-console (3.7.0) lib/web_console/middleware.rb:20:in `catch'
web-console (3.7.0) lib/web_console/middleware.rb:20:in `call'
actionpack (5.2.6) lib/action_dispatch/middleware/show_exceptions.rb:33:in `call'
railties (5.2.6) lib/rails/rack/logger.rb:38:in `call_app'
railties (5.2.6) lib/rails/rack/logger.rb:26:in `block in call'
activesupport (5.2.6) lib/active_support/tagged_logging.rb:71:in `block in tagged'
activesupport (5.2.6) lib/active_support/tagged_logging.rb:28:in `tagged'
activesupport (5.2.6) lib/active_support/tagged_logging.rb:71:in `tagged'
railties (5.2.6) lib/rails/rack/logger.rb:26:in `call'
sprockets-rails (3.2.2) lib/sprockets/rails/quiet_assets.rb:13:in `call'
actionpack (5.2.6) lib/action_dispatch/middleware/remote_ip.rb:81:in `call'
actionpack (5.2.6) lib/action_dispatch/middleware/request_id.rb:27:in `call'
rack (2.2.3) lib/rack/method_override.rb:24:in `call'
rack (2.2.3) lib/rack/runtime.rb:22:in `call'
activesupport (5.2.6) lib/active_support/cache/strategy/local_cache_middleware.rb:29:in `call'
actionpack (5.2.6) lib/action_dispatch/middleware/executor.rb:14:in `call'
actionpack (5.2.6) lib/action_dispatch/middleware/static.rb:127:in `call'
rack (2.2.3) lib/rack/sendfile.rb:110:in `call'
railties (5.2.6) lib/rails/engine.rb:524:in `call'
puma (3.12.6) lib/puma/configuration.rb:227:in `call'
puma (3.12.6) lib/puma/server.rb:706:in `handle_request'
puma (3.12.6) lib/puma/server.rb:476:in `process_client'
puma (3.12.6) lib/puma/server.rb:334:in `block in run'
puma (3.12.6) lib/puma/thread_pool.rb:135:in `block in spawn_thread'
  
ActionController::RoutingError (No route matches [GET] "/assets/shop.jpg"):
  
actionpack (5.2.6) lib/action_dispatch/middleware/debug_exceptions.rb:65:in `call'
web-console (3.7.0) lib/web_console/middleware.rb:135:in `call_app'
web-console (3.7.0) lib/web_console/middleware.rb:22:in `block in call'
web-console (3.7.0) lib/web_console/middleware.rb:20:in `catch'
web-console (3.7.0) lib/web_console/middleware.rb:20:in `call'
actionpack (5.2.6) lib/action_dispatch/middleware/show_exceptions.rb:33:in `call'
railties (5.2.6) lib/rails/rack/logger.rb:38:in `call_app'
railties (5.2.6) lib/rails/rack/logger.rb:26:in `block in call'
activesupport (5.2.6) lib/active_support/tagged_logging.rb:71:in `block in tagged'
activesupport (5.2.6) lib/active_support/tagged_logging.rb:28:in `tagged'
activesupport (5.2.6) lib/active_support/tagged_logging.rb:71:in `tagged'
railties (5.2.6) lib/rails/rack/logger.rb:26:in `call'
sprockets-rails (3.2.2) lib/sprockets/rails/quiet_assets.rb:11:in `block in call'
activesupport (5.2.6) lib/active_support/logger_silence.rb:21:in `silence'
activesupport (5.2.6) lib/active_support/logger.rb:65:in `block (3 levels) in broadcast'
activesupport (5.2.6) lib/active_support/logger_silence.rb:21:in `silence'
activesupport (5.2.6) lib/active_support/logger.rb:63:in `block (2 levels) in broadcast'
sprockets-rails (3.2.2) lib/sprockets/rails/quiet_assets.rb:11:in `call'
actionpack (5.2.6) lib/action_dispatch/middleware/remote_ip.rb:81:in `call'
actionpack (5.2.6) lib/action_dispatch/middleware/request_id.rb:27:in `call'
rack (2.2.3) lib/rack/method_override.rb:24:in `call'
rack (2.2.3) lib/rack/runtime.rb:22:in `call'
activesupport (5.2.6) lib/active_support/cache/strategy/local_cache_middleware.rb:29:in `call'
actionpack (5.2.6) lib/action_dispatch/middleware/executor.rb:14:in `call'
actionpack (5.2.6) lib/action_dispatch/middleware/static.rb:127:in `call'
rack (2.2.3) lib/rack/sendfile.rb:110:in `call'
railties (5.2.6) lib/rails/engine.rb:524:in `call'
puma (3.12.6) lib/puma/configuration.rb:227:in `call'
puma (3.12.6) lib/puma/server.rb:706:in `handle_request'
puma (3.12.6) lib/puma/server.rb:476:in `process_client'
puma (3.12.6) lib/puma/server.rb:334:in `block in run'
puma (3.12.6) lib/puma/thread_pool.rb:135:in `block in spawn_thread'
Started GET "/items" for 61.46.164.51 at 2021-08-15 04:46:53 +0000
Cannot render console from 61.46.164.51! Allowed networks: 127.0.0.1, ::1, 127.0.0.0/127.255.255.255
Processing by Public::ItemsController#index as HTML
  Rendering public/items/index.html.erb within layouts/application
  Rendered public/items/index.html.erb within layouts/application (0.7ms)
Completed 500 Internal Server Error in 5ms (ActiveRecord: 0.0ms)


  
SyntaxError (/home/ec2-user/environment/nagano-cake/app/views/public/items/index.html.erb:21: unknown regexp option - p
/home/ec2-user/environment/nagano-cake/app/views/public/items/index.html.erb:21: unmatched close parenthesis: /p>
            <p>\u00A5<%= (item.unit_price_without_tax*1.1).floor );@output_buffer.safe_append='</
/home/ec2-user/environment/nagano-cake/app/views/public/items/index.html.erb:22: syntax error, unexpected '<'
          </div>
          ^
/home/ec2-user/environment/nagano-cake/app/views/public/items/index.html.erb:24: unknown regexp options - dv
/home/ec2-user/environment/nagano-cake/app/views/public/items/index.html.erb:25: syntax error, unexpected '<'
        <div class="col-xs-6 col-xs-of...
        ^
/home/ec2-user/environment/nagano-cake/app/views/public/items/index.html.erb:27: syntax error, unexpected '<', expecting ')'
        </div>
        ^
/home/ec2-user/environment/nagano-cake/app/views/public/items/index.html.erb:28: unknown regexp options - dv
/home/ec2-user/environment/nagano-cake/app/views/public/items/index.html.erb:29: syntax error, unexpected '<'
  </div>
  ^
/home/ec2-user/environment/nagano-cake/app/views/public/items/index.html.erb:30: unknown regexp options - dv
/home/ec2-user/environment/nagano-cake/app/views/public/items/index.html.erb:34: unterminated string meets end of file
          end
              ^
/home/ec2-user/environment/nagano-cake/app/views/public/items/index.html.erb:34: syntax error, unexpected end-of-input, expecting ')'):
  
app/views/public/items/index.html.erb:21: unknown regexp option - p
app/views/public/items/index.html.erb:21: unmatched close parenthesis: /p>
app/views/public/items/index.html.erb:22: syntax error, unexpected '<'
app/views/public/items/index.html.erb:24: unknown regexp options - dv
app/views/public/items/index.html.erb:25: syntax error, unexpected '<'
app/views/public/items/index.html.erb:27: syntax error, unexpected '<', expecting ')'
app/views/public/items/index.html.erb:28: unknown regexp options - dv
app/views/public/items/index.html.erb:29: syntax error, unexpected '<'
app/views/public/items/index.html.erb:30: unknown regexp options - dv
app/views/public/items/index.html.erb:34: unterminated string meets end of file
app/views/public/items/index.html.erb:34: syntax error, unexpected end-of-input, expecting ')'
Started GET "/" for 61.46.164.51 at 2021-08-15 04:46:56 +0000
Cannot render console from 61.46.164.51! Allowed networks: 127.0.0.1, ::1, 127.0.0.0/127.255.255.255
Processing by HomesController#top as HTML
  Rendering homes/top.html.erb within layouts/application
  [1m[36mItem Load (0.1ms)[0m  [1m[34mSELECT  "items".* FROM "items" LIMIT ? OFFSET ?[0m  [["LIMIT", 8], ["OFFSET", 4]]
  ↳ app/views/homes/top.html.erb:22
  Rendered homes/top.html.erb within layouts/application (3.3ms)
  Rendered layouts/_header.html.erb (1.1ms)
Completed 200 OK in 105ms (Views: 103.0ms | ActiveRecord: 0.1ms)


Started GET "/" for 61.46.164.51 at 2021-08-15 04:47:45 +0000
Cannot render console from 61.46.164.51! Allowed networks: 127.0.0.1, ::1, 127.0.0.0/127.255.255.255
  
TypeError (superclass mismatch for class HomesController):
  
app/controllers/public/homes_controller.rb:1:in `<main>'
Started GET "/" for 61.46.164.51 at 2021-08-15 04:48:04 +0000
Cannot render console from 61.46.164.51! Allowed networks: 127.0.0.1, ::1, 127.0.0.0/127.255.255.255
Processing by HomesController#top as HTML
  Rendering homes/top.html.erb within layouts/application
  [1m[36mItem Load (0.1ms)[0m  [1m[34mSELECT  "items".* FROM "items" LIMIT ? OFFSET ?[0m  [["LIMIT", 8], ["OFFSET", 4]]
  ↳ app/views/homes/top.html.erb:22
  Rendered homes/top.html.erb within layouts/application (4.9ms)
  Rendered layouts/_header.html.erb (1.1ms)
Completed 200 OK in 105ms (Views: 96.0ms | ActiveRecord: 0.7ms)


  
ActionController::RoutingError (No route matches [GET] "/assets/shop.jpg"):
  
actionpack (5.2.6) lib/action_dispatch/middleware/debug_exceptions.rb:65:in `call'
web-console (3.7.0) lib/web_console/middleware.rb:135:in `call_app'
web-console (3.7.0) lib/web_console/middleware.rb:22:in `block in call'
web-console (3.7.0) lib/web_console/middleware.rb:20:in `catch'
web-console (3.7.0) lib/web_console/middleware.rb:20:in `call'
actionpack (5.2.6) lib/action_dispatch/middleware/show_exceptions.rb:33:in `call'
railties (5.2.6) lib/rails/rack/logger.rb:38:in `call_app'
railties (5.2.6) lib/rails/rack/logger.rb:26:in `block in call'
activesupport (5.2.6) lib/active_support/tagged_logging.rb:71:in `block in tagged'
activesupport (5.2.6) lib/active_support/tagged_logging.rb:28:in `tagged'
activesupport (5.2.6) lib/active_support/tagged_logging.rb:71:in `tagged'
railties (5.2.6) lib/rails/rack/logger.rb:26:in `call'
sprockets-rails (3.2.2) lib/sprockets/rails/quiet_assets.rb:11:in `block in call'
activesupport (5.2.6) lib/active_support/logger_silence.rb:21:in `silence'
activesupport (5.2.6) lib/active_support/logger.rb:65:in `block (3 levels) in broadcast'
activesupport (5.2.6) lib/active_support/logger_silence.rb:21:in `silence'
activesupport (5.2.6) lib/active_support/logger.rb:63:in `block (2 levels) in broadcast'
sprockets-rails (3.2.2) lib/sprockets/rails/quiet_assets.rb:11:in `call'
actionpack (5.2.6) lib/action_dispatch/middleware/remote_ip.rb:81:in `call'
actionpack (5.2.6) lib/action_dispatch/middleware/request_id.rb:27:in `call'
rack (2.2.3) lib/rack/method_override.rb:24:in `call'
rack (2.2.3) lib/rack/runtime.rb:22:in `call'
activesupport (5.2.6) lib/active_support/cache/strategy/local_cache_middleware.rb:29:in `call'
actionpack (5.2.6) lib/action_dispatch/middleware/executor.rb:14:in `call'
actionpack (5.2.6) lib/action_dispatch/middleware/static.rb:127:in `call'
rack (2.2.3) lib/rack/sendfile.rb:110:in `call'
railties (5.2.6) lib/rails/engine.rb:524:in `call'
puma (3.12.6) lib/puma/configuration.rb:227:in `call'
puma (3.12.6) lib/puma/server.rb:706:in `handle_request'
puma (3.12.6) lib/puma/server.rb:476:in `process_client'
puma (3.12.6) lib/puma/server.rb:334:in `block in run'
puma (3.12.6) lib/puma/thread_pool.rb:135:in `block in spawn_thread'
Started GET "/about" for 61.46.164.51 at 2021-08-15 04:48:29 +0000
Cannot render console from 61.46.164.51! Allowed networks: 127.0.0.1, ::1, 127.0.0.0/127.255.255.255
  
TypeError (superclass mismatch for class HomesController):
  
app/controllers/public/homes_controller.rb:1:in `<main>'
Started GET "/about" for 61.46.164.51 at 2021-08-15 04:49:30 +0000
Cannot render console from 61.46.164.51! Allowed networks: 127.0.0.1, ::1, 127.0.0.0/127.255.255.255
Processing by Public::HomesController#about as HTML
Completed 406 Not Acceptable in 19ms (ActiveRecord: 0.0ms)


  
ActionController::UnknownFormat (Public::HomesController#about is missing a template for this request format and variant.

request.formats: ["text/html"]
request.variant: []

NOTE! For XHR/Ajax or API requests, this action would normally respond with 204 No Content: an empty white screen. Since you're loading it in a web browser, we assume that you expected to actually render a template, not nothing, so we're showing an error to be extra-clear. If you expect 204 No Content, carry on. That's what you'll get from an XHR or API request. Give it a shot.):
  
actionpack (5.2.6) lib/action_controller/metal/implicit_render.rb:55:in `default_render'
actionpack (5.2.6) lib/action_controller/metal/basic_implicit_render.rb:6:in `block in send_action'
actionpack (5.2.6) lib/action_controller/metal/basic_implicit_render.rb:6:in `tap'
actionpack (5.2.6) lib/action_controller/metal/basic_implicit_render.rb:6:in `send_action'
actionpack (5.2.6) lib/abstract_controller/base.rb:194:in `process_action'
actionpack (5.2.6) lib/action_controller/metal/rendering.rb:30:in `process_action'
actionpack (5.2.6) lib/abstract_controller/callbacks.rb:42:in `block in process_action'
activesupport (5.2.6) lib/active_support/callbacks.rb:132:in `run_callbacks'
actionpack (5.2.6) lib/abstract_controller/callbacks.rb:41:in `process_action'
actionpack (5.2.6) lib/action_controller/metal/rescue.rb:22:in `process_action'
actionpack (5.2.6) lib/action_controller/metal/instrumentation.rb:34:in `block in process_action'
activesupport (5.2.6) lib/active_support/notifications.rb:168:in `block in instrument'
activesupport (5.2.6) lib/active_support/notifications/instrumenter.rb:23:in `instrument'
activesupport (5.2.6) lib/active_support/notifications.rb:168:in `instrument'
actionpack (5.2.6) lib/action_controller/metal/instrumentation.rb:32:in `process_action'
actionpack (5.2.6) lib/action_controller/metal/params_wrapper.rb:256:in `process_action'
activerecord (5.2.6) lib/active_record/railties/controller_runtime.rb:24:in `process_action'
actionpack (5.2.6) lib/abstract_controller/base.rb:134:in `process'
actionview (5.2.6) lib/action_view/rendering.rb:32:in `process'
actionpack (5.2.6) lib/action_controller/metal.rb:191:in `dispatch'
actionpack (5.2.6) lib/action_controller/metal.rb:252:in `dispatch'
actionpack (5.2.6) lib/action_dispatch/routing/route_set.rb:52:in `dispatch'
actionpack (5.2.6) lib/action_dispatch/routing/route_set.rb:34:in `serve'
actionpack (5.2.6) lib/action_dispatch/journey/router.rb:52:in `block in serve'
actionpack (5.2.6) lib/action_dispatch/journey/router.rb:35:in `each'
actionpack (5.2.6) lib/action_dispatch/journey/router.rb:35:in `serve'
actionpack (5.2.6) lib/action_dispatch/routing/route_set.rb:840:in `call'
warden (1.2.9) lib/warden/manager.rb:36:in `block in call'
warden (1.2.9) lib/warden/manager.rb:34:in `catch'
warden (1.2.9) lib/warden/manager.rb:34:in `call'
rack (2.2.3) lib/rack/tempfile_reaper.rb:15:in `call'
rack (2.2.3) lib/rack/etag.rb:27:in `call'
rack (2.2.3) lib/rack/conditional_get.rb:27:in `call'
rack (2.2.3) lib/rack/head.rb:12:in `call'
actionpack (5.2.6) lib/action_dispatch/http/content_security_policy.rb:18:in `call'
rack (2.2.3) lib/rack/session/abstract/id.rb:266:in `context'
rack (2.2.3) lib/rack/session/abstract/id.rb:260:in `call'
actionpack (5.2.6) lib/action_dispatch/middleware/cookies.rb:670:in `call'
activerecord (5.2.6) lib/active_record/migration.rb:559:in `call'
actionpack (5.2.6) lib/action_dispatch/middleware/callbacks.rb:28:in `block in call'
activesupport (5.2.6) lib/active_support/callbacks.rb:98:in `run_callbacks'
actionpack (5.2.6) lib/action_dispatch/middleware/callbacks.rb:26:in `call'
actionpack (5.2.6) lib/action_dispatch/middleware/executor.rb:14:in `call'
actionpack (5.2.6) lib/action_dispatch/middleware/debug_exceptions.rb:61:in `call'
web-console (3.7.0) lib/web_console/middleware.rb:135:in `call_app'
web-console (3.7.0) lib/web_console/middleware.rb:22:in `block in call'
web-console (3.7.0) lib/web_console/middleware.rb:20:in `catch'
web-console (3.7.0) lib/web_console/middleware.rb:20:in `call'
actionpack (5.2.6) lib/action_dispatch/middleware/show_exceptions.rb:33:in `call'
railties (5.2.6) lib/rails/rack/logger.rb:38:in `call_app'
railties (5.2.6) lib/rails/rack/logger.rb:26:in `block in call'
activesupport (5.2.6) lib/active_support/tagged_logging.rb:71:in `block in tagged'
activesupport (5.2.6) lib/active_support/tagged_logging.rb:28:in `tagged'
activesupport (5.2.6) lib/active_support/tagged_logging.rb:71:in `tagged'
railties (5.2.6) lib/rails/rack/logger.rb:26:in `call'
sprockets-rails (3.2.2) lib/sprockets/rails/quiet_assets.rb:13:in `call'
actionpack (5.2.6) lib/action_dispatch/middleware/remote_ip.rb:81:in `call'
actionpack (5.2.6) lib/action_dispatch/middleware/request_id.rb:27:in `call'
rack (2.2.3) lib/rack/method_override.rb:24:in `call'
rack (2.2.3) lib/rack/runtime.rb:22:in `call'
activesupport (5.2.6) lib/active_support/cache/strategy/local_cache_middleware.rb:29:in `call'
actionpack (5.2.6) lib/action_dispatch/middleware/executor.rb:14:in `call'
actionpack (5.2.6) lib/action_dispatch/middleware/static.rb:127:in `call'
rack (2.2.3) lib/rack/sendfile.rb:110:in `call'
railties (5.2.6) lib/rails/engine.rb:524:in `call'
puma (3.12.6) lib/puma/configuration.rb:227:in `call'
puma (3.12.6) lib/puma/server.rb:706:in `handle_request'
puma (3.12.6) lib/puma/server.rb:476:in `process_client'
puma (3.12.6) lib/puma/server.rb:334:in `block in run'
puma (3.12.6) lib/puma/thread_pool.rb:135:in `block in spawn_thread'
Started GET "/" for 61.46.164.51 at 2021-08-15 04:49:36 +0000
Cannot render console from 61.46.164.51! Allowed networks: 127.0.0.1, ::1, 127.0.0.0/127.255.255.255
Processing by HomesController#top as HTML
  Rendering homes/top.html.erb within layouts/application
  [1m[36mItem Load (0.2ms)[0m  [1m[34mSELECT  "items".* FROM "items" LIMIT ? OFFSET ?[0m  [["LIMIT", 8], ["OFFSET", 4]]
  ↳ app/views/homes/top.html.erb:22
  Rendered homes/top.html.erb within layouts/application (4.9ms)
  Rendered layouts/_header.html.erb (1.2ms)
Completed 200 OK in 130ms (Views: 124.7ms | ActiveRecord: 2.6ms)


  
ActionController::RoutingError (No route matches [GET] "/assets/shop.jpg"):
  
actionpack (5.2.6) lib/action_dispatch/middleware/debug_exceptions.rb:65:in `call'
web-console (3.7.0) lib/web_console/middleware.rb:135:in `call_app'
web-console (3.7.0) lib/web_console/middleware.rb:22:in `block in call'
web-console (3.7.0) lib/web_console/middleware.rb:20:in `catch'
web-console (3.7.0) lib/web_console/middleware.rb:20:in `call'
actionpack (5.2.6) lib/action_dispatch/middleware/show_exceptions.rb:33:in `call'
railties (5.2.6) lib/rails/rack/logger.rb:38:in `call_app'
railties (5.2.6) lib/rails/rack/logger.rb:26:in `block in call'
activesupport (5.2.6) lib/active_support/tagged_logging.rb:71:in `block in tagged'
activesupport (5.2.6) lib/active_support/tagged_logging.rb:28:in `tagged'
activesupport (5.2.6) lib/active_support/tagged_logging.rb:71:in `tagged'
railties (5.2.6) lib/rails/rack/logger.rb:26:in `call'
sprockets-rails (3.2.2) lib/sprockets/rails/quiet_assets.rb:11:in `block in call'
activesupport (5.2.6) lib/active_support/logger_silence.rb:21:in `silence'
activesupport (5.2.6) lib/active_support/logger.rb:65:in `block (3 levels) in broadcast'
activesupport (5.2.6) lib/active_support/logger_silence.rb:21:in `silence'
activesupport (5.2.6) lib/active_support/logger.rb:63:in `block (2 levels) in broadcast'
sprockets-rails (3.2.2) lib/sprockets/rails/quiet_assets.rb:11:in `call'
actionpack (5.2.6) lib/action_dispatch/middleware/remote_ip.rb:81:in `call'
actionpack (5.2.6) lib/action_dispatch/middleware/request_id.rb:27:in `call'
rack (2.2.3) lib/rack/method_override.rb:24:in `call'
rack (2.2.3) lib/rack/runtime.rb:22:in `call'
activesupport (5.2.6) lib/active_support/cache/strategy/local_cache_middleware.rb:29:in `call'
actionpack (5.2.6) lib/action_dispatch/middleware/executor.rb:14:in `call'
actionpack (5.2.6) lib/action_dispatch/middleware/static.rb:127:in `call'
rack (2.2.3) lib/rack/sendfile.rb:110:in `call'
railties (5.2.6) lib/rails/engine.rb:524:in `call'
puma (3.12.6) lib/puma/configuration.rb:227:in `call'
puma (3.12.6) lib/puma/server.rb:706:in `handle_request'
puma (3.12.6) lib/puma/server.rb:476:in `process_client'
puma (3.12.6) lib/puma/server.rb:334:in `block in run'
puma (3.12.6) lib/puma/thread_pool.rb:135:in `block in spawn_thread'
Started GET "/" for 61.46.164.51 at 2021-08-15 04:54:02 +0000
Cannot render console from 61.46.164.51! Allowed networks: 127.0.0.1, ::1, 127.0.0.0/127.255.255.255
Processing by HomesController#top as HTML
  Rendering homes/top.html.erb within layouts/application
  [1m[36mItem Load (0.1ms)[0m  [1m[34mSELECT  "items".* FROM "items" LIMIT ? OFFSET ?[0m  [["LIMIT", 8], ["OFFSET", 4]]
  ↳ app/views/homes/top.html.erb:22
  Rendered homes/top.html.erb within layouts/application (3.8ms)
  Rendered layouts/_header.html.erb (1.1ms)
Completed 200 OK in 156ms (Views: 148.1ms | ActiveRecord: 0.7ms)


  
ActionController::RoutingError (No route matches [GET] "/assets/shop.jpg"):
  
actionpack (5.2.6) lib/action_dispatch/middleware/debug_exceptions.rb:65:in `call'
web-console (3.7.0) lib/web_console/middleware.rb:135:in `call_app'
web-console (3.7.0) lib/web_console/middleware.rb:22:in `block in call'
web-console (3.7.0) lib/web_console/middleware.rb:20:in `catch'
web-console (3.7.0) lib/web_console/middleware.rb:20:in `call'
actionpack (5.2.6) lib/action_dispatch/middleware/show_exceptions.rb:33:in `call'
railties (5.2.6) lib/rails/rack/logger.rb:38:in `call_app'
railties (5.2.6) lib/rails/rack/logger.rb:26:in `block in call'
activesupport (5.2.6) lib/active_support/tagged_logging.rb:71:in `block in tagged'
activesupport (5.2.6) lib/active_support/tagged_logging.rb:28:in `tagged'
activesupport (5.2.6) lib/active_support/tagged_logging.rb:71:in `tagged'
railties (5.2.6) lib/rails/rack/logger.rb:26:in `call'
sprockets-rails (3.2.2) lib/sprockets/rails/quiet_assets.rb:11:in `block in call'
activesupport (5.2.6) lib/active_support/logger_silence.rb:21:in `silence'
activesupport (5.2.6) lib/active_support/logger.rb:65:in `block (3 levels) in broadcast'
activesupport (5.2.6) lib/active_support/logger_silence.rb:21:in `silence'
activesupport (5.2.6) lib/active_support/logger.rb:63:in `block (2 levels) in broadcast'
sprockets-rails (3.2.2) lib/sprockets/rails/quiet_assets.rb:11:in `call'
actionpack (5.2.6) lib/action_dispatch/middleware/remote_ip.rb:81:in `call'
actionpack (5.2.6) lib/action_dispatch/middleware/request_id.rb:27:in `call'
rack (2.2.3) lib/rack/method_override.rb:24:in `call'
rack (2.2.3) lib/rack/runtime.rb:22:in `call'
activesupport (5.2.6) lib/active_support/cache/strategy/local_cache_middleware.rb:29:in `call'
actionpack (5.2.6) lib/action_dispatch/middleware/executor.rb:14:in `call'
actionpack (5.2.6) lib/action_dispatch/middleware/static.rb:127:in `call'
rack (2.2.3) lib/rack/sendfile.rb:110:in `call'
railties (5.2.6) lib/rails/engine.rb:524:in `call'
puma (3.12.6) lib/puma/configuration.rb:227:in `call'
puma (3.12.6) lib/puma/server.rb:706:in `handle_request'
puma (3.12.6) lib/puma/server.rb:476:in `process_client'
puma (3.12.6) lib/puma/server.rb:334:in `block in run'
puma (3.12.6) lib/puma/thread_pool.rb:135:in `block in spawn_thread'
Started GET "/about" for 61.46.164.51 at 2021-08-15 04:54:08 +0000
Cannot render console from 61.46.164.51! Allowed networks: 127.0.0.1, ::1, 127.0.0.0/127.255.255.255
  
ActionController::RoutingError (uninitialized constant Public::HomesController):
  
activesupport (5.2.6) lib/active_support/inflector/methods.rb:298:in `const_get'
activesupport (5.2.6) lib/active_support/inflector/methods.rb:298:in `block in constantize'
activesupport (5.2.6) lib/active_support/inflector/methods.rb:281:in `each'
activesupport (5.2.6) lib/active_support/inflector/methods.rb:281:in `inject'
activesupport (5.2.6) lib/active_support/inflector/methods.rb:281:in `constantize'
actionpack (5.2.6) lib/action_dispatch/http/request.rb:88:in `controller_class_for'
actionpack (5.2.6) lib/action_dispatch/http/request.rb:81:in `controller_class'
actionpack (5.2.6) lib/action_dispatch/routing/route_set.rb:46:in `controller'
actionpack (5.2.6) lib/action_dispatch/routing/route_set.rb:32:in `serve'
actionpack (5.2.6) lib/action_dispatch/journey/router.rb:52:in `block in serve'
actionpack (5.2.6) lib/action_dispatch/journey/router.rb:35:in `each'
actionpack (5.2.6) lib/action_dispatch/journey/router.rb:35:in `serve'
actionpack (5.2.6) lib/action_dispatch/routing/route_set.rb:840:in `call'
warden (1.2.9) lib/warden/manager.rb:36:in `block in call'
warden (1.2.9) lib/warden/manager.rb:34:in `catch'
warden (1.2.9) lib/warden/manager.rb:34:in `call'
rack (2.2.3) lib/rack/tempfile_reaper.rb:15:in `call'
rack (2.2.3) lib/rack/etag.rb:27:in `call'
rack (2.2.3) lib/rack/conditional_get.rb:27:in `call'
rack (2.2.3) lib/rack/head.rb:12:in `call'
actionpack (5.2.6) lib/action_dispatch/http/content_security_policy.rb:18:in `call'
rack (2.2.3) lib/rack/session/abstract/id.rb:266:in `context'
rack (2.2.3) lib/rack/session/abstract/id.rb:260:in `call'
actionpack (5.2.6) lib/action_dispatch/middleware/cookies.rb:670:in `call'
activerecord (5.2.6) lib/active_record/migration.rb:559:in `call'
actionpack (5.2.6) lib/action_dispatch/middleware/callbacks.rb:28:in `block in call'
activesupport (5.2.6) lib/active_support/callbacks.rb:98:in `run_callbacks'
actionpack (5.2.6) lib/action_dispatch/middleware/callbacks.rb:26:in `call'
actionpack (5.2.6) lib/action_dispatch/middleware/executor.rb:14:in `call'
actionpack (5.2.6) lib/action_dispatch/middleware/debug_exceptions.rb:61:in `call'
web-console (3.7.0) lib/web_console/middleware.rb:135:in `call_app'
web-console (3.7.0) lib/web_console/middleware.rb:22:in `block in call'
web-console (3.7.0) lib/web_console/middleware.rb:20:in `catch'
web-console (3.7.0) lib/web_console/middleware.rb:20:in `call'
actionpack (5.2.6) lib/action_dispatch/middleware/show_exceptions.rb:33:in `call'
railties (5.2.6) lib/rails/rack/logger.rb:38:in `call_app'
railties (5.2.6) lib/rails/rack/logger.rb:26:in `block in call'
activesupport (5.2.6) lib/active_support/tagged_logging.rb:71:in `block in tagged'
activesupport (5.2.6) lib/active_support/tagged_logging.rb:28:in `tagged'
activesupport (5.2.6) lib/active_support/tagged_logging.rb:71:in `tagged'
railties (5.2.6) lib/rails/rack/logger.rb:26:in `call'
sprockets-rails (3.2.2) lib/sprockets/rails/quiet_assets.rb:13:in `call'
actionpack (5.2.6) lib/action_dispatch/middleware/remote_ip.rb:81:in `call'
actionpack (5.2.6) lib/action_dispatch/middleware/request_id.rb:27:in `call'
rack (2.2.3) lib/rack/method_override.rb:24:in `call'
rack (2.2.3) lib/rack/runtime.rb:22:in `call'
activesupport (5.2.6) lib/active_support/cache/strategy/local_cache_middleware.rb:29:in `call'
actionpack (5.2.6) lib/action_dispatch/middleware/executor.rb:14:in `call'
actionpack (5.2.6) lib/action_dispatch/middleware/static.rb:127:in `call'
rack (2.2.3) lib/rack/sendfile.rb:110:in `call'
railties (5.2.6) lib/rails/engine.rb:524:in `call'
puma (3.12.6) lib/puma/configuration.rb:227:in `call'
puma (3.12.6) lib/puma/server.rb:706:in `handle_request'
puma (3.12.6) lib/puma/server.rb:476:in `process_client'
puma (3.12.6) lib/puma/server.rb:334:in `block in run'
puma (3.12.6) lib/puma/thread_pool.rb:135:in `block in spawn_thread'
Started GET "/about" for 61.46.164.51 at 2021-08-15 04:54:36 +0000
Cannot render console from 61.46.164.51! Allowed networks: 127.0.0.1, ::1, 127.0.0.0/127.255.255.255
  
ActionController::RoutingError (No route matches [GET] "/about"):
  
actionpack (5.2.6) lib/action_dispatch/middleware/debug_exceptions.rb:65:in `call'
web-console (3.7.0) lib/web_console/middleware.rb:135:in `call_app'
web-console (3.7.0) lib/web_console/middleware.rb:22:in `block in call'
web-console (3.7.0) lib/web_console/middleware.rb:20:in `catch'
web-console (3.7.0) lib/web_console/middleware.rb:20:in `call'
actionpack (5.2.6) lib/action_dispatch/middleware/show_exceptions.rb:33:in `call'
railties (5.2.6) lib/rails/rack/logger.rb:38:in `call_app'
railties (5.2.6) lib/rails/rack/logger.rb:26:in `block in call'
activesupport (5.2.6) lib/active_support/tagged_logging.rb:71:in `block in tagged'
activesupport (5.2.6) lib/active_support/tagged_logging.rb:28:in `tagged'
activesupport (5.2.6) lib/active_support/tagged_logging.rb:71:in `tagged'
railties (5.2.6) lib/rails/rack/logger.rb:26:in `call'
sprockets-rails (3.2.2) lib/sprockets/rails/quiet_assets.rb:13:in `call'
actionpack (5.2.6) lib/action_dispatch/middleware/remote_ip.rb:81:in `call'
actionpack (5.2.6) lib/action_dispatch/middleware/request_id.rb:27:in `call'
rack (2.2.3) lib/rack/method_override.rb:24:in `call'
rack (2.2.3) lib/rack/runtime.rb:22:in `call'
activesupport (5.2.6) lib/active_support/cache/strategy/local_cache_middleware.rb:29:in `call'
actionpack (5.2.6) lib/action_dispatch/middleware/executor.rb:14:in `call'
actionpack (5.2.6) lib/action_dispatch/middleware/static.rb:127:in `call'
rack (2.2.3) lib/rack/sendfile.rb:110:in `call'
railties (5.2.6) lib/rails/engine.rb:524:in `call'
puma (3.12.6) lib/puma/configuration.rb:227:in `call'
puma (3.12.6) lib/puma/server.rb:706:in `handle_request'
puma (3.12.6) lib/puma/server.rb:476:in `process_client'
puma (3.12.6) lib/puma/server.rb:334:in `block in run'
puma (3.12.6) lib/puma/thread_pool.rb:135:in `block in spawn_thread'
Started GET "/about" for 61.46.164.51 at 2021-08-15 04:55:09 +0000
Cannot render console from 61.46.164.51! Allowed networks: 127.0.0.1, ::1, 127.0.0.0/127.255.255.255
Processing by HomesController#about as HTML
  Rendering homes/about.html.erb within layouts/application
  Rendered homes/about.html.erb within layouts/application (0.3ms)
  Rendered layouts/_header.html.erb (1.3ms)
Completed 200 OK in 125ms (Views: 119.4ms | ActiveRecord: 0.0ms)


Started GET "/" for 61.46.164.51 at 2021-08-15 04:55:14 +0000
Cannot render console from 61.46.164.51! Allowed networks: 127.0.0.1, ::1, 127.0.0.0/127.255.255.255
Processing by HomesController#top as HTML
  Rendering homes/top.html.erb within layouts/application
  [1m[36mItem Load (0.1ms)[0m  [1m[34mSELECT  "items".* FROM "items" LIMIT ? OFFSET ?[0m  [["LIMIT", 8], ["OFFSET", 4]]
  ↳ app/views/homes/top.html.erb:22
  Rendered homes/top.html.erb within layouts/application (3.9ms)
  Rendered layouts/_header.html.erb (4.1ms)
Completed 200 OK in 110ms (Views: 105.6ms | ActiveRecord: 1.3ms)


  
ActionController::RoutingError (No route matches [GET] "/assets/shop.jpg"):
  
actionpack (5.2.6) lib/action_dispatch/middleware/debug_exceptions.rb:65:in `call'
web-console (3.7.0) lib/web_console/middleware.rb:135:in `call_app'
web-console (3.7.0) lib/web_console/middleware.rb:22:in `block in call'
web-console (3.7.0) lib/web_console/middleware.rb:20:in `catch'
web-console (3.7.0) lib/web_console/middleware.rb:20:in `call'
actionpack (5.2.6) lib/action_dispatch/middleware/show_exceptions.rb:33:in `call'
railties (5.2.6) lib/rails/rack/logger.rb:38:in `call_app'
railties (5.2.6) lib/rails/rack/logger.rb:26:in `block in call'
activesupport (5.2.6) lib/active_support/tagged_logging.rb:71:in `block in tagged'
activesupport (5.2.6) lib/active_support/tagged_logging.rb:28:in `tagged'
activesupport (5.2.6) lib/active_support/tagged_logging.rb:71:in `tagged'
railties (5.2.6) lib/rails/rack/logger.rb:26:in `call'
sprockets-rails (3.2.2) lib/sprockets/rails/quiet_assets.rb:11:in `block in call'
activesupport (5.2.6) lib/active_support/logger_silence.rb:21:in `silence'
activesupport (5.2.6) lib/active_support/logger.rb:65:in `block (3 levels) in broadcast'
activesupport (5.2.6) lib/active_support/logger_silence.rb:21:in `silence'
activesupport (5.2.6) lib/active_support/logger.rb:63:in `block (2 levels) in broadcast'
sprockets-rails (3.2.2) lib/sprockets/rails/quiet_assets.rb:11:in `call'
actionpack (5.2.6) lib/action_dispatch/middleware/remote_ip.rb:81:in `call'
actionpack (5.2.6) lib/action_dispatch/middleware/request_id.rb:27:in `call'
rack (2.2.3) lib/rack/method_override.rb:24:in `call'
rack (2.2.3) lib/rack/runtime.rb:22:in `call'
activesupport (5.2.6) lib/active_support/cache/strategy/local_cache_middleware.rb:29:in `call'
actionpack (5.2.6) lib/action_dispatch/middleware/executor.rb:14:in `call'
actionpack (5.2.6) lib/action_dispatch/middleware/static.rb:127:in `call'
rack (2.2.3) lib/rack/sendfile.rb:110:in `call'
railties (5.2.6) lib/rails/engine.rb:524:in `call'
puma (3.12.6) lib/puma/configuration.rb:227:in `call'
puma (3.12.6) lib/puma/server.rb:706:in `handle_request'
puma (3.12.6) lib/puma/server.rb:476:in `process_client'
puma (3.12.6) lib/puma/server.rb:334:in `block in run'
puma (3.12.6) lib/puma/thread_pool.rb:135:in `block in spawn_thread'
Started GET "/about" for 61.46.164.51 at 2021-08-15 04:55:15 +0000
Cannot render console from 61.46.164.51! Allowed networks: 127.0.0.1, ::1, 127.0.0.0/127.255.255.255
Processing by HomesController#about as HTML
  Rendering homes/about.html.erb within layouts/application
  Rendered homes/about.html.erb within layouts/application (0.3ms)
  Rendered layouts/_header.html.erb (5.0ms)
Completed 200 OK in 183ms (Views: 182.4ms | ActiveRecord: 0.0ms)


Started GET "/" for 61.46.164.51 at 2021-08-15 04:55:17 +0000
Cannot render console from 61.46.164.51! Allowed networks: 127.0.0.1, ::1, 127.0.0.0/127.255.255.255
Processing by HomesController#top as HTML
  Rendering homes/top.html.erb within layouts/application
  [1m[36mItem Load (0.1ms)[0m  [1m[34mSELECT  "items".* FROM "items" LIMIT ? OFFSET ?[0m  [["LIMIT", 8], ["OFFSET", 4]]
  ↳ app/views/homes/top.html.erb:22
  Rendered homes/top.html.erb within layouts/application (3.0ms)
  Rendered layouts/_header.html.erb (1.1ms)
Completed 200 OK in 93ms (Views: 91.7ms | ActiveRecord: 0.1ms)


Started GET "/about" for 61.46.164.51 at 2021-08-15 04:55:20 +0000
Cannot render console from 61.46.164.51! Allowed networks: 127.0.0.1, ::1, 127.0.0.0/127.255.255.255
Processing by HomesController#about as HTML
  Rendering homes/about.html.erb within layouts/application
  Rendered homes/about.html.erb within layouts/application (0.4ms)
  Rendered layouts/_header.html.erb (1.2ms)
Completed 200 OK in 110ms (Views: 109.7ms | ActiveRecord: 0.0ms)


Started GET "/items" for 61.46.164.51 at 2021-08-15 04:56:46 +0000
Cannot render console from 61.46.164.51! Allowed networks: 127.0.0.1, ::1, 127.0.0.0/127.255.255.255
  [1m[35m (0.1ms)[0m  [1m[34mSELECT "schema_migrations"."version" FROM "schema_migrations" ORDER BY "schema_migrations"."version" ASC[0m
  ↳ /home/ec2-user/.rvm/gems/ruby-2.6.3/gems/activerecord-5.2.6/lib/active_record/log_subscriber.rb:98
Processing by Public::ItemsController#index as HTML
  Rendering public/items/index.html.erb within layouts/application
  Rendered public/items/index.html.erb within layouts/application (0.7ms)
Completed 500 Internal Server Error in 12ms (ActiveRecord: 0.0ms)


  
SyntaxError (/home/ec2-user/environment/nagano-cake/app/views/public/items/index.html.erb:21: unknown regexp option - p
/home/ec2-user/environment/nagano-cake/app/views/public/items/index.html.erb:21: unmatched close parenthesis: /p>
            <p>\u00A5<%= (item.unit_price_without_tax*1.1).floor );@output_buffer.safe_append='</
/home/ec2-user/environment/nagano-cake/app/views/public/items/index.html.erb:22: syntax error, unexpected '<'
          </div>
          ^
/home/ec2-user/environment/nagano-cake/app/views/public/items/index.html.erb:24: unknown regexp options - dv
/home/ec2-user/environment/nagano-cake/app/views/public/items/index.html.erb:25: syntax error, unexpected '<'
        <div class="col-xs-6 col-xs-of...
        ^
/home/ec2-user/environment/nagano-cake/app/views/public/items/index.html.erb:27: syntax error, unexpected '<', expecting ')'
        </div>
        ^
/home/ec2-user/environment/nagano-cake/app/views/public/items/index.html.erb:28: unknown regexp options - dv
/home/ec2-user/environment/nagano-cake/app/views/public/items/index.html.erb:29: syntax error, unexpected '<'
  </div>
  ^
/home/ec2-user/environment/nagano-cake/app/views/public/items/index.html.erb:30: unknown regexp options - dv
/home/ec2-user/environment/nagano-cake/app/views/public/items/index.html.erb:34: unterminated string meets end of file
          end
              ^
/home/ec2-user/environment/nagano-cake/app/views/public/items/index.html.erb:34: syntax error, unexpected end-of-input, expecting ')'):
  
app/views/public/items/index.html.erb:21: unknown regexp option - p
app/views/public/items/index.html.erb:21: unmatched close parenthesis: /p>
app/views/public/items/index.html.erb:22: syntax error, unexpected '<'
app/views/public/items/index.html.erb:24: unknown regexp options - dv
app/views/public/items/index.html.erb:25: syntax error, unexpected '<'
app/views/public/items/index.html.erb:27: syntax error, unexpected '<', expecting ')'
app/views/public/items/index.html.erb:28: unknown regexp options - dv
app/views/public/items/index.html.erb:29: syntax error, unexpected '<'
app/views/public/items/index.html.erb:30: unknown regexp options - dv
app/views/public/items/index.html.erb:34: unterminated string meets end of file
app/views/public/items/index.html.erb:34: syntax error, unexpected end-of-input, expecting ')'
Started GET "/items" for 61.46.164.51 at 2021-08-15 04:57:06 +0000
Cannot render console from 61.46.164.51! Allowed networks: 127.0.0.1, ::1, 127.0.0.0/127.255.255.255
Processing by Public::ItemsController#index as HTML
  Rendering public/items/index.html.erb within layouts/application
  Rendered public/items/index.html.erb within layouts/application (1.7ms)
Completed 500 Internal Server Error in 6ms (ActiveRecord: 0.0ms)


  
SyntaxError (/home/ec2-user/environment/nagano-cake/app/views/public/items/index.html.erb:22: unknown regexp options - dv
/home/ec2-user/environment/nagano-cake/app/views/public/items/index.html.erb:23: syntax error, unexpected '<'
          <% end );@output_buffer.safe_a...
          ^
/home/ec2-user/environment/nagano-cake/app/views/public/items/index.html.erb:34: syntax error, unexpected end-of-input, expecting end):
  
app/views/public/items/index.html.erb:22: unknown regexp options - dv
app/views/public/items/index.html.erb:23: syntax error, unexpected '<'
app/views/public/items/index.html.erb:34: syntax error, unexpected end-of-input, expecting end
Started GET "/items" for 61.46.164.51 at 2021-08-15 04:57:46 +0000
Cannot render console from 61.46.164.51! Allowed networks: 127.0.0.1, ::1, 127.0.0.0/127.255.255.255
Processing by Public::ItemsController#index as HTML
  Rendering public/items/index.html.erb within layouts/application
  Rendered public/sidebar/_sidebar.html.erb (2.3ms)
  Rendered public/items/index.html.erb within layouts/application (4.4ms)
Completed 500 Internal Server Error in 9ms (ActiveRecord: 0.0ms)


  
ActionView::Template::Error (undefined method `each' for nil:NilClass):
     6:         </tr>
     7:       </thead>
     8:       <tbody>
     9:         <% genres.each do |genre| %>
    10:           <tr>
    11:             <!-- each文でジャンル名を取り出し、クリックした際にroutesで設定したitemsのパスを通って、itemsコントローラのsearchアクションに繋げてる。パラメーターにはクリックしたジャンルのidを渡してる。 -->
    12:             <td class="underline"><i class="fas fa-caret-right"> <%= link_to genre.name, search_items_path(genre.id), method: :get %></i></td>
  
app/views/public/sidebar/_sidebar.html.erb:9:in `_app_views_public_sidebar__sidebar_html_erb___2752068535269212819_49111560'
app/views/public/items/index.html.erb:5:in `_app_views_public_items_index_html_erb___4338800039532943528_49064120'
Started GET "/items" for 61.46.164.51 at 2021-08-15 04:58:32 +0000
Cannot render console from 61.46.164.51! Allowed networks: 127.0.0.1, ::1, 127.0.0.0/127.255.255.255
Processing by Public::ItemsController#index as HTML
  Rendering public/items/index.html.erb within layouts/application
  [1m[36mGenre Load (0.5ms)[0m  [1m[34mSELECT "genres".* FROM "genres" WHERE "genres"."valid_invalid_status" = ?[0m  [["valid_invalid_status", 0]]
  ↳ app/views/public/sidebar/_sidebar.html.erb:9
  Rendered public/sidebar/_sidebar.html.erb (4.1ms)
  Rendered public/items/index.html.erb within layouts/application (7.1ms)
Completed 500 Internal Server Error in 15ms (ActiveRecord: 0.8ms)


  
ActionView::Template::Error (SQLite3::SQLException: no such column: genres.valid_invalid_status: SELECT "genres".* FROM "genres" WHERE "genres"."valid_invalid_status" = ?):
     6:         </tr>
     7:       </thead>
     8:       <tbody>
     9:         <% genres.each do |genre| %>
    10:           <tr>
    11:             <!-- each文でジャンル名を取り出し、クリックした際にroutesで設定したitemsのパスを通って、itemsコントローラのsearchアクションに繋げてる。パラメーターにはクリックしたジャンルのidを渡してる。 -->
    12:             <td class="underline"><i class="fas fa-caret-right"> <%= link_to genre.name, search_items_path(genre.id), method: :get %></i></td>
  
app/views/public/sidebar/_sidebar.html.erb:9:in `_app_views_public_sidebar__sidebar_html_erb___2752068535269212819_47367580'
app/views/public/items/index.html.erb:5:in `_app_views_public_items_index_html_erb___4338800039532943528_47168480'
Started GET "/items" for 61.46.164.51 at 2021-08-15 04:58:38 +0000
Cannot render console from 61.46.164.51! Allowed networks: 127.0.0.1, ::1, 127.0.0.0/127.255.255.255
Processing by Public::ItemsController#index as HTML
  Rendering public/items/index.html.erb within layouts/application
  [1m[36mGenre Load (0.6ms)[0m  [1m[34mSELECT "genres".* FROM "genres" WHERE "genres"."valid_invalid_status" = ?[0m  [["valid_invalid_status", 0]]
  ↳ app/views/public/sidebar/_sidebar.html.erb:9
  Rendered public/sidebar/_sidebar.html.erb (4.3ms)
  Rendered public/items/index.html.erb within layouts/application (6.2ms)
Completed 500 Internal Server Error in 10ms (ActiveRecord: 0.6ms)


  
ActionView::Template::Error (SQLite3::SQLException: no such column: genres.valid_invalid_status: SELECT "genres".* FROM "genres" WHERE "genres"."valid_invalid_status" = ?):
     6:         </tr>
     7:       </thead>
     8:       <tbody>
     9:         <% genres.each do |genre| %>
    10:           <tr>
    11:             <!-- each文でジャンル名を取り出し、クリックした際にroutesで設定したitemsのパスを通って、itemsコントローラのsearchアクションに繋げてる。パラメーターにはクリックしたジャンルのidを渡してる。 -->
    12:             <td class="underline"><i class="fas fa-caret-right"> <%= link_to genre.name, search_items_path(genre.id), method: :get %></i></td>
  
app/views/public/sidebar/_sidebar.html.erb:9:in `_app_views_public_sidebar__sidebar_html_erb___2752068535269212819_47030200'
app/views/public/items/index.html.erb:5:in `_app_views_public_items_index_html_erb___4338800039532943528_46931880'
Started GET "/items" for 61.46.164.51 at 2021-08-15 05:01:47 +0000
Cannot render console from 61.46.164.51! Allowed networks: 127.0.0.1, ::1, 127.0.0.0/127.255.255.255
  [1m[35m (0.1ms)[0m  [1m[34mSELECT "schema_migrations"."version" FROM "schema_migrations" ORDER BY "schema_migrations"."version" ASC[0m
  ↳ /home/ec2-user/.rvm/gems/ruby-2.6.3/gems/activerecord-5.2.6/lib/active_record/log_subscriber.rb:98
Processing by Public::ItemsController#index as HTML
  Rendering public/items/index.html.erb within layouts/application
  [1m[36mGenre Load (0.6ms)[0m  [1m[34mSELECT "genres".* FROM "genres" WHERE "genres"."valid_invalid_status" = ?[0m  [["valid_invalid_status", 0]]
  ↳ app/views/public/sidebar/_sidebar.html.erb:9
  Rendered public/sidebar/_sidebar.html.erb (7.6ms)
  Rendered public/items/index.html.erb within layouts/application (10.2ms)
Completed 500 Internal Server Error in 25ms (ActiveRecord: 0.9ms)


  
ActionView::Template::Error (SQLite3::SQLException: no such column: genres.valid_invalid_status: SELECT "genres".* FROM "genres" WHERE "genres"."valid_invalid_status" = ?):
     6:         </tr>
     7:       </thead>
     8:       <tbody>
     9:         <% genres.each do |genre| %>
    10:           <tr>
    11:             <!-- each文でジャンル名を取り出し、クリックした際にroutesで設定したitemsのパスを通って、itemsコントローラのsearchアクションに繋げてる。パラメーターにはクリックしたジャンルのidを渡してる。 -->
    12:             <td class="underline"><i class="fas fa-caret-right"> <%= link_to genre.name, search_items_path(genre.id), method: :get %></i></td>
  
app/views/public/sidebar/_sidebar.html.erb:9:in `_app_views_public_sidebar__sidebar_html_erb__3727109936744307624_50362580'
app/views/public/items/index.html.erb:5:in `_app_views_public_items_index_html_erb___3201760512634465162_50242900'
Started GET "/items" for 61.46.164.51 at 2021-08-15 05:02:45 +0000
Cannot render console from 61.46.164.51! Allowed networks: 127.0.0.1, ::1, 127.0.0.0/127.255.255.255
Processing by Public::ItemsController#index as HTML
  Rendering public/items/index.html.erb within layouts/application
  Rendered public/items/index.html.erb within layouts/application (1.7ms)
Completed 500 Internal Server Error in 17ms (ActiveRecord: 0.0ms)


  
ActionView::Template::Error (undefined method `each' for nil:NilClass):
    11:       <div class="col-xs-9">
    12:         <h2><i class="fas-cookie-bite"></i>商品一覧<span style="font-size:20px;">(全<%= @quantity %>件</span></h2><br>
    13:         <div class="row">
    14:           <% @items.each do |item| %>
    15:           <div class="box" style="float:left; margin-right:20px;">
    16:             <!--画像をクリックしたら商品詳細画面へ遷移-->
    17:             <%= link_to item_path(item.id) do %>
  
app/views/public/items/index.html.erb:14:in `_app_views_public_items_index_html_erb___3201760512634465162_69879721997920'
Started GET "/items" for 61.46.164.51 at 2021-08-15 05:02:53 +0000
Cannot render console from 61.46.164.51! Allowed networks: 127.0.0.1, ::1, 127.0.0.0/127.255.255.255
Processing by Public::ItemsController#index as HTML
  Rendering public/items/index.html.erb within layouts/application
  Rendered public/items/index.html.erb within layouts/application (2.0ms)
Completed 500 Internal Server Error in 7ms (ActiveRecord: 0.0ms)


  
ActionView::Template::Error (undefined method `each' for nil:NilClass):
    11:       <div class="col-xs-9">
    12:         <h2><i class="fas-cookie-bite"></i>商品一覧<span style="font-size:20px;">(全<%= @quantity %>件</span></h2><br>
    13:         <div class="row">
    14:           <% @items.each do |item| %>
    15:           <div class="box" style="float:left; margin-right:20px;">
    16:             <!--画像をクリックしたら商品詳細画面へ遷移-->
    17:             <%= link_to item_path(item.id) do %>
  
app/views/public/items/index.html.erb:14:in `_app_views_public_items_index_html_erb___3201760512634465162_69879691797260'
Started GET "/items" for 61.46.164.51 at 2021-08-15 05:03:34 +0000
Cannot render console from 61.46.164.51! Allowed networks: 127.0.0.1, ::1, 127.0.0.0/127.255.255.255
Processing by Public::ItemsController#index as HTML
  [1m[35m (0.1ms)[0m  [1m[34mSELECT COUNT(*) FROM "items"[0m
  ↳ app/controllers/public/items_controller.rb:4
  Rendering public/items/index.html.erb within layouts/application
  [1m[36mItem Load (0.5ms)[0m  [1m[34mSELECT  "items".* FROM "items" WHERE "items"."sale_status" = ? LIMIT ? OFFSET ?[0m  [["sale_status", 0], ["LIMIT", 8], ["OFFSET", 0]]
  ↳ app/views/public/items/index.html.erb:14
  Rendered public/items/index.html.erb within layouts/application (4.1ms)
Completed 500 Internal Server Error in 20ms (ActiveRecord: 1.1ms)


  
ActionView::Template::Error (SQLite3::SQLException: no such column: items.sale_status: SELECT  "items".* FROM "items" WHERE "items"."sale_status" = ? LIMIT ? OFFSET ?):
    11:       <div class="col-xs-9">
    12:         <h2><i class="fas-cookie-bite"></i>商品一覧<span style="font-size:20px;">(全<%= @quantity %>件</span></h2><br>
    13:         <div class="row">
    14:           <% @items.each do |item| %>
    15:           <div class="box" style="float:left; margin-right:20px;">
    16:             <!--画像をクリックしたら商品詳細画面へ遷移-->
    17:             <%= link_to item_path(item.id) do %>
  
app/views/public/items/index.html.erb:14:in `_app_views_public_items_index_html_erb___3201760512634465162_48253060'
Started GET "/items" for 61.46.164.51 at 2021-08-15 05:14:20 +0000
Cannot render console from 61.46.164.51! Allowed networks: 127.0.0.1, ::1, 127.0.0.0/127.255.255.255
  [1m[35m (0.1ms)[0m  [1m[34mSELECT "schema_migrations"."version" FROM "schema_migrations" ORDER BY "schema_migrations"."version" ASC[0m
  ↳ /home/ec2-user/.rvm/gems/ruby-2.6.3/gems/activerecord-5.2.6/lib/active_record/log_subscriber.rb:98
Processing by Public::ItemsController#index as HTML
  [1m[35m (0.1ms)[0m  [1m[34mSELECT COUNT(*) FROM "items"[0m
  ↳ app/controllers/public/items_controller.rb:4
  Rendering public/items/index.html.erb within layouts/application
  [1m[36mItem Load (0.5ms)[0m  [1m[34mSELECT  "items".* FROM "items" WHERE "items"."sale_status" = ? LIMIT ? OFFSET ?[0m  [["sale_status", 0], ["LIMIT", 8], ["OFFSET", 0]]
  ↳ app/views/public/items/index.html.erb:14
  Rendered public/items/index.html.erb within layouts/application (5.1ms)
Completed 500 Internal Server Error in 24ms (ActiveRecord: 1.1ms)


  
ActionView::Template::Error (SQLite3::SQLException: no such column: items.sale_status: SELECT  "items".* FROM "items" WHERE "items"."sale_status" = ? LIMIT ? OFFSET ?):
    11:       <div class="col-xs-9">
    12:         <h2><i class="fas-cookie-bite"></i>商品一覧<span style="font-size:20px;">(全<%= @quantity %>件</span></h2><br>
    13:         <div class="row">
    14:           <% @items.each do |item| %>
    15:           <div class="box" style="float:left; margin-right:20px;">
    16:             <!--画像をクリックしたら商品詳細画面へ遷移-->
    17:             <%= link_to item_path(item.id) do %>
  
app/views/public/items/index.html.erb:14:in `_app_views_public_items_index_html_erb___4218511144049477641_43730020'
Started GET "/items" for 61.46.164.51 at 2021-08-15 05:15:43 +0000
Cannot render console from 61.46.164.51! Allowed networks: 127.0.0.1, ::1, 127.0.0.0/127.255.255.255
Processing by Public::ItemsController#index as HTML
  [1m[35m (0.1ms)[0m  [1m[34mSELECT COUNT(*) FROM "items"[0m
  ↳ app/controllers/public/items_controller.rb:4
  Rendering public/items/index.html.erb within layouts/application
  Rendered public/items/index.html.erb within layouts/application (0.7ms)
Completed 500 Internal Server Error in 9ms (ActiveRecord: 0.1ms)


  
SyntaxError (/home/ec2-user/environment/nagano-cake/app/views/public/items/index.html.erb:32: syntax error, unexpected ensure, expecting end-of-input
          ensure
          ^~~~~~):
  
app/views/public/items/index.html.erb:32: syntax error, unexpected ensure, expecting end-of-input
Started GET "/items" for 61.46.164.51 at 2021-08-15 05:17:59 +0000
Cannot render console from 61.46.164.51! Allowed networks: 127.0.0.1, ::1, 127.0.0.0/127.255.255.255
Processing by Public::ItemsController#index as HTML
  [1m[35m (0.1ms)[0m  [1m[34mSELECT COUNT(*) FROM "items"[0m
  ↳ app/controllers/public/items_controller.rb:4
  Rendering public/items/index.html.erb within layouts/application
  [1m[36mItem Load (0.7ms)[0m  [1m[34mSELECT  "items".* FROM "items" WHERE "items"."sale_status" = ? LIMIT ? OFFSET ?[0m  [["sale_status", 0], ["LIMIT", 8], ["OFFSET", 0]]
  ↳ app/views/public/items/index.html.erb:14
  Rendered public/items/index.html.erb within layouts/application (3.1ms)
Completed 500 Internal Server Error in 13ms (ActiveRecord: 0.8ms)


  
ActionView::Template::Error (SQLite3::SQLException: no such column: items.sale_status: SELECT  "items".* FROM "items" WHERE "items"."sale_status" = ? LIMIT ? OFFSET ?):
    11:       <div class="col-xs-9">
    12:         <h2><i class="fas-cookie-bite"></i>商品一覧<span style="font-size:20px;">(全<%= @quantity %>件</span></h2><br>
    13:         <div class="row">
    14:           <% @items.each do |item| %>
    15:           <div class="box" style="float:left; margin-right:20px;">
    16:             <!--画像をクリックしたら商品詳細画面へ遷移-->
    17:             <%= link_to item_path(item.id) do %>
  
app/views/public/items/index.html.erb:14:in `_app_views_public_items_index_html_erb___4218511144049477641_48363460'
Started GET "/items" for 61.46.164.51 at 2021-08-15 05:18:39 +0000
Cannot render console from 61.46.164.51! Allowed networks: 127.0.0.1, ::1, 127.0.0.0/127.255.255.255
Processing by Public::ItemsController#index as HTML
  [1m[35m (0.1ms)[0m  [1m[34mSELECT COUNT(*) FROM "items"[0m
  ↳ app/controllers/public/items_controller.rb:4
  Rendering public/items/index.html.erb within layouts/application
  [1m[35m (0.5ms)[0m  [1m[34mSELECT COUNT(*) FROM "items" WHERE "items"."sale_status" = ?[0m  [["sale_status", 0]]
  ↳ app/views/public/items/index.html.erb:17
  Rendered public/items/index.html.erb within layouts/application (4.7ms)
Completed 500 Internal Server Error in 11ms (ActiveRecord: 0.7ms)


  
ActionView::Template::Error (SQLite3::SQLException: no such column: items.sale_status: SELECT COUNT(*) FROM "items" WHERE "items"."sale_status" = ?):
    14:           
    15:         </div>
    16:         <div class="col-xs-6 col-xs-offset-4">
    17:           <%= paginate @items %>
    18:         </div>
    19:       </div>
    20:   </div>
  
app/views/public/items/index.html.erb:17:in `_app_views_public_items_index_html_erb___4218511144049477641_39740920'
Started GET "/items" for 61.46.164.51 at 2021-08-15 05:19:08 +0000
Cannot render console from 61.46.164.51! Allowed networks: 127.0.0.1, ::1, 127.0.0.0/127.255.255.255
Processing by Public::ItemsController#index as HTML
  [1m[35m (0.1ms)[0m  [1m[34mSELECT COUNT(*) FROM "items"[0m
  ↳ app/controllers/public/items_controller.rb:4
  Rendering public/items/index.html.erb within layouts/application
  Rendered public/items/index.html.erb within layouts/application (0.4ms)
  Rendered layouts/_header.html.erb (3.3ms)
Completed 200 OK in 614ms (Views: 610.8ms | ActiveRecord: 0.1ms)


Started GET "/items" for 61.46.164.51 at 2021-08-15 05:19:37 +0000
Cannot render console from 61.46.164.51! Allowed networks: 127.0.0.1, ::1, 127.0.0.0/127.255.255.255
Processing by Public::ItemsController#index as HTML
  [1m[35m (0.2ms)[0m  [1m[34mSELECT COUNT(*) FROM "items"[0m
  ↳ app/controllers/public/items_controller.rb:4
  Rendering public/items/index.html.erb within layouts/application
  Rendered public/items/index.html.erb within layouts/application (0.4ms)
  Rendered layouts/_header.html.erb (1.8ms)
Completed 200 OK in 112ms (Views: 107.7ms | ActiveRecord: 0.2ms)


